#
# There is insufficient memory for the Java Runtime Environment to continue.
# Native memory allocation (malloc) failed to allocate 1048576 bytes for AllocateHeap
# Possible reasons:
#   The system is out of physical RAM or swap space
#   The process is running with CompressedOops enabled, and the Java Heap may be blocking the growth of the native heap
# Possible solutions:
#   Reduce memory load on the system
#   Increase physical memory or swap space
#   Check if swap backing store is full
#   Decrease Java heap size (-Xmx/-Xms)
#   Decrease number of Java threads
#   Decrease Java thread stack sizes (-Xss)
#   Set larger code cache with -XX:ReservedCodeCacheSize=
#   JVM is running with Unscaled Compressed Oops mode in which the Java heap is
#     placed in the first 4GB address space. The Java Heap base address is the
#     maximum limit for the native heap growth. Please use -XX:HeapBaseMinAddress
#     to set the Java Heap base and to place the Java Heap above 4GB virtual address.
# This output file may be truncated or incomplete.
#
#  Out of Memory Error (./src/hotspot/share/memory/allocation.cpp:46), pid=4316, tid=4956
#
# JRE version: OpenJDK Runtime Environment (11.0.10) (build 11.0.10+0-b96-7249189)
# Java VM: OpenJDK 64-Bit Server VM (11.0.10+0-b96-7249189, mixed mode, tiered, compressed oops, g1 gc, windows-amd64)
# No core dump will be written. Minidumps are not enabled by default on client versions of Windows
#

---------------  S U M M A R Y ------------

Command Line: --add-opens=java.base/java.util=ALL-UNNAMED --add-opens=java.base/java.lang=ALL-UNNAMED --add-opens=java.base/java.lang.invoke=ALL-UNNAMED --add-opens=java.base/java.util=ALL-UNNAMED --add-opens=java.prefs/java.util.prefs=ALL-UNNAMED --add-opens=java.prefs/java.util.prefs=ALL-UNNAMED --add-opens=java.base/java.nio.charset=ALL-UNNAMED --add-opens=java.base/java.net=ALL-UNNAMED --add-opens=java.base/java.util.concurrent.atomic=ALL-UNNAMED -Xmx2048m -Dfile.encoding=UTF-8 -Duser.country=US -Duser.language=en -Duser.variant org.gradle.launcher.daemon.bootstrap.GradleDaemon 7.0.2

Host: Intel(R) Core(TM) i5-6200U CPU @ 2.30GHz, 4 cores, 11G,  Windows 10 , 64 bit Build 19041 (10.0.19041.1348)
Time: Thu Dec 16 20:37:42 2021 Jordan Standard Time elapsed time: 15.602048 seconds (0d 0h 0m 15s)

---------------  T H R E A D  ---------------

Current thread (0x0000028060e21000):  VMThread "VM Thread" [stack: 0x0000009d29900000,0x0000009d29a00000] [id=4956]

Stack: [0x0000009d29900000,0x0000009d29a00000]
[error occurred during error reporting (printing stack bounds), id 0xc0000005, EXCEPTION_ACCESS_VIOLATION (0xc0000005) at pc=0x000002804ad10f2d]

Native frames: (J=compiled Java code, j=interpreted, Vv=VM code, C=native code)
V  [jvm.dll+0x5ecfaa]
V  [jvm.dll+0x722bd5]
V  [jvm.dll+0x72412d]
V  [jvm.dll+0x724745]
V  [jvm.dll+0x7246fb]
V  [jvm.dll+0x5ec348]
V  [jvm.dll+0x5ecad8]
C  [ntdll.dll+0xa20cf]
C  [ntdll.dll+0x51454]
C  [ntdll.dll+0xa0bfe]
C  0x000002804ad10f2d

VM_Operation (0x0000009d2adf60e0): CollectForMetadataAllocation, mode: safepoint, requested by thread 0x0000028061cb1000


---------------  P R O C E S S  ---------------

Threads class SMR info:
_java_thread_list=0x000002806298d7a0, length=28, elements={
0x0000028047218800, 0x0000028061641800, 0x0000028061642800, 0x0000028061696800,
0x000002806169a000, 0x000002806169c000, 0x000002806169f000, 0x00000280616a0000,
0x00000280616ab800, 0x0000028061812800, 0x0000028062d2b000, 0x000002806185b000,
0x000002806185c000, 0x000002806185d000, 0x000002806185d800, 0x0000028061caa800,
0x0000028061cb1000, 0x0000028061cae800, 0x0000028061cac000, 0x0000028061cb0000,
0x0000028061cac800, 0x0000028061cab000, 0x0000028061caf000, 0x0000028061cb1800,
0x0000028061cb3800, 0x0000028061cb2800, 0x0000028061cad800, 0x0000028061cb5000
}

Java Threads: ( => current thread )
  0x0000028047218800 JavaThread "main" [_thread_blocked, id=10440, stack(0x0000009d29300000,0x0000009d29400000)]
  0x0000028061641800 JavaThread "Reference Handler" daemon [_thread_blocked, id=9676, stack(0x0000009d29a00000,0x0000009d29b00000)]
  0x0000028061642800 JavaThread "Finalizer" daemon [_thread_blocked, id=14260, stack(0x0000009d29b00000,0x0000009d29c00000)]
  0x0000028061696800 JavaThread "Signal Dispatcher" daemon [_thread_blocked, id=8964, stack(0x0000009d29c00000,0x0000009d29d00000)]
  0x000002806169a000 JavaThread "Attach Listener" daemon [_thread_blocked, id=4624, stack(0x0000009d29d00000,0x0000009d29e00000)]
  0x000002806169c000 JavaThread "Service Thread" daemon [_thread_blocked, id=10280, stack(0x0000009d29e00000,0x0000009d29f00000)]
  0x000002806169f000 JavaThread "C2 CompilerThread0" daemon [_thread_blocked, id=9100, stack(0x0000009d29f00000,0x0000009d2a000000)]
  0x00000280616a0000 JavaThread "C1 CompilerThread0" daemon [_thread_blocked, id=9104, stack(0x0000009d2a000000,0x0000009d2a100000)]
  0x00000280616ab800 JavaThread "Sweeper thread" daemon [_thread_blocked, id=8280, stack(0x0000009d2a100000,0x0000009d2a200000)]
  0x0000028061812800 JavaThread "Common-Cleaner" daemon [_thread_blocked, id=10848, stack(0x0000009d2a200000,0x0000009d2a300000)]
  0x0000028062d2b000 JavaThread "Daemon health stats" [_thread_blocked, id=13520, stack(0x0000009d2a400000,0x0000009d2a500000)]
  0x000002806185b000 JavaThread "Incoming local TCP Connector on port 60165" [_thread_in_native, id=8564, stack(0x0000009d2a800000,0x0000009d2a900000)]
  0x000002806185c000 JavaThread "Daemon periodic checks" [_thread_blocked, id=8852, stack(0x0000009d2a900000,0x0000009d2aa00000)]
  0x000002806185d000 JavaThread "Daemon" [_thread_blocked, id=504, stack(0x0000009d2aa00000,0x0000009d2ab00000)]
  0x000002806185d800 JavaThread "Handler for socket connection from /127.0.0.1:60165 to /127.0.0.1:60166" [_thread_in_native, id=6852, stack(0x0000009d2ab00000,0x0000009d2ac00000)]
  0x0000028061caa800 JavaThread "Cancel handler" [_thread_blocked, id=10484, stack(0x0000009d2ac00000,0x0000009d2ad00000)]
  0x0000028061cb1000 JavaThread "Daemon worker" [_thread_blocked, id=13912, stack(0x0000009d2ad00000,0x0000009d2ae00000)]
  0x0000028061cae800 JavaThread "Asynchronous log dispatcher for DefaultDaemonConnection: socket connection from /127.0.0.1:60165 to /127.0.0.1:60166" [_thread_blocked, id=8672, stack(0x0000009d2ae00000,0x0000009d2af00000)]
  0x0000028061cac000 JavaThread "Stdin handler" [_thread_blocked, id=10036, stack(0x0000009d2af00000,0x0000009d2b000000)]
  0x0000028061cb0000 JavaThread "Daemon client event forwarder" [_thread_blocked, id=13384, stack(0x0000009d2b000000,0x0000009d2b100000)]
  0x0000028061cac800 JavaThread "Cache worker for file hash cache (C:\Users\OMAR\.gradle\caches\7.0.2\fileHashes)" [_thread_blocked, id=12684, stack(0x0000009d2b100000,0x0000009d2b200000)]
  0x0000028061cab000 JavaThread "File lock request listener" [_thread_in_native, id=5112, stack(0x0000009d2b200000,0x0000009d2b300000)]
  0x0000028061caf000 JavaThread "Cache worker for journal cache (C:\Users\OMAR\.gradle\caches\journal-1)" [_thread_blocked, id=6660, stack(0x0000009d2b300000,0x0000009d2b400000)]
  0x0000028061cb1800 JavaThread "Cache worker for file hash cache (C:\Users\OMAR\AndroidStudioProjects\Ministry_of_Health\Ministry_of_Health\.gradle\7.0.2\fileHashes)" [_thread_blocked, id=4948, stack(0x0000009d2b400000,0x0000009d2b500000)]
  0x0000028061cb3800 JavaThread "File watcher server" daemon [_thread_in_native, id=12856, stack(0x0000009d2b500000,0x0000009d2b600000)]
  0x0000028061cb2800 JavaThread "File watcher consumer" daemon [_thread_blocked, id=10224, stack(0x0000009d2b600000,0x0000009d2b700000)]
  0x0000028061cad800 JavaThread "Cache worker for checksums cache (C:\Users\OMAR\AndroidStudioProjects\Ministry_of_Health\Ministry_of_Health\.gradle\checksums)" [_thread_blocked, id=10208, stack(0x0000009d2b700000,0x0000009d2b800000)]
  0x0000028061cb5000 JavaThread "Cache worker for cache directory md-supplier (C:\Users\OMAR\.gradle\caches\7.0.2\md-supplier)" [_thread_blocked, id=712, stack(0x0000009d2b800000,0x0000009d2b900000)]

Other Threads:
=>0x0000028060e21000 VMThread "VM Thread" [stack: 0x0000009d29900000,0x0000009d29a00000] [id=4956]
  0x0000028061837800 WatcherThread [stack: 0x0000009d2a300000,0x0000009d2a400000] [id=6268]
  0x0000028047232000 GCTaskThread "GC Thread#0" [stack: 0x0000009d29400000,0x0000009d29500000] [id=12440]
  0x0000028061c79800 GCTaskThread "GC Thread#1" [stack: 0x0000009d2a500000,0x0000009d2a600000] [id=10340]
  0x0000028061bae000 GCTaskThread "GC Thread#2" [stack: 0x0000009d2a600000,0x0000009d2a700000] [id=7828]
  0x0000028061d2f000 GCTaskThread "GC Thread#3" [stack: 0x0000009d2a700000,0x0000009d2a800000] [id=3048]
  0x0000028047262000 ConcurrentGCThread "G1 Main Marker" [stack: 0x0000009d29500000,0x0000009d29600000] [id=1828]
  0x0000028047263800 ConcurrentGCThread "G1 Conc#0" [stack: 0x0000009d29600000,0x0000009d29700000] [id=12852]
  0x0000028060c6e800 ConcurrentGCThread "G1 Refine#0" [stack: 0x0000009d29700000,0x0000009d29800000] [id=8684]
  0x00000280472fe000 ConcurrentGCThread "G1 Young RemSet Sampling" [stack: 0x0000009d29800000,0x0000009d29900000] [id=12580]

Threads with active compile tasks:

VM state:at safepoint (normal execution)

VM Mutex/Monitor currently owned by a thread:  ([mutex/lock_event])
[0x0000028047215960] Threads_lock - owner thread: 0x0000028060e21000
[0x0000028047214490] Heap_lock - owner thread: 0x0000028061cb1000

Heap address: 0x0000000080000000, size: 2048 MB, Compressed Oops mode: 32-bit
Narrow klass base: 0x0000000000000000, Narrow klass shift: 3
Compressed class space size: 1073741824 Address: 0x0000000100000000

Heap:
 garbage-first heap   total 196608K, used 19230K [0x0000000080000000, 0x0000000100000000)
  region size 1024K, 3 young (3072K), 3 survivors (3072K)
 Metaspace       used 27212K, capacity 27805K, committed 27824K, reserved 1081344K
  class space    used 3588K, capacity 3825K, committed 3840K, reserved 1048576K
Heap Regions: E=young(eden), S=young(survivor), O=old, HS=humongous(starts), HC=humongous(continues), CS=collection set, F=free, A=archive, TAMS=top-at-mark-start (previous, next)
|   0|0x0000000080000000, 0x0000000080100000, 0x0000000080100000|100%| O|  |TAMS 0x0000000080100000, 0x0000000080100000| Untracked 
|   1|0x0000000080100000, 0x0000000080200000, 0x0000000080200000|100%| O|  |TAMS 0x0000000080200000, 0x0000000080200000| Untracked 
|   2|0x0000000080200000, 0x0000000080300000, 0x0000000080300000|100%| O|  |TAMS 0x0000000080300000, 0x0000000080300000| Untracked 
|   3|0x0000000080300000, 0x0000000080400000, 0x0000000080400000|100%|HS|  |TAMS 0x0000000080400000, 0x0000000080400000| Complete 
|   4|0x0000000080400000, 0x0000000080500000, 0x0000000080500000|100%|HC|  |TAMS 0x0000000080500000, 0x0000000080500000| Complete 
|   5|0x0000000080500000, 0x0000000080600000, 0x0000000080600000|100%|HC|  |TAMS 0x0000000080600000, 0x0000000080600000| Complete 
|   6|0x0000000080600000, 0x0000000080700000, 0x0000000080700000|100%| O|  |TAMS 0x0000000080700000, 0x0000000080700000| Untracked 
|   7|0x0000000080700000, 0x0000000080800000, 0x0000000080800000|100%| O|  |TAMS 0x0000000080800000, 0x0000000080800000| Untracked 
|   8|0x0000000080800000, 0x0000000080900000, 0x0000000080900000|100%| O|  |TAMS 0x0000000080900000, 0x0000000080900000| Untracked 
|   9|0x0000000080900000, 0x0000000080a00000, 0x0000000080a00000|100%| O|  |TAMS 0x0000000080a00000, 0x0000000080a00000| Untracked 
|  10|0x0000000080a00000, 0x0000000080b00000, 0x0000000080b00000|100%| O|  |TAMS 0x0000000080acac00, 0x0000000080b00000| Untracked 
|  11|0x0000000080b00000, 0x0000000080c00000, 0x0000000080c00000|100%| O|  |TAMS 0x0000000080b00000, 0x0000000080c00000| Untracked 
|  12|0x0000000080c00000, 0x0000000080d00000, 0x0000000080d00000|100%| O|  |TAMS 0x0000000080c00000, 0x0000000080d00000| Untracked 
|  13|0x0000000080d00000, 0x0000000080e00000, 0x0000000080e00000|100%| O|  |TAMS 0x0000000080d00000, 0x0000000080e00000| Untracked 
|  14|0x0000000080e00000, 0x0000000080f00000, 0x0000000080f00000|100%| O|  |TAMS 0x0000000080e00000, 0x0000000080f00000| Untracked 
|  15|0x0000000080f00000, 0x0000000080fece00, 0x0000000081000000| 92%| O|  |TAMS 0x0000000080f00000, 0x0000000080fece00| Untracked 
|  16|0x0000000081000000, 0x0000000081000000, 0x0000000081100000|  0%| F|  |TAMS 0x0000000081000000, 0x0000000081000000| Untracked 
|  17|0x0000000081100000, 0x0000000081100000, 0x0000000081200000|  0%| F|  |TAMS 0x0000000081100000, 0x0000000081100000| Untracked 
|  18|0x0000000081200000, 0x0000000081200000, 0x0000000081300000|  0%| F|  |TAMS 0x0000000081200000, 0x0000000081200000| Untracked 
|  19|0x0000000081300000, 0x0000000081300000, 0x0000000081400000|  0%| F|  |TAMS 0x0000000081300000, 0x0000000081300000| Untracked 
|  20|0x0000000081400000, 0x0000000081400000, 0x0000000081500000|  0%| F|  |TAMS 0x0000000081400000, 0x0000000081400000| Untracked 
|  21|0x0000000081500000, 0x0000000081500000, 0x0000000081600000|  0%| F|  |TAMS 0x0000000081500000, 0x0000000081500000| Untracked 
|  22|0x0000000081600000, 0x0000000081600000, 0x0000000081700000|  0%| F|  |TAMS 0x0000000081600000, 0x0000000081600000| Untracked 
|  23|0x0000000081700000, 0x0000000081700000, 0x0000000081800000|  0%| F|  |TAMS 0x0000000081700000, 0x0000000081700000| Untracked 
|  24|0x0000000081800000, 0x0000000081800000, 0x0000000081900000|  0%| F|  |TAMS 0x0000000081800000, 0x0000000081800000| Untracked 
|  25|0x0000000081900000, 0x0000000081900000, 0x0000000081a00000|  0%| F|  |TAMS 0x0000000081900000, 0x0000000081900000| Untracked 
|  26|0x0000000081a00000, 0x0000000081a00000, 0x0000000081b00000|  0%| F|  |TAMS 0x0000000081a00000, 0x0000000081a00000| Untracked 
|  27|0x0000000081b00000, 0x0000000081b00000, 0x0000000081c00000|  0%| F|  |TAMS 0x0000000081b00000, 0x0000000081b00000| Untracked 
|  28|0x0000000081c00000, 0x0000000081c00000, 0x0000000081d00000|  0%| F|  |TAMS 0x0000000081c00000, 0x0000000081c00000| Untracked 
|  29|0x0000000081d00000, 0x0000000081d00000, 0x0000000081e00000|  0%| F|  |TAMS 0x0000000081d00000, 0x0000000081d00000| Untracked 
|  30|0x0000000081e00000, 0x0000000081e00000, 0x0000000081f00000|  0%| F|  |TAMS 0x0000000081e00000, 0x0000000081e00000| Untracked 
|  31|0x0000000081f00000, 0x0000000081f00000, 0x0000000082000000|  0%| F|  |TAMS 0x0000000081f00000, 0x0000000081f00000| Untracked 
|  32|0x0000000082000000, 0x0000000082000000, 0x0000000082100000|  0%| F|  |TAMS 0x0000000082000000, 0x0000000082000000| Untracked 
|  33|0x0000000082100000, 0x0000000082100000, 0x0000000082200000|  0%| F|  |TAMS 0x0000000082100000, 0x0000000082100000| Untracked 
|  34|0x0000000082200000, 0x0000000082200000, 0x0000000082300000|  0%| F|  |TAMS 0x0000000082200000, 0x0000000082200000| Untracked 
|  35|0x0000000082300000, 0x0000000082300000, 0x0000000082400000|  0%| F|  |TAMS 0x0000000082300000, 0x0000000082300000| Untracked 
|  36|0x0000000082400000, 0x0000000082400000, 0x0000000082500000|  0%| F|  |TAMS 0x0000000082400000, 0x0000000082400000| Untracked 
|  37|0x0000000082500000, 0x0000000082500000, 0x0000000082600000|  0%| F|  |TAMS 0x0000000082500000, 0x0000000082500000| Untracked 
|  38|0x0000000082600000, 0x0000000082600000, 0x0000000082700000|  0%| F|  |TAMS 0x0000000082600000, 0x0000000082600000| Untracked 
|  39|0x0000000082700000, 0x0000000082700000, 0x0000000082800000|  0%| F|  |TAMS 0x0000000082700000, 0x0000000082700000| Untracked 
|  40|0x0000000082800000, 0x0000000082800000, 0x0000000082900000|  0%| F|  |TAMS 0x0000000082800000, 0x0000000082800000| Untracked 
|  41|0x0000000082900000, 0x0000000082900000, 0x0000000082a00000|  0%| F|  |TAMS 0x0000000082900000, 0x0000000082900000| Untracked 
|  42|0x0000000082a00000, 0x0000000082a00000, 0x0000000082b00000|  0%| F|  |TAMS 0x0000000082a00000, 0x0000000082a00000| Untracked 
|  43|0x0000000082b00000, 0x0000000082b00000, 0x0000000082c00000|  0%| F|  |TAMS 0x0000000082b00000, 0x0000000082b00000| Untracked 
|  44|0x0000000082c00000, 0x0000000082c00000, 0x0000000082d00000|  0%| F|  |TAMS 0x0000000082c00000, 0x0000000082c00000| Untracked 
|  45|0x0000000082d00000, 0x0000000082d00000, 0x0000000082e00000|  0%| F|  |TAMS 0x0000000082d00000, 0x0000000082d00000| Untracked 
|  46|0x0000000082e00000, 0x0000000082e00000, 0x0000000082f00000|  0%| F|  |TAMS 0x0000000082e00000, 0x0000000082e00000| Untracked 
|  47|0x0000000082f00000, 0x0000000082f00000, 0x0000000083000000|  0%| F|  |TAMS 0x0000000082f00000, 0x0000000082f00000| Untracked 
|  48|0x0000000083000000, 0x0000000083000000, 0x0000000083100000|  0%| F|  |TAMS 0x0000000083000000, 0x0000000083000000| Untracked 
|  49|0x0000000083100000, 0x0000000083100000, 0x0000000083200000|  0%| F|  |TAMS 0x0000000083100000, 0x0000000083100000| Untracked 
|  50|0x0000000083200000, 0x0000000083200000, 0x0000000083300000|  0%| F|  |TAMS 0x0000000083200000, 0x0000000083200000| Untracked 
|  51|0x0000000083300000, 0x0000000083300000, 0x0000000083400000|  0%| F|  |TAMS 0x0000000083300000, 0x0000000083300000| Untracked 
|  52|0x0000000083400000, 0x0000000083400000, 0x0000000083500000|  0%| F|  |TAMS 0x0000000083400000, 0x0000000083400000| Untracked 
|  53|0x0000000083500000, 0x0000000083500000, 0x0000000083600000|  0%| F|  |TAMS 0x0000000083500000, 0x0000000083500000| Untracked 
|  54|0x0000000083600000, 0x0000000083600000, 0x0000000083700000|  0%| F|  |TAMS 0x0000000083600000, 0x0000000083600000| Untracked 
|  55|0x0000000083700000, 0x0000000083700000, 0x0000000083800000|  0%| F|  |TAMS 0x0000000083700000, 0x0000000083700000| Untracked 
|  56|0x0000000083800000, 0x0000000083800000, 0x0000000083900000|  0%| F|  |TAMS 0x0000000083800000, 0x0000000083800000| Untracked 
|  57|0x0000000083900000, 0x0000000083900000, 0x0000000083a00000|  0%| F|  |TAMS 0x0000000083900000, 0x0000000083900000| Untracked 
|  58|0x0000000083a00000, 0x0000000083a00000, 0x0000000083b00000|  0%| F|  |TAMS 0x0000000083a00000, 0x0000000083a00000| Untracked 
|  59|0x0000000083b00000, 0x0000000083b00000, 0x0000000083c00000|  0%| F|  |TAMS 0x0000000083b00000, 0x0000000083b00000| Untracked 
|  60|0x0000000083c00000, 0x0000000083c00000, 0x0000000083d00000|  0%| F|  |TAMS 0x0000000083c00000, 0x0000000083c00000| Untracked 
|  61|0x0000000083d00000, 0x0000000083d00000, 0x0000000083e00000|  0%| F|  |TAMS 0x0000000083d00000, 0x0000000083d00000| Untracked 
|  62|0x0000000083e00000, 0x0000000083e00000, 0x0000000083f00000|  0%| F|  |TAMS 0x0000000083e00000, 0x0000000083e00000| Untracked 
|  63|0x0000000083f00000, 0x0000000083f00000, 0x0000000084000000|  0%| F|  |TAMS 0x0000000083f00000, 0x0000000083f00000| Untracked 
|  64|0x0000000084000000, 0x0000000084000000, 0x0000000084100000|  0%| F|  |TAMS 0x0000000084000000, 0x0000000084000000| Untracked 
|  65|0x0000000084100000, 0x0000000084100000, 0x0000000084200000|  0%| F|  |TAMS 0x0000000084100000, 0x0000000084100000| Untracked 
|  66|0x0000000084200000, 0x0000000084200000, 0x0000000084300000|  0%| F|  |TAMS 0x0000000084200000, 0x0000000084200000| Untracked 
|  67|0x0000000084300000, 0x0000000084300000, 0x0000000084400000|  0%| F|  |TAMS 0x0000000084300000, 0x0000000084300000| Untracked 
|  68|0x0000000084400000, 0x0000000084400000, 0x0000000084500000|  0%| F|  |TAMS 0x0000000084400000, 0x0000000084400000| Untracked 
|  69|0x0000000084500000, 0x0000000084500000, 0x0000000084600000|  0%| F|  |TAMS 0x0000000084500000, 0x0000000084500000| Untracked 
|  70|0x0000000084600000, 0x0000000084600000, 0x0000000084700000|  0%| F|  |TAMS 0x0000000084600000, 0x0000000084600000| Untracked 
|  71|0x0000000084700000, 0x0000000084700000, 0x0000000084800000|  0%| F|  |TAMS 0x0000000084700000, 0x0000000084700000| Untracked 
|  72|0x0000000084800000, 0x0000000084800000, 0x0000000084900000|  0%| F|  |TAMS 0x0000000084800000, 0x0000000084800000| Untracked 
|  73|0x0000000084900000, 0x0000000084900000, 0x0000000084a00000|  0%| F|  |TAMS 0x0000000084900000, 0x0000000084900000| Untracked 
|  74|0x0000000084a00000, 0x0000000084a00000, 0x0000000084b00000|  0%| F|  |TAMS 0x0000000084a00000, 0x0000000084a00000| Untracked 
|  75|0x0000000084b00000, 0x0000000084b00000, 0x0000000084c00000|  0%| F|  |TAMS 0x0000000084b00000, 0x0000000084b00000| Untracked 
|  76|0x0000000084c00000, 0x0000000084c00000, 0x0000000084d00000|  0%| F|  |TAMS 0x0000000084c00000, 0x0000000084c00000| Untracked 
|  77|0x0000000084d00000, 0x0000000084d00000, 0x0000000084e00000|  0%| F|  |TAMS 0x0000000084d00000, 0x0000000084d00000| Untracked 
|  78|0x0000000084e00000, 0x0000000084e00000, 0x0000000084f00000|  0%| F|  |TAMS 0x0000000084e00000, 0x0000000084e00000| Untracked 
|  79|0x0000000084f00000, 0x0000000084f00000, 0x0000000085000000|  0%| F|  |TAMS 0x0000000084f00000, 0x0000000084f00000| Untracked 
|  80|0x0000000085000000, 0x0000000085000000, 0x0000000085100000|  0%| F|  |TAMS 0x0000000085000000, 0x0000000085000000| Untracked 
|  81|0x0000000085100000, 0x0000000085100000, 0x0000000085200000|  0%| F|  |TAMS 0x0000000085100000, 0x0000000085100000| Untracked 
|  82|0x0000000085200000, 0x0000000085200000, 0x0000000085300000|  0%| F|  |TAMS 0x0000000085200000, 0x0000000085200000| Untracked 
|  83|0x0000000085300000, 0x0000000085300000, 0x0000000085400000|  0%| F|  |TAMS 0x0000000085300000, 0x0000000085300000| Untracked 
|  84|0x0000000085400000, 0x0000000085400000, 0x0000000085500000|  0%| F|  |TAMS 0x0000000085400000, 0x0000000085400000| Untracked 
|  85|0x0000000085500000, 0x0000000085500000, 0x0000000085600000|  0%| F|  |TAMS 0x0000000085500000, 0x0000000085500000| Untracked 
|  86|0x0000000085600000, 0x0000000085600000, 0x0000000085700000|  0%| F|  |TAMS 0x0000000085600000, 0x0000000085600000| Untracked 
|  87|0x0000000085700000, 0x0000000085700000, 0x0000000085800000|  0%| F|  |TAMS 0x0000000085700000, 0x0000000085700000| Untracked 
|  88|0x0000000085800000, 0x0000000085800000, 0x0000000085900000|  0%| F|  |TAMS 0x0000000085800000, 0x0000000085800000| Untracked 
|  89|0x0000000085900000, 0x0000000085900000, 0x0000000085a00000|  0%| F|  |TAMS 0x0000000085900000, 0x0000000085900000| Untracked 
|  90|0x0000000085a00000, 0x0000000085a00000, 0x0000000085b00000|  0%| F|  |TAMS 0x0000000085a00000, 0x0000000085a00000| Untracked 
|  91|0x0000000085b00000, 0x0000000085b00000, 0x0000000085c00000|  0%| F|  |TAMS 0x0000000085b00000, 0x0000000085b00000| Untracked 
|  92|0x0000000085c00000, 0x0000000085c00000, 0x0000000085d00000|  0%| F|  |TAMS 0x0000000085c00000, 0x0000000085c00000| Untracked 
|  93|0x0000000085d00000, 0x0000000085d00000, 0x0000000085e00000|  0%| F|  |TAMS 0x0000000085d00000, 0x0000000085d00000| Untracked 
|  94|0x0000000085e00000, 0x0000000085e00000, 0x0000000085f00000|  0%| F|  |TAMS 0x0000000085e00000, 0x0000000085e00000| Untracked 
|  95|0x0000000085f00000, 0x0000000085f00000, 0x0000000086000000|  0%| F|  |TAMS 0x0000000085f00000, 0x0000000085f00000| Untracked 
|  96|0x0000000086000000, 0x0000000086000000, 0x0000000086100000|  0%| F|  |TAMS 0x0000000086000000, 0x0000000086000000| Untracked 
|  97|0x0000000086100000, 0x0000000086100000, 0x0000000086200000|  0%| F|  |TAMS 0x0000000086100000, 0x0000000086100000| Untracked 
|  98|0x0000000086200000, 0x0000000086200000, 0x0000000086300000|  0%| F|  |TAMS 0x0000000086200000, 0x0000000086200000| Untracked 
|  99|0x0000000086300000, 0x0000000086300000, 0x0000000086400000|  0%| F|  |TAMS 0x0000000086300000, 0x0000000086300000| Untracked 
| 100|0x0000000086400000, 0x0000000086400000, 0x0000000086500000|  0%| F|  |TAMS 0x0000000086400000, 0x0000000086400000| Untracked 
| 101|0x0000000086500000, 0x0000000086500000, 0x0000000086600000|  0%| F|  |TAMS 0x0000000086500000, 0x0000000086500000| Untracked 
| 102|0x0000000086600000, 0x0000000086600000, 0x0000000086700000|  0%| F|  |TAMS 0x0000000086600000, 0x0000000086600000| Untracked 
| 103|0x0000000086700000, 0x0000000086700000, 0x0000000086800000|  0%| F|  |TAMS 0x0000000086700000, 0x0000000086700000| Untracked 
| 104|0x0000000086800000, 0x0000000086800000, 0x0000000086900000|  0%| F|  |TAMS 0x0000000086800000, 0x0000000086800000| Untracked 
| 105|0x0000000086900000, 0x0000000086900000, 0x0000000086a00000|  0%| F|  |TAMS 0x0000000086900000, 0x0000000086900000| Untracked 
| 106|0x0000000086a00000, 0x0000000086a00000, 0x0000000086b00000|  0%| F|  |TAMS 0x0000000086a00000, 0x0000000086a00000| Untracked 
| 107|0x0000000086b00000, 0x0000000086b00000, 0x0000000086c00000|  0%| F|  |TAMS 0x0000000086b00000, 0x0000000086b00000| Untracked 
| 108|0x0000000086c00000, 0x0000000086c00000, 0x0000000086d00000|  0%| F|  |TAMS 0x0000000086c00000, 0x0000000086c00000| Untracked 
| 109|0x0000000086d00000, 0x0000000086d00000, 0x0000000086e00000|  0%| F|  |TAMS 0x0000000086d00000, 0x0000000086d00000| Untracked 
| 110|0x0000000086e00000, 0x0000000086e00000, 0x0000000086f00000|  0%| F|  |TAMS 0x0000000086e00000, 0x0000000086e00000| Untracked 
| 111|0x0000000086f00000, 0x0000000086f00000, 0x0000000087000000|  0%| F|  |TAMS 0x0000000086f00000, 0x0000000086f00000| Untracked 
| 112|0x0000000087000000, 0x0000000087000000, 0x0000000087100000|  0%| F|  |TAMS 0x0000000087000000, 0x0000000087000000| Untracked 
| 113|0x0000000087100000, 0x0000000087100000, 0x0000000087200000|  0%| F|  |TAMS 0x0000000087100000, 0x0000000087100000| Untracked 
| 114|0x0000000087200000, 0x0000000087200000, 0x0000000087300000|  0%| F|  |TAMS 0x0000000087200000, 0x0000000087200000| Untracked 
| 115|0x0000000087300000, 0x0000000087300000, 0x0000000087400000|  0%| F|  |TAMS 0x0000000087300000, 0x0000000087300000| Untracked 
| 116|0x0000000087400000, 0x0000000087400000, 0x0000000087500000|  0%| F|  |TAMS 0x0000000087400000, 0x0000000087400000| Untracked 
| 117|0x0000000087500000, 0x0000000087500000, 0x0000000087600000|  0%| F|  |TAMS 0x0000000087500000, 0x0000000087500000| Untracked 
| 118|0x0000000087600000, 0x0000000087600000, 0x0000000087700000|  0%| F|  |TAMS 0x0000000087600000, 0x0000000087600000| Untracked 
| 119|0x0000000087700000, 0x0000000087700000, 0x0000000087800000|  0%| F|  |TAMS 0x0000000087700000, 0x0000000087700000| Untracked 
| 120|0x0000000087800000, 0x0000000087800000, 0x0000000087900000|  0%| F|  |TAMS 0x0000000087800000, 0x0000000087800000| Untracked 
| 121|0x0000000087900000, 0x0000000087900000, 0x0000000087a00000|  0%| F|  |TAMS 0x0000000087900000, 0x0000000087900000| Untracked 
| 122|0x0000000087a00000, 0x0000000087a00000, 0x0000000087b00000|  0%| F|  |TAMS 0x0000000087a00000, 0x0000000087a00000| Untracked 
| 123|0x0000000087b00000, 0x0000000087b00000, 0x0000000087c00000|  0%| F|  |TAMS 0x0000000087b00000, 0x0000000087b00000| Untracked 
| 124|0x0000000087c00000, 0x0000000087c00000, 0x0000000087d00000|  0%| F|  |TAMS 0x0000000087c00000, 0x0000000087c00000| Untracked 
| 125|0x0000000087d00000, 0x0000000087d00000, 0x0000000087e00000|  0%| F|  |TAMS 0x0000000087d00000, 0x0000000087d00000| Untracked 
| 126|0x0000000087e00000, 0x0000000087e00000, 0x0000000087f00000|  0%| F|  |TAMS 0x0000000087e00000, 0x0000000087e00000| Untracked 
| 127|0x0000000087f00000, 0x0000000087f00000, 0x0000000088000000|  0%| F|  |TAMS 0x0000000087f00000, 0x0000000087f00000| Untracked 
| 128|0x0000000088000000, 0x0000000088000000, 0x0000000088100000|  0%| F|  |TAMS 0x0000000088000000, 0x0000000088000000| Untracked 
| 129|0x0000000088100000, 0x0000000088100000, 0x0000000088200000|  0%| F|  |TAMS 0x0000000088100000, 0x0000000088100000| Untracked 
| 130|0x0000000088200000, 0x0000000088200000, 0x0000000088300000|  0%| F|  |TAMS 0x0000000088200000, 0x0000000088200000| Untracked 
| 131|0x0000000088300000, 0x0000000088300000, 0x0000000088400000|  0%| F|  |TAMS 0x0000000088300000, 0x0000000088300000| Untracked 
| 132|0x0000000088400000, 0x0000000088400000, 0x0000000088500000|  0%| F|  |TAMS 0x0000000088400000, 0x0000000088400000| Untracked 
| 133|0x0000000088500000, 0x0000000088500000, 0x0000000088600000|  0%| F|  |TAMS 0x0000000088500000, 0x0000000088500000| Untracked 
| 134|0x0000000088600000, 0x0000000088600000, 0x0000000088700000|  0%| F|  |TAMS 0x0000000088600000, 0x0000000088600000| Untracked 
| 135|0x0000000088700000, 0x0000000088700000, 0x0000000088800000|  0%| F|  |TAMS 0x0000000088700000, 0x0000000088700000| Untracked 
| 136|0x0000000088800000, 0x0000000088800000, 0x0000000088900000|  0%| F|  |TAMS 0x0000000088800000, 0x0000000088800000| Untracked 
| 137|0x0000000088900000, 0x0000000088900000, 0x0000000088a00000|  0%| F|  |TAMS 0x0000000088900000, 0x0000000088900000| Untracked 
| 138|0x0000000088a00000, 0x0000000088a00000, 0x0000000088b00000|  0%| F|  |TAMS 0x0000000088a00000, 0x0000000088a00000| Untracked 
| 139|0x0000000088b00000, 0x0000000088b00000, 0x0000000088c00000|  0%| F|  |TAMS 0x0000000088b00000, 0x0000000088b00000| Untracked 
| 140|0x0000000088c00000, 0x0000000088c00000, 0x0000000088d00000|  0%| F|  |TAMS 0x0000000088c00000, 0x0000000088c00000| Untracked 
| 141|0x0000000088d00000, 0x0000000088d00000, 0x0000000088e00000|  0%| F|  |TAMS 0x0000000088d00000, 0x0000000088d00000| Untracked 
| 142|0x0000000088e00000, 0x0000000088e00000, 0x0000000088f00000|  0%| F|  |TAMS 0x0000000088e00000, 0x0000000088e00000| Untracked 
| 143|0x0000000088f00000, 0x0000000088f00000, 0x0000000089000000|  0%| F|  |TAMS 0x0000000088f00000, 0x0000000088f00000| Untracked 
| 144|0x0000000089000000, 0x0000000089000000, 0x0000000089100000|  0%| F|  |TAMS 0x0000000089000000, 0x0000000089000000| Untracked 
| 145|0x0000000089100000, 0x0000000089100000, 0x0000000089200000|  0%| F|  |TAMS 0x0000000089100000, 0x0000000089100000| Untracked 
| 146|0x0000000089200000, 0x0000000089200000, 0x0000000089300000|  0%| F|  |TAMS 0x0000000089200000, 0x0000000089200000| Untracked 
| 147|0x0000000089300000, 0x0000000089300000, 0x0000000089400000|  0%| F|  |TAMS 0x0000000089300000, 0x0000000089300000| Untracked 
| 148|0x0000000089400000, 0x0000000089400000, 0x0000000089500000|  0%| F|  |TAMS 0x0000000089400000, 0x0000000089400000| Untracked 
| 149|0x0000000089500000, 0x0000000089500000, 0x0000000089600000|  0%| F|  |TAMS 0x0000000089500000, 0x0000000089500000| Untracked 
| 150|0x0000000089600000, 0x0000000089600000, 0x0000000089700000|  0%| F|  |TAMS 0x0000000089600000, 0x0000000089600000| Untracked 
| 151|0x0000000089700000, 0x0000000089700000, 0x0000000089800000|  0%| F|  |TAMS 0x0000000089700000, 0x0000000089700000| Untracked 
| 152|0x0000000089800000, 0x0000000089800000, 0x0000000089900000|  0%| F|  |TAMS 0x0000000089800000, 0x0000000089800000| Untracked 
| 153|0x0000000089900000, 0x0000000089900000, 0x0000000089a00000|  0%| F|  |TAMS 0x0000000089900000, 0x0000000089900000| Untracked 
| 154|0x0000000089a00000, 0x0000000089a00000, 0x0000000089b00000|  0%| F|  |TAMS 0x0000000089a00000, 0x0000000089a00000| Untracked 
| 155|0x0000000089b00000, 0x0000000089b00000, 0x0000000089c00000|  0%| F|  |TAMS 0x0000000089b00000, 0x0000000089b00000| Untracked 
| 156|0x0000000089c00000, 0x0000000089c00000, 0x0000000089d00000|  0%| F|  |TAMS 0x0000000089c00000, 0x0000000089c00000| Untracked 
| 157|0x0000000089d00000, 0x0000000089d00000, 0x0000000089e00000|  0%| F|  |TAMS 0x0000000089d00000, 0x0000000089d00000| Untracked 
| 158|0x0000000089e00000, 0x0000000089e00000, 0x0000000089f00000|  0%| F|  |TAMS 0x0000000089e00000, 0x0000000089e00000| Untracked 
| 159|0x0000000089f00000, 0x0000000089f00000, 0x000000008a000000|  0%| F|  |TAMS 0x0000000089f00000, 0x0000000089f00000| Untracked 
| 160|0x000000008a000000, 0x000000008a000000, 0x000000008a100000|  0%| F|  |TAMS 0x000000008a000000, 0x000000008a000000| Untracked 
| 161|0x000000008a100000, 0x000000008a100000, 0x000000008a200000|  0%| F|  |TAMS 0x000000008a100000, 0x000000008a100000| Untracked 
| 162|0x000000008a200000, 0x000000008a200000, 0x000000008a300000|  0%| F|  |TAMS 0x000000008a200000, 0x000000008a200000| Untracked 
| 163|0x000000008a300000, 0x000000008a300000, 0x000000008a400000|  0%| F|  |TAMS 0x000000008a300000, 0x000000008a300000| Untracked 
| 164|0x000000008a400000, 0x000000008a400000, 0x000000008a500000|  0%| F|  |TAMS 0x000000008a400000, 0x000000008a400000| Untracked 
| 165|0x000000008a500000, 0x000000008a500000, 0x000000008a600000|  0%| F|  |TAMS 0x000000008a500000, 0x000000008a500000| Untracked 
| 166|0x000000008a600000, 0x000000008a600000, 0x000000008a700000|  0%| F|  |TAMS 0x000000008a600000, 0x000000008a600000| Untracked 
| 167|0x000000008a700000, 0x000000008a700000, 0x000000008a800000|  0%| F|  |TAMS 0x000000008a700000, 0x000000008a700000| Untracked 
| 168|0x000000008a800000, 0x000000008a800000, 0x000000008a900000|  0%| F|  |TAMS 0x000000008a800000, 0x000000008a800000| Untracked 
| 169|0x000000008a900000, 0x000000008a900000, 0x000000008aa00000|  0%| F|  |TAMS 0x000000008a900000, 0x000000008a900000| Untracked 
| 170|0x000000008aa00000, 0x000000008aa00000, 0x000000008ab00000|  0%| F|  |TAMS 0x000000008aa00000, 0x000000008aa00000| Untracked 
| 171|0x000000008ab00000, 0x000000008ab00000, 0x000000008ac00000|  0%| F|  |TAMS 0x000000008ab00000, 0x000000008ab00000| Untracked 
| 172|0x000000008ac00000, 0x000000008ac00000, 0x000000008ad00000|  0%| F|  |TAMS 0x000000008ac00000, 0x000000008ac00000| Untracked 
| 173|0x000000008ad00000, 0x000000008ad00000, 0x000000008ae00000|  0%| F|  |TAMS 0x000000008ad00000, 0x000000008ad00000| Untracked 
| 174|0x000000008ae00000, 0x000000008ae00000, 0x000000008af00000|  0%| F|  |TAMS 0x000000008ae00000, 0x000000008ae00000| Untracked 
| 175|0x000000008af00000, 0x000000008af00000, 0x000000008b000000|  0%| F|  |TAMS 0x000000008af00000, 0x000000008af00000| Untracked 
| 176|0x000000008b000000, 0x000000008b000000, 0x000000008b100000|  0%| F|  |TAMS 0x000000008b000000, 0x000000008b000000| Untracked 
| 177|0x000000008b100000, 0x000000008b100000, 0x000000008b200000|  0%| F|  |TAMS 0x000000008b100000, 0x000000008b100000| Untracked 
| 178|0x000000008b200000, 0x000000008b200000, 0x000000008b300000|  0%| F|  |TAMS 0x000000008b200000, 0x000000008b200000| Untracked 
| 179|0x000000008b300000, 0x000000008b300000, 0x000000008b400000|  0%| F|  |TAMS 0x000000008b300000, 0x000000008b300000| Untracked 
| 180|0x000000008b400000, 0x000000008b4dacd0, 0x000000008b500000| 85%| S|CS|TAMS 0x000000008b400000, 0x000000008b400000| Complete 
| 181|0x000000008b500000, 0x000000008b600000, 0x000000008b600000|100%| S|CS|TAMS 0x000000008b500000, 0x000000008b500000| Complete 
| 182|0x000000008b600000, 0x000000008b700000, 0x000000008b700000|100%| S|CS|TAMS 0x000000008b600000, 0x000000008b600000| Complete 
| 183|0x000000008b700000, 0x000000008b700000, 0x000000008b800000|  0%| F|  |TAMS 0x000000008b700000, 0x000000008b700000| Untracked 
| 184|0x000000008b800000, 0x000000008b800000, 0x000000008b900000|  0%| F|  |TAMS 0x000000008b800000, 0x000000008b800000| Untracked 
| 185|0x000000008b900000, 0x000000008b900000, 0x000000008ba00000|  0%| F|  |TAMS 0x000000008b900000, 0x000000008b900000| Untracked 
| 186|0x000000008ba00000, 0x000000008ba00000, 0x000000008bb00000|  0%| F|  |TAMS 0x000000008ba00000, 0x000000008ba00000| Untracked 
| 187|0x000000008bb00000, 0x000000008bb00000, 0x000000008bc00000|  0%| F|  |TAMS 0x000000008bb00000, 0x000000008bb00000| Untracked 
| 188|0x000000008bc00000, 0x000000008bc00000, 0x000000008bd00000|  0%| F|  |TAMS 0x000000008bc00000, 0x000000008bc00000| Untracked 
| 189|0x000000008bd00000, 0x000000008bd00000, 0x000000008be00000|  0%| F|  |TAMS 0x000000008bd00000, 0x000000008bd00000| Untracked 
| 190|0x000000008be00000, 0x000000008be00000, 0x000000008bf00000|  0%| F|  |TAMS 0x000000008be00000, 0x000000008be00000| Untracked 
| 191|0x000000008bf00000, 0x000000008bf00000, 0x000000008c000000|  0%| F|  |TAMS 0x000000008bf00000, 0x000000008bf00000| Untracked 

Card table byte_map: [0x000002805a110000,0x000002805a510000] _byte_map_base: 0x0000028059d10000

Marking Bits (Prev, Next): (CMBitMap*) 0x00000280472595f0, (CMBitMap*) 0x00000280472595b8
 Prev Bits: [0x000002805c910000, 0x000002805e910000)
 Next Bits: [0x000002805a910000, 0x000002805c910000)

Polling page: 0x00000280453d0000

Metaspace:

Usage:
  Non-class:     23.42 MB capacity,    23.07 MB ( 99%) used,   301.78 KB (  1%) free+waste,    54.81 KB ( <1%) overhead. 
      Class:      3.74 MB capacity,     3.50 MB ( 94%) used,   208.29 KB (  5%) free+waste,    27.81 KB ( <1%) overhead. 
       Both:     27.15 MB capacity,    26.57 MB ( 98%) used,   510.07 KB (  2%) free+waste,    82.63 KB ( <1%) overhead. 

Virtual space:
  Non-class space:       32.00 MB reserved,      23.42 MB ( 73%) committed 
      Class space:        1.00 GB reserved,       3.75 MB ( <1%) committed 
             Both:        1.03 GB reserved,      27.17 MB (  3%) committed 

Chunk freelists:
   Non-Class:  4.00 KB
       Class:  15.00 KB
        Both:  19.00 KB

MaxMetaspaceSize: 17179869184.00 GB
CompressedClassSpaceSize: 1.00 GB

CodeHeap 'non-profiled nmethods': size=120064Kb used=1112Kb max_used=1112Kb free=118951Kb
 bounds [0x00000280527d0000, 0x0000028052a40000, 0x0000028059d10000]
CodeHeap 'profiled nmethods': size=120000Kb used=4939Kb max_used=4939Kb free=115060Kb
 bounds [0x000002804b2a0000, 0x000002804b780000, 0x00000280527d0000]
CodeHeap 'non-nmethods': size=5696Kb used=1160Kb max_used=1187Kb free=4536Kb
 bounds [0x000002804ad10000, 0x000002804af80000, 0x000002804b2a0000]
 total_blobs=2793 nmethods=2290 adapters=414
 compilation: enabled
              stopped_count=0, restarted_count=0
 full_count=0

Compilation events (20 events):
Event: 15.563 Thread 0x00000280616a0000 2282       3       org.gradle.internal.reflect.MethodSet::add (50 bytes)
Event: 15.564 Thread 0x00000280616a0000 nmethod 2282 0x000002804b76f210 code [0x000002804b76f440, 0x000002804b76fcb8]
Event: 15.564 Thread 0x00000280616a0000 2283       3       org.gradle.internal.reflect.MethodSet$MethodKey::<init> (6 bytes)
Event: 15.565 Thread 0x00000280616a0000 nmethod 2283 0x000002804b76ff90 code [0x000002804b770180, 0x000002804b770608]
Event: 15.565 Thread 0x00000280616a0000 2284       3       org.gradle.internal.reflect.MethodSet$MethodKey::<init> (18 bytes)
Event: 15.566 Thread 0x00000280616a0000 nmethod 2284 0x000002804b770790 code [0x000002804b770980, 0x000002804b770da8]
Event: 15.566 Thread 0x00000280616a0000 2285       3       org.gradle.internal.reflect.MethodSet$MethodKey::equals (89 bytes)
Event: 15.567 Thread 0x00000280616a0000 nmethod 2285 0x000002804b770f10 code [0x000002804b771140, 0x000002804b7719d8]
Event: 15.567 Thread 0x00000280616a0000 2286       3       org.gradle.internal.reflect.MutableClassDetails::instanceMethod (9 bytes)
Event: 15.567 Thread 0x00000280616a0000 nmethod 2286 0x000002804b771c10 code [0x000002804b771dc0, 0x000002804b771f08]
Event: 15.585 Thread 0x00000280616a0000 2287       3       java.util.concurrent.locks.ReentrantLock$Sync::isHeldExclusively (16 bytes)
Event: 15.585 Thread 0x00000280616a0000 nmethod 2287 0x000002804b772010 code [0x000002804b7721c0, 0x000002804b772358]
Event: 15.586 Thread 0x00000280616a0000 2288       3       sun.reflect.generics.repository.AbstractRepository::getReifier (8 bytes)
Event: 15.587 Thread 0x00000280616a0000 nmethod 2288 0x000002804b772410 code [0x000002804b7725e0, 0x000002804b7728b8]
Event: 15.587 Thread 0x00000280616a0000 2290       3       java.util.HashMap::hash (20 bytes)
Event: 15.587 Thread 0x00000280616a0000 nmethod 2290 0x000002804b772a10 code [0x000002804b772bc0, 0x000002804b772dc8]
Event: 15.587 Thread 0x00000280616a0000 2291       1       sun.reflect.generics.reflectiveObjects.TypeVariableImpl::getName (5 bytes)
Event: 15.587 Thread 0x00000280616a0000 nmethod 2291 0x00000280528e5b10 code [0x00000280528e5cc0, 0x00000280528e5d78]
Event: 15.587 Thread 0x00000280616a0000 2289       1       sun.reflect.generics.repository.AbstractRepository::getTree (5 bytes)
Event: 15.587 Thread 0x00000280616a0000 nmethod 2289 0x00000280528e5e10 code [0x00000280528e5fc0, 0x00000280528e6078]

GC Heap History (14 events):
Event: 3.461 GC heap before
{Heap before GC invocations=0 (full 0):
 garbage-first heap   total 196608K, used 19456K [0x0000000080000000, 0x0000000100000000)
  region size 1024K, 14 young (14336K), 0 survivors (0K)
 Metaspace       used 6745K, capacity 6929K, committed 7168K, reserved 1056768K
  class space    used 582K, capacity 650K, committed 768K, reserved 1048576K
}
Event: 3.478 GC heap after
{Heap after GC invocations=1 (full 0):
 garbage-first heap   total 196608K, used 7883K [0x0000000080000000, 0x0000000100000000)
  region size 1024K, 2 young (2048K), 2 survivors (2048K)
 Metaspace       used 6745K, capacity 6929K, committed 7168K, reserved 1056768K
  class space    used 582K, capacity 650K, committed 768K, reserved 1048576K
}
Event: 4.430 GC heap before
{Heap before GC invocations=1 (full 0):
 garbage-first heap   total 196608K, used 19147K [0x0000000080000000, 0x0000000100000000)
  region size 1024K, 13 young (13312K), 2 survivors (2048K)
 Metaspace       used 9845K, capacity 10058K, committed 10112K, reserved 1058816K
  class space    used 1022K, capacity 1102K, committed 1152K, reserved 1048576K
}
Event: 4.432 GC heap after
{Heap after GC invocations=2 (full 0):
 garbage-first heap   total 196608K, used 9367K [0x0000000080000000, 0x0000000100000000)
  region size 1024K, 2 young (2048K), 2 survivors (2048K)
 Metaspace       used 9845K, capacity 10058K, committed 10112K, reserved 1058816K
  class space    used 1022K, capacity 1102K, committed 1152K, reserved 1048576K
}
Event: 5.847 GC heap before
{Heap before GC invocations=2 (full 0):
 garbage-first heap   total 196608K, used 38039K [0x0000000080000000, 0x0000000100000000)
  region size 1024K, 30 young (30720K), 2 survivors (2048K)
 Metaspace       used 10765K, capacity 11011K, committed 11264K, reserved 1058816K
  class space    used 1125K, capacity 1206K, committed 1280K, reserved 1048576K
}
Event: 5.851 GC heap after
{Heap after GC invocations=3 (full 0):
 garbage-first heap   total 196608K, used 12337K [0x0000000080000000, 0x0000000100000000)
  region size 1024K, 4 young (4096K), 4 survivors (4096K)
 Metaspace       used 10765K, capacity 11011K, committed 11264K, reserved 1058816K
  class space    used 1125K, capacity 1206K, committed 1280K, reserved 1048576K
}
Event: 11.345 GC heap before
{Heap before GC invocations=3 (full 0):
 garbage-first heap   total 196608K, used 68657K [0x0000000080000000, 0x0000000100000000)
  region size 1024K, 59 young (60416K), 4 survivors (4096K)
 Metaspace       used 19144K, capacity 19556K, committed 19712K, reserved 1067008K
  class space    used 2317K, capacity 2468K, committed 2560K, reserved 1048576K
}
Event: 11.354 GC heap after
{Heap after GC invocations=4 (full 0):
 garbage-first heap   total 196608K, used 16021K [0x0000000080000000, 0x0000000100000000)
  region size 1024K, 8 young (8192K), 8 survivors (8192K)
 Metaspace       used 19144K, capacity 19556K, committed 19712K, reserved 1067008K
  class space    used 2317K, capacity 2468K, committed 2560K, reserved 1048576K
}
Event: 11.723 GC heap before
{Heap before GC invocations=4 (full 0):
 garbage-first heap   total 196608K, used 26261K [0x0000000080000000, 0x0000000100000000)
  region size 1024K, 19 young (19456K), 8 survivors (8192K)
 Metaspace       used 20638K, capacity 21158K, committed 21296K, reserved 1069056K
  class space    used 2513K, capacity 2688K, committed 2688K, reserved 1048576K
}
Event: 11.734 GC heap after
{Heap after GC invocations=5 (full 0):
 garbage-first heap   total 196608K, used 16964K [0x0000000080000000, 0x0000000100000000)
  region size 1024K, 6 young (6144K), 6 survivors (6144K)
 Metaspace       used 20638K, capacity 21158K, committed 21296K, reserved 1069056K
  class space    used 2513K, capacity 2688K, committed 2688K, reserved 1048576K
}
Event: 15.394 GC heap before
{Heap before GC invocations=6 (full 0):
 garbage-first heap   total 196608K, used 77380K [0x0000000080000000, 0x0000000100000000)
  region size 1024K, 65 young (66560K), 6 survivors (6144K)
 Metaspace       used 26470K, capacity 27128K, committed 27312K, reserved 1073152K
  class space    used 3477K, capacity 3749K, committed 3840K, reserved 1048576K
}
Event: 15.408 GC heap after
{Heap after GC invocations=7 (full 0):
 garbage-first heap   total 196608K, used 18813K [0x0000000080000000, 0x0000000100000000)
  region size 1024K, 3 young (3072K), 3 survivors (3072K)
 Metaspace       used 26470K, capacity 27128K, committed 27312K, reserved 1073152K
  class space    used 3477K, capacity 3749K, committed 3840K, reserved 1048576K
}
Event: 15.588 GC heap before
{Heap before GC invocations=7 (full 0):
 garbage-first heap   total 196608K, used 27005K [0x0000000080000000, 0x0000000100000000)
  region size 1024K, 12 young (12288K), 3 survivors (3072K)
 Metaspace       used 27212K, capacity 27805K, committed 27824K, reserved 1079296K
  class space    used 3588K, capacity 3825K, committed 3840K, reserved 1048576K
}
Event: 15.599 GC heap after
{Heap after GC invocations=8 (full 0):
 garbage-first heap   total 196608K, used 19230K [0x0000000080000000, 0x0000000100000000)
  region size 1024K, 3 young (3072K), 3 survivors (3072K)
 Metaspace       used 27212K, capacity 27805K, committed 27824K, reserved 1079296K
  class space    used 3588K, capacity 3825K, committed 3840K, reserved 1048576K
}

Deoptimization events (20 events):
Event: 15.083 Thread 0x0000028061cb1000 Uncommon trap: trap_request=0xffffffde fr.pc=0x00000280528a3560 relative=0x0000000000000320
Event: 15.083 Thread 0x0000028061cb1000 Uncommon trap: reason=class_check action=maybe_recompile pc=0x00000280528a3560 method=java.util.Collections$SetFromMap.remove(Ljava/lang/Object;)Z @ 5 c2
Event: 15.083 Thread 0x0000028061cb1000 DEOPT PACKING pc=0x00000280528a3560 sp=0x0000009d2adfc5e0
Event: 15.083 Thread 0x0000028061cb1000 DEOPT UNPACKING pc=0x000002804ad378af sp=0x0000009d2adfc5c8 mode 2
Event: 15.083 Thread 0x0000028061cb1000 Uncommon trap: trap_request=0xffffffde fr.pc=0x00000280528a3560 relative=0x0000000000000320
Event: 15.083 Thread 0x0000028061cb1000 Uncommon trap: reason=class_check action=maybe_recompile pc=0x00000280528a3560 method=java.util.Collections$SetFromMap.remove(Ljava/lang/Object;)Z @ 5 c2
Event: 15.083 Thread 0x0000028061cb1000 DEOPT PACKING pc=0x00000280528a3560 sp=0x0000009d2adfc560
Event: 15.083 Thread 0x0000028061cb1000 DEOPT UNPACKING pc=0x000002804ad378af sp=0x0000009d2adfc548 mode 2
Event: 15.127 Thread 0x0000028061cb1000 Uncommon trap: trap_request=0xffffff4d fr.pc=0x00000280527f59b4 relative=0x00000000000004f4
Event: 15.127 Thread 0x0000028061cb1000 Uncommon trap: reason=unstable_if action=reinterpret pc=0x00000280527f59b4 method=java.util.Properties$LineReader.readLine()I @ 249 c2
Event: 15.127 Thread 0x0000028061cb1000 DEOPT PACKING pc=0x00000280527f59b4 sp=0x0000009d2adfba10
Event: 15.127 Thread 0x0000028061cb1000 DEOPT UNPACKING pc=0x000002804ad378af sp=0x0000009d2adfb9a0 mode 2
Event: 15.586 Thread 0x0000028061cb1000 Uncommon trap: trap_request=0xffffff4d fr.pc=0x00000280528d71cc relative=0x000000000000020c
Event: 15.586 Thread 0x0000028061cb1000 Uncommon trap: reason=unstable_if action=reinterpret pc=0x00000280528d71cc method=java.util.HashMap.hash(Ljava/lang/Object;)I @ 1 c2
Event: 15.586 Thread 0x0000028061cb1000 DEOPT PACKING pc=0x00000280528d71cc sp=0x0000009d2adf9260
Event: 15.586 Thread 0x0000028061cb1000 DEOPT UNPACKING pc=0x000002804ad378af sp=0x0000009d2adf9198 mode 2
Event: 15.586 Thread 0x0000028061cb1000 Uncommon trap: trap_request=0xffffff4d fr.pc=0x00000280528bb6ac relative=0x000000000000008c
Event: 15.586 Thread 0x0000028061cb1000 Uncommon trap: reason=unstable_if action=reinterpret pc=0x00000280528bb6ac method=java.util.HashMap.hash(Ljava/lang/Object;)I @ 1 c2
Event: 15.586 Thread 0x0000028061cb1000 DEOPT PACKING pc=0x00000280528bb6ac sp=0x0000009d2adf8fe0
Event: 15.586 Thread 0x0000028061cb1000 DEOPT UNPACKING pc=0x000002804ad378af sp=0x0000009d2adf8f78 mode 2

Classes redefined (0 events):
No events

Internal exceptions (20 events):
Event: 11.803 Thread 0x0000028061cb1000 Exception <a 'java/lang/NoSuchMethodError'{0x000000008be3e618}: 'void java.lang.invoke.DirectMethodHandle$Holder.invokeStatic(java.lang.Object, java.lang.Object, java.lang.Object, java.lang.Object, java.lang.Object)'> (0x000000008be3e618) thrown at [./src/hotspot/share/interpreter/linkResolver.cpp, line 773]
Event: 11.951 Thread 0x0000028061cb1000 Exception <a 'java/lang/NoSuchMethodError'{0x000000008b911490}: 'void java.lang.invoke.DirectMethodHandle$Holder.invokeSpecial(java.lang.Object, java.lang.Object)'> (0x000000008b911490) thrown at [./src/hotspot/share/interpreter/linkResolver.cpp, line 773]
Event: 12.100 Thread 0x0000028061cb1000 Exception <a 'java/lang/NoSuchMethodError'{0x000000008b74af38}: 'java.lang.Object java.lang.invoke.DirectMethodHandle$Holder.invokeSpecial(java.lang.Object, java.lang.Object, java.lang.Object, java.lang.Object, java.lang.Object, java.lang.Object, java.lang.Object, java.lang.Object, java.lang.Object)'> (0x000000008b74af38) thrown at [./src/hotspot/share/interpreter/linkResolver.cpp, line 773]
Event: 12.500 Thread 0x0000028061cb1000 Exception <a 'java/lang/NoSuchMethodError'{0x000000008a700340}: 'java.lang.Object java.lang.invoke.DirectMethodHandle$Holder.invokeVirtual(java.lang.Object, java.lang.Object, java.lang.Object, java.lang.Object)'> (0x000000008a700340) thrown at [./src/hotspot/share/interpreter/linkResolver.cpp, line 773]
Event: 12.618 Thread 0x0000028061cb1000 Exception <a 'java/lang/NoSuchMethodError'{0x000000008a5c9058}: 'java.lang.Object java.lang.invoke.Invokers$Holder.invoker(java.lang.Object, java.lang.Object, java.lang.Object, java.lang.Object, java.lang.Object)'> (0x000000008a5c9058) thrown at [./src/hotspot/share/interpreter/linkResolver.cpp, line 773]
Event: 13.301 Thread 0x0000028061cb1000 Exception <a 'java/lang/NoSuchMethodError'{0x000000008a0168a0}: 'void java.lang.invoke.DirectMethodHandle$Holder.invokeSpecial(java.lang.Object, java.lang.Object, java.lang.Object, java.lang.Object, java.lang.Object, java.lang.Object)'> (0x000000008a0168a0) thrown at [./src/hotspot/share/interpreter/linkResolver.cpp, line 773]
Event: 13.352 Thread 0x0000028061cb1000 Exception <a 'java/lang/NoSuchMethodError'{0x000000008a07c078}: 'void java.lang.invoke.DirectMethodHandle$Holder.invokeSpecial(java.lang.Object, java.lang.Object, java.lang.Object, java.lang.Object, java.lang.Object, java.lang.Object, java.lang.Object)'> (0x000000008a07c078) thrown at [./src/hotspot/share/interpreter/linkResolver.cpp, line 773]
Event: 13.354 Thread 0x0000028061cb1000 Exception <a 'java/lang/NoSuchMethodError'{0x000000008a0842c0}: 'java.lang.Object java.lang.invoke.Invokers$Holder.linkToTargetMethod(java.lang.Object, java.lang.Object, java.lang.Object, java.lang.Object, java.lang.Object, java.lang.Object)'> (0x000000008a0842c0) thrown at [./src/hotspot/share/interpreter/linkResolver.cpp, line 773]
Event: 14.508 Thread 0x0000028061cb1000 Exception <a 'java/lang/NoSuchMethodError'{0x00000000893b7568}: 'void java.lang.invoke.DirectMethodHandle$Holder.invokeStaticInit(java.lang.Object, java.lang.Object)'> (0x00000000893b7568) thrown at [./src/hotspot/share/interpreter/linkResolver.cpp, line 773]
Event: 15.065 Thread 0x0000028061cb1000 Exception <a 'java/lang/NoSuchMethodError'{0x0000000088c098b0}: 'void java.lang.invoke.DirectMethodHandle$Holder.invokeStatic(java.lang.Object, java.lang.Object, java.lang.Object, java.lang.Object)'> (0x0000000088c098b0) thrown at [./src/hotspot/share/interpreter/linkResolver.cpp, line 773]
Event: 15.070 Thread 0x0000028061cb1000 Exception <a 'java/lang/NoSuchMethodError'{0x0000000088c1d350}: 'int java.lang.invoke.DirectMethodHandle$Holder.invokeInterface(java.lang.Object, java.lang.Object)'> (0x0000000088c1d350) thrown at [./src/hotspot/share/interpreter/linkResolver.cpp, line 773]
Event: 15.341 Thread 0x0000028061cb1000 Exception <a 'java/lang/NoSuchMethodError'{0x0000000088162270}: 'java.lang.Object java.lang.invoke.DirectMethodHandle$Holder.invokeSpecialIFC(java.lang.Object, java.lang.Object, java.lang.Object, java.lang.Object)'> (0x0000000088162270) thrown at [./src/hotspot/share/interpreter/linkResolver.cpp, line 773]
Event: 15.364 Thread 0x0000028061cb1000 Exception <a 'java/lang/NoSuchMethodError'{0x0000000088050c78}: 'java.lang.Object java.lang.invoke.DirectMethodHandle$Holder.invokeSpecial(java.lang.Object, java.lang.Object, java.lang.Object, java.lang.Object, java.lang.Object, java.lang.Object, java.lang.Object, java.lang.Object, java.lang.Object, java.lang.Object, java.lang.Object, java.lang.Object, java.lang.Object)'> (0x0000000088050c78) thrown at [./src/hotspot/share/interpreter/linkResolver.cpp, line 773]
Event: 15.365 Thread 0x0000028061cb1000 Exception <a 'java/lang/NoSuchMethodError'{0x0000000088061f00}: 'java.lang.Object java.lang.invoke.DirectMethodHandle$Holder.invokeSpecial(java.lang.Object, java.lang.Object, java.lang.Object, java.lang.Object, java.lang.Object, java.lang.Object, java.lang.Object, java.lang.Object, java.lang.Object, java.lang.Object, java.lang.Object, java.lang.Object)'> (0x0000000088061f00) thrown at [./src/hotspot/share/interpreter/linkResolver.cpp, line 773]
Event: 15.365 Thread 0x0000028061cb1000 Exception <a 'java/lang/NoSuchMethodError'{0x0000000088067028}: 'java.lang.Object java.lang.invoke.Invokers$Holder.linkToTargetMethod(java.lang.Object, java.lang.Object, java.lang.Object, java.lang.Object, java.lang.Object, java.lang.Object, java.lang.Object, java.lang.Object, java.lang.Object, java.lang.Object, java.lang.Object)'> (0x0000000088067028) thrown at [./src/hotspot/share/interpreter/linkResolver.cpp, line 773]
Event: 15.388 Thread 0x0000028061cb1000 Exception <a 'java/lang/NoSuchMethodError'{0x0000000087fa6ca0}: 'java.lang.Object java.lang.invoke.DirectMethodHandle$Holder.invokeSpecial(java.lang.Object, java.lang.Object, java.lang.Object, java.lang.Object, java.lang.Object, java.lang.Object, java.lang.Object, java.lang.Object, java.lang.Object, java.lang.Object, java.lang.Object, java.lang.Object, java.lang.Object, java.lang.Object)'> (0x0000000087fa6ca0) thrown at [./src/hotspot/share/interpreter/linkResolver.cpp, line 773]
Event: 15.390 Thread 0x0000028061cb1000 Exception <a 'java/lang/NoSuchMethodError'{0x0000000087fb8298}: 'java.lang.Object java.lang.invoke.Invokers$Holder.linkToTargetMethod(java.lang.Object, java.lang.Object, java.lang.Object, java.lang.Object, java.lang.Object, java.lang.Object, java.lang.Object, java.lang.Object, java.lang.Object, java.lang.Object, java.lang.Object, java.lang.Object)'> (0x0000000087fb8298) thrown at [./src/hotspot/share/interpreter/linkResolver.cpp, line 773]
Event: 15.421 Thread 0x0000028061cb1000 Exception <a 'java/lang/NoSuchMethodError'{0x000000008bf49640}: 'java.lang.Object java.lang.invoke.DirectMethodHandle$Holder.invokeStaticInit(java.lang.Object, java.lang.Object, java.lang.Object, java.lang.Object)'> (0x000000008bf49640) thrown at [./src/hotspot/share/interpreter/linkResolver.cpp, line 773]
Event: 15.586 Thread 0x0000028061cb1000 Implicit null exception at 0x00000280528d6ff5 to 0x00000280528d71bc
Event: 15.586 Thread 0x0000028061cb1000 Implicit null exception at 0x00000280528bb62f to 0x00000280528bb69d

Events (20 events):
Event: 15.578 loading class com/google/common/reflect/Invokable$ConstructorInvokable done
Event: 15.579 loading class com/google/common/reflect/TypeToken$SimpleTypeToken
Event: 15.579 loading class com/google/common/reflect/TypeToken$SimpleTypeToken done
Event: 15.580 loading class com/google/common/reflect/TypeToken$4
Event: 15.580 loading class com/google/common/reflect/TypeToken$4 done
Event: 15.581 loading class com/google/common/reflect/TypeVisitor
Event: 15.581 loading class com/google/common/reflect/TypeVisitor done
Event: 15.582 loading class com/google/common/reflect/TypeResolver
Event: 15.582 loading class com/google/common/reflect/TypeResolver done
Event: 15.583 loading class com/google/common/reflect/TypeResolver$TypeTable
Event: 15.583 loading class com/google/common/reflect/TypeResolver$TypeTable done
Event: 15.584 loading class com/google/common/reflect/TypeResolver$TypeTable$1
Event: 15.584 loading class com/google/common/reflect/TypeResolver$TypeTable$1 done
Event: 15.584 loading class com/google/common/reflect/TypeResolver$TypeMappingIntrospector
Event: 15.584 loading class com/google/common/reflect/TypeResolver$TypeMappingIntrospector done
Event: 15.585 loading class com/google/common/reflect/TypeResolver$TypeVariableKey
Event: 15.585 loading class com/google/common/reflect/TypeResolver$TypeVariableKey done
Event: 15.587 loading class com/google/common/reflect/Types
Event: 15.587 loading class com/google/common/reflect/Types done
Event: 15.588 Executing VM operation: CollectForMetadataAllocation


Dynamic libraries:
0x00007ff6c0be0000 - 0x00007ff6c0bea000 	C:\Program Files\Android\Android Studio\jre\bin\java.exe
0x00007ff8eff30000 - 0x00007ff8f0125000 	C:\WINDOWS\SYSTEM32\ntdll.dll
0x00007ff8ef540000 - 0x00007ff8ef5fe000 	C:\WINDOWS\System32\KERNEL32.DLL
0x00007ff8ed780000 - 0x00007ff8eda48000 	C:\WINDOWS\System32\KERNELBASE.dll
0x00007ff8eda50000 - 0x00007ff8edb50000 	C:\WINDOWS\System32\ucrtbase.dll
0x00007ff8abd10000 - 0x00007ff8abd29000 	C:\Program Files\Android\Android Studio\jre\bin\jli.dll
0x00007ff8edf90000 - 0x00007ff8ee131000 	C:\WINDOWS\System32\USER32.dll
0x00007ff8ede60000 - 0x00007ff8ede82000 	C:\WINDOWS\System32\win32u.dll
0x00007ff8ee330000 - 0x00007ff8ee35b000 	C:\WINDOWS\System32\GDI32.dll
0x00007ff8edd50000 - 0x00007ff8ede5b000 	C:\WINDOWS\System32\gdi32full.dll
0x00007ff8edb50000 - 0x00007ff8edbed000 	C:\WINDOWS\System32\msvcp_win.dll
0x00007ff8abcf0000 - 0x00007ff8abd07000 	C:\Program Files\Android\Android Studio\jre\bin\VCRUNTIME140.dll
0x00007ff8d06a0000 - 0x00007ff8d093a000 	C:\WINDOWS\WinSxS\amd64_microsoft.windows.common-controls_6595b64144ccf1df_6.0.19041.1110_none_60b5254171f9507e\COMCTL32.dll
0x00007ff8eeea0000 - 0x00007ff8eef3e000 	C:\WINDOWS\System32\msvcrt.dll
0x00007ff8ee790000 - 0x00007ff8ee7c0000 	C:\WINDOWS\System32\IMM32.DLL
0x00007ff8abc50000 - 0x00007ff8abced000 	C:\Program Files\Android\Android Studio\jre\bin\msvcp140.dll
0x00007ff893320000 - 0x00007ff893def000 	C:\Program Files\Android\Android Studio\jre\bin\server\jvm.dll
0x00007ff8ee9c0000 - 0x00007ff8eea6c000 	C:\WINDOWS\System32\ADVAPI32.dll
0x00007ff8ee360000 - 0x00007ff8ee3fb000 	C:\WINDOWS\System32\sechost.dll
0x00007ff8ee5f0000 - 0x00007ff8ee71a000 	C:\WINDOWS\System32\RPCRT4.dll
0x00007ff8ee5e0000 - 0x00007ff8ee5e8000 	C:\WINDOWS\System32\PSAPI.DLL
0x00007ff8e8670000 - 0x00007ff8e8679000 	C:\WINDOWS\SYSTEM32\WSOCK32.dll
0x00007ff8ee720000 - 0x00007ff8ee78b000 	C:\WINDOWS\System32\WS2_32.dll
0x00007ff8d32e0000 - 0x00007ff8d3307000 	C:\WINDOWS\SYSTEM32\WINMM.dll
0x00007ff8e4dc0000 - 0x00007ff8e4dca000 	C:\WINDOWS\SYSTEM32\VERSION.dll
0x00007ff8eb550000 - 0x00007ff8eb562000 	C:\WINDOWS\SYSTEM32\kernel.appcore.dll
0x00007ff8e8650000 - 0x00007ff8e8661000 	C:\Program Files\Android\Android Studio\jre\bin\verify.dll
0x00007ff8df050000 - 0x00007ff8df234000 	C:\WINDOWS\SYSTEM32\DBGHELP.DLL
0x00007ff8dfc70000 - 0x00007ff8dfc9c000 	C:\WINDOWS\SYSTEM32\dbgcore.DLL
0x00007ff8ede90000 - 0x00007ff8edf13000 	C:\WINDOWS\System32\bcryptPrimitives.dll
0x00007ff8e83d0000 - 0x00007ff8e83f9000 	C:\Program Files\Android\Android Studio\jre\bin\java.dll
0x00007ff8e8640000 - 0x00007ff8e864b000 	C:\Program Files\Android\Android Studio\jre\bin\jimage.dll
0x00007ff8e83b0000 - 0x00007ff8e83c8000 	C:\Program Files\Android\Android Studio\jre\bin\zip.dll
0x00007ff8ef600000 - 0x00007ff8efd3f000 	C:\WINDOWS\System32\SHELL32.dll
0x00007ff8eb750000 - 0x00007ff8ebee0000 	C:\WINDOWS\SYSTEM32\windows.storage.dll
0x00007ff8eea90000 - 0x00007ff8eede5000 	C:\WINDOWS\System32\combase.dll
0x00007ff8ed0a0000 - 0x00007ff8ed0ce000 	C:\WINDOWS\SYSTEM32\Wldp.dll
0x00007ff8ee7c0000 - 0x00007ff8ee86d000 	C:\WINDOWS\System32\SHCORE.dll
0x00007ff8ee4e0000 - 0x00007ff8ee535000 	C:\WINDOWS\System32\shlwapi.dll
0x00007ff8ed590000 - 0x00007ff8ed5af000 	C:\WINDOWS\SYSTEM32\profapi.dll
0x00007ff8e8390000 - 0x00007ff8e83aa000 	C:\Program Files\Android\Android Studio\jre\bin\net.dll
0x00007ff8df760000 - 0x00007ff8df86c000 	C:\WINDOWS\SYSTEM32\WINHTTP.dll
0x00007ff8ece00000 - 0x00007ff8ece6a000 	C:\WINDOWS\system32\mswsock.dll
0x00007ff8e8370000 - 0x00007ff8e8384000 	C:\Program Files\Android\Android Studio\jre\bin\nio.dll
0x00007ff8ca020000 - 0x00007ff8ca047000 	C:\Users\OMAR\.gradle\native\8bec1ad78214c89d9ad589b4d07fe93259594b29d510b10fafb7a158f7737e5d\windows-amd64\native-platform.dll
0x00007ff8ae1e0000 - 0x00007ff8ae31d000 	C:\Users\OMAR\.gradle\native\53dbd7edfb1c66fb8903c78663c9afc45aea4f116125fa6feffd364cf09443e8\windows-amd64\native-platform-file-events.dll
0x00007ff8e8360000 - 0x00007ff8e836a000 	C:\Program Files\Android\Android Studio\jre\bin\management.dll
0x00007ff8e8350000 - 0x00007ff8e835c000 	C:\Program Files\Android\Android Studio\jre\bin\management_ext.dll
0x00007ff8ecff0000 - 0x00007ff8ed008000 	C:\WINDOWS\SYSTEM32\CRYPTSP.dll
0x00007ff8ec710000 - 0x00007ff8ec744000 	C:\WINDOWS\system32\rsaenh.dll
0x00007ff8ed700000 - 0x00007ff8ed727000 	C:\WINDOWS\System32\bcrypt.dll
0x00007ff8ed550000 - 0x00007ff8ed57e000 	C:\WINDOWS\SYSTEM32\USERENV.dll
0x00007ff8ed010000 - 0x00007ff8ed01c000 	C:\WINDOWS\SYSTEM32\CRYPTBASE.dll
0x00007ff8ecaa0000 - 0x00007ff8ecadb000 	C:\WINDOWS\SYSTEM32\IPHLPAPI.DLL
0x00007ff8edf80000 - 0x00007ff8edf88000 	C:\WINDOWS\System32\NSI.dll
0x00007ff8e4530000 - 0x00007ff8e4547000 	C:\WINDOWS\SYSTEM32\dhcpcsvc6.DLL
0x00007ff8e4dd0000 - 0x00007ff8e4ded000 	C:\WINDOWS\SYSTEM32\dhcpcsvc.DLL
0x00007ff8ecae0000 - 0x00007ff8ecbab000 	C:\WINDOWS\SYSTEM32\DNSAPI.dll

dbghelp: loaded successfully - version: 4.0.5 - missing functions: none
symbol engine: initialized successfully - sym options: 0x614 - pdb path: .;C:\Program Files\Android\Android Studio\jre\bin;C:\WINDOWS\SYSTEM32;C:\WINDOWS\WinSxS\amd64_microsoft.windows.common-controls_6595b64144ccf1df_6.0.19041.1110_none_60b5254171f9507e;C:\Program Files\Android\Android Studio\jre\bin\server;C:\Users\OMAR\.gradle\native\8bec1ad78214c89d9ad589b4d07fe93259594b29d510b10fafb7a158f7737e5d\windows-amd64;C:\Users\OMAR\.gradle\native\53dbd7edfb1c66fb8903c78663c9afc45aea4f116125fa6feffd364cf09443e8\windows-amd64

VM Arguments:
jvm_args: --add-opens=java.base/java.util=ALL-UNNAMED --add-opens=java.base/java.lang=ALL-UNNAMED --add-opens=java.base/java.lang.invoke=ALL-UNNAMED --add-opens=java.base/java.util=ALL-UNNAMED --add-opens=java.prefs/java.util.prefs=ALL-UNNAMED --add-opens=java.prefs/java.util.prefs=ALL-UNNAMED --add-opens=java.base/java.nio.charset=ALL-UNNAMED --add-opens=java.base/java.net=ALL-UNNAMED --add-opens=java.base/java.util.concurrent.atomic=ALL-UNNAMED -Xmx2048m -Dfile.encoding=UTF-8 -Duser.country=US -Duser.language=en -Duser.variant 
java_command: org.gradle.launcher.daemon.bootstrap.GradleDaemon 7.0.2
java_class_path (initial): C:\Users\OMAR\.gradle\wrapper\dists\gradle-7.0.2-bin\857tjihv64xamwrf0h14cai3r\gradle-7.0.2\lib\gradle-launcher-7.0.2.jar
Launcher Type: SUN_STANDARD

[Global flags]
     intx CICompilerCount                          = 3                                         {product} {ergonomic}
     uint ConcGCThreads                            = 1                                         {product} {ergonomic}
     uint G1ConcRefinementThreads                  = 4                                         {product} {ergonomic}
   size_t G1HeapRegionSize                         = 1048576                                   {product} {ergonomic}
    uintx GCDrainStackTargetSize                   = 64                                        {product} {ergonomic}
   size_t InitialHeapSize                          = 201326592                                 {product} {ergonomic}
   size_t MarkStackSize                            = 4194304                                   {product} {ergonomic}
   size_t MaxHeapSize                              = 2147483648                                {product} {command line}
   size_t MaxNewSize                               = 1287651328                                {product} {ergonomic}
   size_t MinHeapDeltaBytes                        = 1048576                                   {product} {ergonomic}
    uintx NonNMethodCodeHeapSize                   = 5830732                                {pd product} {ergonomic}
    uintx NonProfiledCodeHeapSize                  = 122913754                              {pd product} {ergonomic}
    uintx ProfiledCodeHeapSize                     = 122913754                              {pd product} {ergonomic}
    uintx ReservedCodeCacheSize                    = 251658240                              {pd product} {ergonomic}
     bool SegmentedCodeCache                       = true                                      {product} {ergonomic}
     bool UseCompressedClassPointers               = true                                 {lp64_product} {ergonomic}
     bool UseCompressedOops                        = true                                 {lp64_product} {ergonomic}
     bool UseG1GC                                  = true                                      {product} {ergonomic}
     bool UseLargePagesIndividualAllocation        = false                                  {pd product} {ergonomic}

Logging:
Log output configuration:
 #0: stdout all=warning uptime,level,tags
 #1: stderr all=off uptime,level,tags

Environment Variables:
PATH=C:\WINDOWS\system32;C:\WINDOWS;C:\WINDOWS\System32\Wbem;C:\WINDOWS\System32\WindowsPowerShell\v1.0\;C:\WINDOWS\System32\OpenSSH\;C:\Program Files\Git\cmd;C:\Users\OMAR\AppData\Local\Microsoft\WindowsApps;;C:\Users\OMAR\AppData\Local\Programs\Microsoft VS Code\bin
USERNAME=OMAR
OS=Windows_NT
PROCESSOR_IDENTIFIER=Intel64 Family 6 Model 78 Stepping 3, GenuineIntel



---------------  S Y S T E M  ---------------

OS: Windows 10 , 64 bit Build 19041 (10.0.19041.1348)
OS uptime: 1 days 11:09 hours

CPU:total 4 (initial active 4) (2 cores per cpu, 2 threads per core) family 6 model 78 stepping 3 microcode 0xcc, cmov, cx8, fxsr, mmx, sse, sse2, sse3, ssse3, sse4.1, sse4.2, popcnt, avx, avx2, aes, clmul, erms, 3dnowpref, lzcnt, ht, tsc, tscinvbit, bmi1, bmi2, adx, fma

Memory: 4k page, system-wide physical 12184M (327M free)
TotalPageFile size 41896M (AvailPageFile size 0M)
current process WorkingSet (physical memory assigned to process): 197M, peak: 197M
current process commit charge ("private bytes"): 335M, peak: 336M

vm_info: OpenJDK 64-Bit Server VM (11.0.10+0-b96-7249189) for windows-amd64 JRE (11.0.10+0-b96-7249189), built on Mar 31 2021 21:44:00 by "builder" with MS VC++ 14.0 (VS2015)

END.
