#
# There is insufficient memory for the Java Runtime Environment to continue.
# Native memory allocation (malloc) failed to allocate 1926576 bytes for Chunk::new
# Possible reasons:
#   The system is out of physical RAM or swap space
#   The process is running with CompressedOops enabled, and the Java Heap may be blocking the growth of the native heap
# Possible solutions:
#   Reduce memory load on the system
#   Increase physical memory or swap space
#   Check if swap backing store is full
#   Decrease Java heap size (-Xmx/-Xms)
#   Decrease number of Java threads
#   Decrease Java thread stack sizes (-Xss)
#   Set larger code cache with -XX:ReservedCodeCacheSize=
#   JVM is running with Unscaled Compressed Oops mode in which the Java heap is
#     placed in the first 4GB address space. The Java Heap base address is the
#     maximum limit for the native heap growth. Please use -XX:HeapBaseMinAddress
#     to set the Java Heap base and to place the Java Heap above 4GB virtual address.
# This output file may be truncated or incomplete.
#
#  Out of Memory Error (./src/hotspot/share/memory/arena.cpp:197), pid=13876, tid=4360
#
# JRE version: OpenJDK Runtime Environment (11.0.10) (build 11.0.10+0-b96-7249189)
# Java VM: OpenJDK 64-Bit Server VM (11.0.10+0-b96-7249189, mixed mode, tiered, compressed oops, g1 gc, windows-amd64)
# No core dump will be written. Minidumps are not enabled by default on client versions of Windows
#

---------------  S U M M A R Y ------------

Command Line: --add-opens=java.base/java.util=ALL-UNNAMED --add-opens=java.base/java.lang=ALL-UNNAMED --add-opens=java.base/java.lang.invoke=ALL-UNNAMED --add-opens=java.base/java.util=ALL-UNNAMED --add-opens=java.prefs/java.util.prefs=ALL-UNNAMED --add-opens=java.prefs/java.util.prefs=ALL-UNNAMED --add-opens=java.base/java.nio.charset=ALL-UNNAMED --add-opens=java.base/java.net=ALL-UNNAMED --add-opens=java.base/java.util.concurrent.atomic=ALL-UNNAMED -Xmx2048m -Dfile.encoding=UTF-8 -Duser.country=US -Duser.language=en -Duser.variant org.gradle.launcher.daemon.bootstrap.GradleDaemon 7.0.2

Host: Intel(R) Core(TM) i5-6200U CPU @ 2.30GHz, 4 cores, 11G,  Windows 10 , 64 bit Build 19041 (10.0.19041.1348)
Time: Thu Dec 16 20:38:30 2021 Jordan Standard Time elapsed time: 32.294405 seconds (0d 0h 0m 32s)

---------------  T H R E A D  ---------------

Current thread (0x00000126a4c07000):  JavaThread "C2 CompilerThread1" daemon [_thread_in_native, id=4360, stack(0x0000001700d00000,0x0000001700e00000)]


Current CompileTask:
C2:  32294 7807       4       org.gradle.internal.instantiation.generator.AbstractClassGenerator::inspectType (560 bytes)

Stack: [0x0000001700d00000,0x0000001700e00000]
Native frames: (J=compiled Java code, j=interpreted, Vv=VM code, C=native code)
V  [jvm.dll+0x5ecfaa]
V  [jvm.dll+0x722bd5]
V  [jvm.dll+0x72412d]
V  [jvm.dll+0x7247e3]
V  [jvm.dll+0x242928]
V  [jvm.dll+0xbc4fc]
V  [jvm.dll+0xbca0c]
V  [jvm.dll+0x352d7d]
V  [jvm.dll+0x19800c]
V  [jvm.dll+0x1fb70e]
V  [jvm.dll+0x1fa7f4]
V  [jvm.dll+0x18354c]
V  [jvm.dll+0x208ee7]
V  [jvm.dll+0x207731]
V  [jvm.dll+0x6eb1cf]
V  [jvm.dll+0x6e3d45]
V  [jvm.dll+0x5ebe96]
C  [ucrtbase.dll+0x21bb2]
C  [KERNEL32.DLL+0x17034]
C  [ntdll.dll+0x52651]


---------------  P R O C E S S  ---------------

Threads class SMR info:
_java_thread_list=0x00000126a68b6e80, length=48, elements={
0x0000012685dca000, 0x00000126a09a1800, 0x00000126a09a2800, 0x00000126a09f6800,
0x00000126a09fa800, 0x00000126a09fc000, 0x00000126a09ff000, 0x00000126a0a00000,
0x00000126a0a50800, 0x00000126a0b4b000, 0x00000126a384e800, 0x00000126a2c5e800,
0x00000126a176a000, 0x00000126a3f50800, 0x00000126a3716800, 0x00000126a4782000,
0x00000126a1a6b800, 0x00000126a0a23000, 0x00000126a0a23800, 0x00000126a1a5e800,
0x00000126a1a60000, 0x00000126a1a5f800, 0x00000126a1a61000, 0x00000126a1a63800,
0x00000126a1a62000, 0x00000126a1a62800, 0x00000126a1a5d800, 0x00000126a1a64000,
0x00000126a4641800, 0x00000126a4640800, 0x00000126a4642000, 0x00000126a4646000,
0x00000126a4643800, 0x00000126a4645800, 0x00000126a4647000, 0x00000126a4649800,
0x00000126a4648800, 0x00000126a464a800, 0x00000126a4644800, 0x00000126a464b000,
0x00000126a464c000, 0x00000126a464c800, 0x00000126a4c07000, 0x00000126a464e800,
0x00000126a464f000, 0x00000126aaba9800, 0x00000126aabac000, 0x00000126aaba8000
}

Java Threads: ( => current thread )
  0x0000012685dca000 JavaThread "main" [_thread_blocked, id=5652, stack(0x000000177eb00000,0x000000177ec00000)]
  0x00000126a09a1800 JavaThread "Reference Handler" daemon [_thread_blocked, id=4080, stack(0x000000177f200000,0x000000177f300000)]
  0x00000126a09a2800 JavaThread "Finalizer" daemon [_thread_blocked, id=3308, stack(0x000000177f300000,0x000000177f400000)]
  0x00000126a09f6800 JavaThread "Signal Dispatcher" daemon [_thread_blocked, id=9168, stack(0x000000177f400000,0x000000177f500000)]
  0x00000126a09fa800 JavaThread "Attach Listener" daemon [_thread_blocked, id=11896, stack(0x000000177f500000,0x000000177f600000)]
  0x00000126a09fc000 JavaThread "Service Thread" daemon [_thread_blocked, id=2188, stack(0x000000177f600000,0x000000177f700000)]
  0x00000126a09ff000 JavaThread "C2 CompilerThread0" daemon [_thread_blocked, id=13408, stack(0x000000177f700000,0x000000177f800000)]
  0x00000126a0a00000 JavaThread "C1 CompilerThread0" daemon [_thread_blocked, id=1100, stack(0x000000177f800000,0x000000177f900000)]
  0x00000126a0a50800 JavaThread "Sweeper thread" daemon [_thread_blocked, id=1352, stack(0x000000177f900000,0x000000177fa00000)]
  0x00000126a0b4b000 JavaThread "Common-Cleaner" daemon [_thread_blocked, id=2248, stack(0x000000177fa00000,0x000000177fb00000)]
  0x00000126a384e800 JavaThread "Daemon health stats" [_thread_blocked, id=2220, stack(0x0000001700000000,0x0000001700100000)]
  0x00000126a2c5e800 JavaThread "Incoming local TCP Connector on port 60177" [_thread_in_native, id=1780, stack(0x0000001700100000,0x0000001700200000)]
  0x00000126a176a000 JavaThread "Daemon periodic checks" [_thread_blocked, id=7360, stack(0x0000001700200000,0x0000001700300000)]
  0x00000126a3f50800 JavaThread "Daemon" [_thread_blocked, id=12336, stack(0x0000001700300000,0x0000001700400000)]
  0x00000126a3716800 JavaThread "Handler for socket connection from /127.0.0.1:60177 to /127.0.0.1:60178" [_thread_in_native, id=3940, stack(0x0000001700400000,0x0000001700500000)]
  0x00000126a4782000 JavaThread "Cancel handler" [_thread_blocked, id=6672, stack(0x0000001700500000,0x0000001700600000)]
  0x00000126a1a6b800 JavaThread "Daemon worker" [_thread_blocked, id=8456, stack(0x0000001700600000,0x0000001700700000)]
  0x00000126a0a23000 JavaThread "Asynchronous log dispatcher for DefaultDaemonConnection: socket connection from /127.0.0.1:60177 to /127.0.0.1:60178" [_thread_blocked, id=10648, stack(0x0000001700700000,0x0000001700800000)]
  0x00000126a0a23800 JavaThread "Stdin handler" [_thread_blocked, id=9904, stack(0x0000001700800000,0x0000001700900000)]
  0x00000126a1a5e800 JavaThread "Daemon client event forwarder" [_thread_blocked, id=14328, stack(0x0000001700900000,0x0000001700a00000)]
  0x00000126a1a60000 JavaThread "Cache worker for file hash cache (C:\Users\OMAR\.gradle\caches\7.0.2\fileHashes)" [_thread_blocked, id=10532, stack(0x0000001700a00000,0x0000001700b00000)]
  0x00000126a1a5f800 JavaThread "File lock request listener" [_thread_in_native, id=13396, stack(0x0000001700b00000,0x0000001700c00000)]
  0x00000126a1a61000 JavaThread "Cache worker for journal cache (C:\Users\OMAR\.gradle\caches\journal-1)" [_thread_blocked, id=2396, stack(0x0000001700c00000,0x0000001700d00000)]
  0x00000126a1a63800 JavaThread "Cache worker for file hash cache (C:\Users\OMAR\AndroidStudioProjects\Ministry_of_Health\Ministry_of_Health\.gradle\7.0.2\fileHashes)" [_thread_blocked, id=4420, stack(0x0000001700e00000,0x0000001700f00000)]
  0x00000126a1a62000 JavaThread "File watcher server" daemon [_thread_in_native, id=2020, stack(0x0000001700f00000,0x0000001701000000)]
  0x00000126a1a62800 JavaThread "File watcher consumer" daemon [_thread_blocked, id=11792, stack(0x0000001701000000,0x0000001701100000)]
  0x00000126a1a5d800 JavaThread "Cache worker for checksums cache (C:\Users\OMAR\AndroidStudioProjects\Ministry_of_Health\Ministry_of_Health\.gradle\checksums)" [_thread_blocked, id=4572, stack(0x0000001701100000,0x0000001701200000)]
  0x00000126a1a64000 JavaThread "Cache worker for cache directory md-supplier (C:\Users\OMAR\.gradle\caches\7.0.2\md-supplier)" [_thread_blocked, id=852, stack(0x0000001701200000,0x0000001701300000)]
  0x00000126a4641800 JavaThread "Cache worker for cache directory md-rule (C:\Users\OMAR\.gradle\caches\7.0.2\md-rule)" [_thread_blocked, id=9880, stack(0x0000001701300000,0x0000001701400000)]
  0x00000126a4640800 JavaThread "Cache worker for execution history cache (C:\Users\OMAR\.gradle\caches\7.0.2\executionHistory)" [_thread_blocked, id=7208, stack(0x0000001701400000,0x0000001701500000)]
  0x00000126a4642000 JavaThread "jar transforms" [_thread_blocked, id=2364, stack(0x0000001701500000,0x0000001701600000)]
  0x00000126a4646000 JavaThread "jar transforms Thread 2" [_thread_blocked, id=11796, stack(0x0000001701600000,0x0000001701700000)]
  0x00000126a4643800 JavaThread "Cache worker for file content cache (C:\Users\OMAR\.gradle\caches\7.0.2\fileContent)" [_thread_blocked, id=6868, stack(0x0000001701700000,0x0000001701800000)]
  0x00000126a4645800 JavaThread "Cache worker for dependencies-accessors (C:\Users\OMAR\AndroidStudioProjects\Ministry_of_Health\Ministry_of_Health\.gradle\7.0.2\dependencies-accessors)" [_thread_blocked, id=4680, stack(0x0000001701800000,0x0000001701900000)]
  0x00000126a4647000 JavaThread "jar transforms Thread 3" [_thread_blocked, id=14132, stack(0x0000001701900000,0x0000001701a00000)]
  0x00000126a4649800 JavaThread "Cache worker for Build Output Cleanup Cache (C:\Users\OMAR\AndroidStudioProjects\Ministry_of_Health\Ministry_of_Health\.gradle\buildOutputCleanup)" [_thread_in_native, id=7528, stack(0x0000001701a00000,0x0000001701b00000)]
  0x00000126a4648800 JavaThread "Build operations" [_thread_blocked, id=8328, stack(0x0000001701b00000,0x0000001701c00000)]
  0x00000126a464a800 JavaThread "Build operations Thread 2" [_thread_blocked, id=8944, stack(0x0000001701c00000,0x0000001701d00000)]
  0x00000126a4644800 JavaThread "Build operations Thread 3" [_thread_blocked, id=12640, stack(0x0000001701d00000,0x0000001701e00000)]
  0x00000126a464b000 JavaThread "Build operations Thread 4" [_thread_blocked, id=10180, stack(0x0000001701e00000,0x0000001701f00000)]
  0x00000126a464c000 JavaThread "jar transforms Thread 4" [_thread_blocked, id=9964, stack(0x0000001701f00000,0x0000001702000000)]
  0x00000126a464c800 JavaThread "Memory manager" [_thread_blocked, id=4220, stack(0x0000001702100000,0x0000001702200000)]
=>0x00000126a4c07000 JavaThread "C2 CompilerThread1" daemon [_thread_in_native, id=4360, stack(0x0000001700d00000,0x0000001700e00000)]
  0x00000126a464e800 JavaThread "build event listener" [_thread_in_vm, id=8728, stack(0x0000001702200000,0x0000001702300000)]
  0x00000126a464f000 JavaThread "Execution worker for ':'" [_thread_blocked, id=2040, stack(0x0000001702300000,0x0000001702400000)]
  0x00000126aaba9800 JavaThread "Execution worker for ':' Thread 2" [_thread_blocked, id=1764, stack(0x0000001702400000,0x0000001702500000)]
  0x00000126aabac000 JavaThread "Execution worker for ':' Thread 3" [_thread_blocked, id=13104, stack(0x0000001702500000,0x0000001702600000)]
  0x00000126aaba8000 JavaThread "Cache worker for execution history cache (C:\Users\OMAR\AndroidStudioProjects\Ministry_of_Health\Ministry_of_Health\.gradle\7.0.2\executionHistory)" [_thread_blocked, id=6384, stack(0x0000001702600000,0x0000001702700000)]

Other Threads:
  0x00000126a017f800 VMThread "VM Thread" [stack: 0x000000177f100000,0x000000177f200000] [id=1192]
  0x00000126a0ba8800 WatcherThread [stack: 0x000000177fb00000,0x000000177fc00000] [id=11540]
  0x0000012685de3800 GCTaskThread "GC Thread#0" [stack: 0x000000177ec00000,0x000000177ed00000] [id=2116]
  0x00000126a1595800 GCTaskThread "GC Thread#1" [stack: 0x000000177fc00000,0x000000177fd00000] [id=5836]
  0x00000126a1298000 GCTaskThread "GC Thread#2" [stack: 0x000000177fd00000,0x000000177fe00000] [id=12812]
  0x00000126a1163000 GCTaskThread "GC Thread#3" [stack: 0x000000177fe00000,0x000000177ff00000] [id=12892]
  0x0000012685e14000 ConcurrentGCThread "G1 Main Marker" [stack: 0x000000177ed00000,0x000000177ee00000] [id=13056]
  0x0000012685e15800 ConcurrentGCThread "G1 Conc#0" [stack: 0x000000177ee00000,0x000000177ef00000] [id=1680]
  0x000001269ffce800 ConcurrentGCThread "G1 Refine#0" [stack: 0x000000177ef00000,0x000000177f000000] [id=12496]
  0x00000126a28ba800 ConcurrentGCThread "G1 Refine#1" [stack: 0x0000001702000000,0x0000001702100000] [id=800]
  0x000001269ffcf000 ConcurrentGCThread "G1 Young RemSet Sampling" [stack: 0x000000177f000000,0x000000177f100000] [id=584]

Threads with active compile tasks:
C2 CompilerThread1  32349 7807       4       org.gradle.internal.instantiation.generator.AbstractClassGenerator::inspectType (560 bytes)

VM state:not at safepoint (normal execution)

VM Mutex/Monitor currently owned by a thread: None

Heap address: 0x0000000080000000, size: 2048 MB, Compressed Oops mode: 32-bit
Narrow klass base: 0x0000000000000000, Narrow klass shift: 3
Compressed class space size: 1073741824 Address: 0x0000000100000000

Heap:
 garbage-first heap   total 196608K, used 137682K [0x0000000080000000, 0x0000000100000000)
  region size 1024K, 87 young (89088K), 12 survivors (12288K)
 Metaspace       used 80675K, capacity 82654K, committed 82812K, reserved 1120256K
  class space    used 10490K, capacity 11201K, committed 11264K, reserved 1048576K
Heap Regions: E=young(eden), S=young(survivor), O=old, HS=humongous(starts), HC=humongous(continues), CS=collection set, F=free, A=archive, TAMS=top-at-mark-start (previous, next)
|   0|0x0000000080000000, 0x0000000080100000, 0x0000000080100000|100%| O|  |TAMS 0x0000000080100000, 0x0000000080000000| Untracked 
|   1|0x0000000080100000, 0x0000000080200000, 0x0000000080200000|100%| O|  |TAMS 0x0000000080200000, 0x0000000080100000| Untracked 
|   2|0x0000000080200000, 0x0000000080300000, 0x0000000080300000|100%| O|  |TAMS 0x0000000080300000, 0x0000000080200000| Untracked 
|   3|0x0000000080300000, 0x0000000080400000, 0x0000000080400000|100%|HS|  |TAMS 0x0000000080400000, 0x0000000080300000| Complete 
|   4|0x0000000080400000, 0x0000000080500000, 0x0000000080500000|100%|HC|  |TAMS 0x0000000080500000, 0x0000000080400000| Complete 
|   5|0x0000000080500000, 0x0000000080600000, 0x0000000080600000|100%|HC|  |TAMS 0x0000000080600000, 0x0000000080500000| Complete 
|   6|0x0000000080600000, 0x0000000080700000, 0x0000000080700000|100%| O|  |TAMS 0x0000000080700000, 0x0000000080600000| Untracked 
|   7|0x0000000080700000, 0x0000000080800000, 0x0000000080800000|100%| O|  |TAMS 0x0000000080800000, 0x0000000080700000| Untracked 
|   8|0x0000000080800000, 0x0000000080900000, 0x0000000080900000|100%| O|  |TAMS 0x0000000080900000, 0x0000000080800000| Untracked 
|   9|0x0000000080900000, 0x0000000080a00000, 0x0000000080a00000|100%| O|  |TAMS 0x0000000080a00000, 0x0000000080900000| Untracked 
|  10|0x0000000080a00000, 0x0000000080b00000, 0x0000000080b00000|100%| O|  |TAMS 0x0000000080b00000, 0x0000000080a00000| Untracked 
|  11|0x0000000080b00000, 0x0000000080c00000, 0x0000000080c00000|100%| O|  |TAMS 0x0000000080c00000, 0x0000000080b00000| Untracked 
|  12|0x0000000080c00000, 0x0000000080d00000, 0x0000000080d00000|100%| O|  |TAMS 0x0000000080d00000, 0x0000000080c00000| Untracked 
|  13|0x0000000080d00000, 0x0000000080e00000, 0x0000000080e00000|100%| O|  |TAMS 0x0000000080e00000, 0x0000000080d00000| Untracked 
|  14|0x0000000080e00000, 0x0000000080f00000, 0x0000000080f00000|100%| O|  |TAMS 0x0000000080f00000, 0x0000000080e00000| Untracked 
|  15|0x0000000080f00000, 0x0000000081000000, 0x0000000081000000|100%| O|  |TAMS 0x0000000081000000, 0x0000000080f00000| Untracked 
|  16|0x0000000081000000, 0x0000000081100000, 0x0000000081100000|100%|HS|  |TAMS 0x0000000081100000, 0x0000000081000000| Complete 
|  17|0x0000000081100000, 0x0000000081200000, 0x0000000081200000|100%|HS|  |TAMS 0x0000000081200000, 0x0000000081100000| Complete 
|  18|0x0000000081200000, 0x0000000081300000, 0x0000000081300000|100%|HS|  |TAMS 0x0000000081300000, 0x0000000081200000| Complete 
|  19|0x0000000081300000, 0x0000000081400000, 0x0000000081400000|100%|HS|  |TAMS 0x0000000081400000, 0x0000000081300000| Complete 
|  20|0x0000000081400000, 0x0000000081500000, 0x0000000081500000|100%|HC|  |TAMS 0x0000000081500000, 0x0000000081400000| Complete 
|  21|0x0000000081500000, 0x0000000081600000, 0x0000000081600000|100%|HC|  |TAMS 0x0000000081600000, 0x0000000081500000| Complete 
|  22|0x0000000081600000, 0x0000000081700000, 0x0000000081700000|100%|HS|  |TAMS 0x0000000081700000, 0x0000000081600000| Complete 
|  23|0x0000000081700000, 0x0000000081800000, 0x0000000081800000|100%|HC|  |TAMS 0x0000000081800000, 0x0000000081700000| Complete 
|  24|0x0000000081800000, 0x0000000081900000, 0x0000000081900000|100%| O|  |TAMS 0x0000000081900000, 0x0000000081800000| Untracked 
|  25|0x0000000081900000, 0x0000000081a00000, 0x0000000081a00000|100%| O|  |TAMS 0x0000000081a00000, 0x0000000081900000| Untracked 
|  26|0x0000000081a00000, 0x0000000081b00000, 0x0000000081b00000|100%| O|  |TAMS 0x0000000081b00000, 0x0000000081a00000| Untracked 
|  27|0x0000000081b00000, 0x0000000081c00000, 0x0000000081c00000|100%| O|  |TAMS 0x0000000081c00000, 0x0000000081b00000| Untracked 
|  28|0x0000000081c00000, 0x0000000081d00000, 0x0000000081d00000|100%| O|  |TAMS 0x0000000081d00000, 0x0000000081c00000| Untracked 
|  29|0x0000000081d00000, 0x0000000081e00000, 0x0000000081e00000|100%| O|  |TAMS 0x0000000081e00000, 0x0000000081d00000| Untracked 
|  30|0x0000000081e00000, 0x0000000081f00000, 0x0000000081f00000|100%| O|  |TAMS 0x0000000081f00000, 0x0000000081e00000| Untracked 
|  31|0x0000000081f00000, 0x0000000082000000, 0x0000000082000000|100%| O|  |TAMS 0x0000000082000000, 0x0000000081f00000| Untracked 
|  32|0x0000000082000000, 0x0000000082100000, 0x0000000082100000|100%| O|  |TAMS 0x0000000082100000, 0x0000000082000000| Untracked 
|  33|0x0000000082100000, 0x0000000082200000, 0x0000000082200000|100%| O|  |TAMS 0x0000000082200000, 0x0000000082100000| Untracked 
|  34|0x0000000082200000, 0x0000000082300000, 0x0000000082300000|100%| O|  |TAMS 0x0000000082300000, 0x0000000082200000| Untracked 
|  35|0x0000000082300000, 0x0000000082400000, 0x0000000082400000|100%| O|  |TAMS 0x0000000082400000, 0x0000000082300000| Untracked 
|  36|0x0000000082400000, 0x0000000082500000, 0x0000000082500000|100%| O|  |TAMS 0x0000000082500000, 0x0000000082400000| Untracked 
|  37|0x0000000082500000, 0x0000000082600000, 0x0000000082600000|100%| O|  |TAMS 0x0000000082600000, 0x0000000082500000| Untracked 
|  38|0x0000000082600000, 0x0000000082700000, 0x0000000082700000|100%| O|  |TAMS 0x0000000082700000, 0x0000000082600000| Untracked 
|  39|0x0000000082700000, 0x0000000082800000, 0x0000000082800000|100%| O|  |TAMS 0x0000000082800000, 0x0000000082700000| Untracked 
|  40|0x0000000082800000, 0x0000000082900000, 0x0000000082900000|100%| O|  |TAMS 0x0000000082900000, 0x0000000082800000| Untracked 
|  41|0x0000000082900000, 0x0000000082a00000, 0x0000000082a00000|100%| O|  |TAMS 0x0000000082a00000, 0x0000000082900000| Untracked 
|  42|0x0000000082a00000, 0x0000000082b00000, 0x0000000082b00000|100%| O|  |TAMS 0x0000000082b00000, 0x0000000082a00000| Untracked 
|  43|0x0000000082b00000, 0x0000000082c00000, 0x0000000082c00000|100%| O|  |TAMS 0x0000000082c00000, 0x0000000082b00000| Untracked 
|  44|0x0000000082c00000, 0x0000000082d00000, 0x0000000082d00000|100%| O|  |TAMS 0x0000000082c86400, 0x0000000082c00000| Untracked 
|  45|0x0000000082d00000, 0x0000000082e00000, 0x0000000082e00000|100%| O|  |TAMS 0x0000000082d00000, 0x0000000082d00000| Untracked 
|  46|0x0000000082e00000, 0x0000000082f00000, 0x0000000082f00000|100%| O|  |TAMS 0x0000000082e00000, 0x0000000082e00000| Untracked 
|  47|0x0000000082f00000, 0x0000000083000000, 0x0000000083000000|100%| O|  |TAMS 0x0000000082f00000, 0x0000000082f00000| Untracked 
|  48|0x0000000083000000, 0x0000000083074a00, 0x0000000083100000| 45%| O|  |TAMS 0x0000000083000000, 0x0000000083000000| Untracked 
|  49|0x0000000083100000, 0x0000000083100000, 0x0000000083200000|  0%| F|  |TAMS 0x0000000083100000, 0x0000000083100000| Untracked 
|  50|0x0000000083200000, 0x0000000083200000, 0x0000000083300000|  0%| F|  |TAMS 0x0000000083200000, 0x0000000083200000| Untracked 
|  51|0x0000000083300000, 0x0000000083300000, 0x0000000083400000|  0%| F|  |TAMS 0x0000000083300000, 0x0000000083300000| Untracked 
|  52|0x0000000083400000, 0x0000000083400000, 0x0000000083500000|  0%| F|  |TAMS 0x0000000083400000, 0x0000000083400000| Untracked 
|  53|0x0000000083500000, 0x0000000083500000, 0x0000000083600000|  0%| F|  |TAMS 0x0000000083500000, 0x0000000083500000| Untracked 
|  54|0x0000000083600000, 0x0000000083600000, 0x0000000083700000|  0%| F|  |TAMS 0x0000000083600000, 0x0000000083600000| Untracked 
|  55|0x0000000083700000, 0x0000000083700000, 0x0000000083800000|  0%| F|  |TAMS 0x0000000083700000, 0x0000000083700000| Untracked 
|  56|0x0000000083800000, 0x0000000083800000, 0x0000000083900000|  0%| F|  |TAMS 0x0000000083800000, 0x0000000083800000| Untracked 
|  57|0x0000000083900000, 0x0000000083900000, 0x0000000083a00000|  0%| F|  |TAMS 0x0000000083900000, 0x0000000083900000| Untracked 
|  58|0x0000000083a00000, 0x0000000083a00000, 0x0000000083b00000|  0%| F|  |TAMS 0x0000000083a00000, 0x0000000083a00000| Untracked 
|  59|0x0000000083b00000, 0x0000000083b00000, 0x0000000083c00000|  0%| F|  |TAMS 0x0000000083b00000, 0x0000000083b00000| Untracked 
|  60|0x0000000083c00000, 0x0000000083c00000, 0x0000000083d00000|  0%| F|  |TAMS 0x0000000083c00000, 0x0000000083c00000| Untracked 
|  61|0x0000000083d00000, 0x0000000083d00000, 0x0000000083e00000|  0%| F|  |TAMS 0x0000000083d00000, 0x0000000083d00000| Untracked 
|  62|0x0000000083e00000, 0x0000000083e00000, 0x0000000083f00000|  0%| F|  |TAMS 0x0000000083e00000, 0x0000000083e00000| Untracked 
|  63|0x0000000083f00000, 0x0000000083f00000, 0x0000000084000000|  0%| F|  |TAMS 0x0000000083f00000, 0x0000000083f00000| Untracked 
|  64|0x0000000084000000, 0x0000000084000000, 0x0000000084100000|  0%| F|  |TAMS 0x0000000084000000, 0x0000000084000000| Untracked 
|  65|0x0000000084100000, 0x0000000084100000, 0x0000000084200000|  0%| F|  |TAMS 0x0000000084100000, 0x0000000084100000| Untracked 
|  66|0x0000000084200000, 0x0000000084200000, 0x0000000084300000|  0%| F|  |TAMS 0x0000000084200000, 0x0000000084200000| Untracked 
|  67|0x0000000084300000, 0x0000000084300000, 0x0000000084400000|  0%| F|  |TAMS 0x0000000084300000, 0x0000000084300000| Untracked 
|  68|0x0000000084400000, 0x0000000084400000, 0x0000000084500000|  0%| F|  |TAMS 0x0000000084400000, 0x0000000084400000| Untracked 
|  69|0x0000000084500000, 0x0000000084500000, 0x0000000084600000|  0%| F|  |TAMS 0x0000000084500000, 0x0000000084500000| Untracked 
|  70|0x0000000084600000, 0x0000000084600000, 0x0000000084700000|  0%| F|  |TAMS 0x0000000084600000, 0x0000000084600000| Untracked 
|  71|0x0000000084700000, 0x0000000084700000, 0x0000000084800000|  0%| F|  |TAMS 0x0000000084700000, 0x0000000084700000| Untracked 
|  72|0x0000000084800000, 0x0000000084800000, 0x0000000084900000|  0%| F|  |TAMS 0x0000000084800000, 0x0000000084800000| Untracked 
|  73|0x0000000084900000, 0x0000000084900000, 0x0000000084a00000|  0%| F|  |TAMS 0x0000000084900000, 0x0000000084900000| Untracked 
|  74|0x0000000084a00000, 0x0000000084a00000, 0x0000000084b00000|  0%| F|  |TAMS 0x0000000084a00000, 0x0000000084a00000| Untracked 
|  75|0x0000000084b00000, 0x0000000084b00000, 0x0000000084c00000|  0%| F|  |TAMS 0x0000000084b00000, 0x0000000084b00000| Untracked 
|  76|0x0000000084c00000, 0x0000000084c00000, 0x0000000084d00000|  0%| F|  |TAMS 0x0000000084c00000, 0x0000000084c00000| Untracked 
|  77|0x0000000084d00000, 0x0000000084d00000, 0x0000000084e00000|  0%| F|  |TAMS 0x0000000084d00000, 0x0000000084d00000| Untracked 
|  78|0x0000000084e00000, 0x0000000084e00000, 0x0000000084f00000|  0%| F|  |TAMS 0x0000000084e00000, 0x0000000084e00000| Untracked 
|  79|0x0000000084f00000, 0x0000000084f00000, 0x0000000085000000|  0%| F|  |TAMS 0x0000000084f00000, 0x0000000084f00000| Untracked 
|  80|0x0000000085000000, 0x0000000085000000, 0x0000000085100000|  0%| F|  |TAMS 0x0000000085000000, 0x0000000085000000| Untracked 
|  81|0x0000000085100000, 0x0000000085100000, 0x0000000085200000|  0%| F|  |TAMS 0x0000000085100000, 0x0000000085100000| Untracked 
|  82|0x0000000085200000, 0x0000000085200000, 0x0000000085300000|  0%| F|  |TAMS 0x0000000085200000, 0x0000000085200000| Untracked 
|  83|0x0000000085300000, 0x0000000085300000, 0x0000000085400000|  0%| F|  |TAMS 0x0000000085300000, 0x0000000085300000| Untracked 
|  84|0x0000000085400000, 0x0000000085400000, 0x0000000085500000|  0%| F|  |TAMS 0x0000000085400000, 0x0000000085400000| Untracked 
|  85|0x0000000085500000, 0x0000000085500000, 0x0000000085600000|  0%| F|  |TAMS 0x0000000085500000, 0x0000000085500000| Untracked 
|  86|0x0000000085600000, 0x0000000085700000, 0x0000000085700000|100%| S|CS|TAMS 0x0000000085600000, 0x0000000085600000| Complete 
|  87|0x0000000085700000, 0x0000000085800000, 0x0000000085800000|100%| S|CS|TAMS 0x0000000085700000, 0x0000000085700000| Complete 
|  88|0x0000000085800000, 0x0000000085900000, 0x0000000085900000|100%| S|CS|TAMS 0x0000000085800000, 0x0000000085800000| Complete 
|  89|0x0000000085900000, 0x0000000085a00000, 0x0000000085a00000|100%| S|CS|TAMS 0x0000000085900000, 0x0000000085900000| Complete 
|  90|0x0000000085a00000, 0x0000000085b00000, 0x0000000085b00000|100%| S|CS|TAMS 0x0000000085a00000, 0x0000000085a00000| Complete 
|  91|0x0000000085b00000, 0x0000000085c00000, 0x0000000085c00000|100%| S|CS|TAMS 0x0000000085b00000, 0x0000000085b00000| Complete 
|  92|0x0000000085c00000, 0x0000000085d00000, 0x0000000085d00000|100%| S|CS|TAMS 0x0000000085c00000, 0x0000000085c00000| Complete 
|  93|0x0000000085d00000, 0x0000000085e00000, 0x0000000085e00000|100%| S|CS|TAMS 0x0000000085d00000, 0x0000000085d00000| Complete 
|  94|0x0000000085e00000, 0x0000000085e00000, 0x0000000085f00000|  0%| F|  |TAMS 0x0000000085e00000, 0x0000000085e00000| Untracked 
|  95|0x0000000085f00000, 0x0000000085f00000, 0x0000000086000000|  0%| F|  |TAMS 0x0000000085f00000, 0x0000000085f00000| Untracked 
|  96|0x0000000086000000, 0x0000000086000000, 0x0000000086100000|  0%| F|  |TAMS 0x0000000086000000, 0x0000000086000000| Untracked 
|  97|0x0000000086100000, 0x0000000086100000, 0x0000000086200000|  0%| F|  |TAMS 0x0000000086100000, 0x0000000086100000| Untracked 
|  98|0x0000000086200000, 0x0000000086200000, 0x0000000086300000|  0%| F|  |TAMS 0x0000000086200000, 0x0000000086200000| Untracked 
|  99|0x0000000086300000, 0x0000000086300000, 0x0000000086400000|  0%| F|  |TAMS 0x0000000086300000, 0x0000000086300000| Untracked 
| 100|0x0000000086400000, 0x0000000086400000, 0x0000000086500000|  0%| F|  |TAMS 0x0000000086400000, 0x0000000086400000| Untracked 
| 101|0x0000000086500000, 0x0000000086500000, 0x0000000086600000|  0%| F|  |TAMS 0x0000000086500000, 0x0000000086500000| Untracked 
| 102|0x0000000086600000, 0x0000000086600000, 0x0000000086700000|  0%| F|  |TAMS 0x0000000086600000, 0x0000000086600000| Untracked 
| 103|0x0000000086700000, 0x0000000086700000, 0x0000000086800000|  0%| F|  |TAMS 0x0000000086700000, 0x0000000086700000| Untracked 
| 104|0x0000000086800000, 0x0000000086900000, 0x0000000086900000|100%| S|CS|TAMS 0x0000000086800000, 0x0000000086800000| Complete 
| 105|0x0000000086900000, 0x0000000086a00000, 0x0000000086a00000|100%| S|CS|TAMS 0x0000000086900000, 0x0000000086900000| Complete 
| 106|0x0000000086a00000, 0x0000000086b00000, 0x0000000086b00000|100%| S|CS|TAMS 0x0000000086a00000, 0x0000000086a00000| Complete 
| 107|0x0000000086b00000, 0x0000000086c00000, 0x0000000086c00000|100%| S|CS|TAMS 0x0000000086b00000, 0x0000000086b00000| Complete 
| 108|0x0000000086c00000, 0x0000000086c00000, 0x0000000086d00000|  0%| F|  |TAMS 0x0000000086c00000, 0x0000000086c00000| Untracked 
| 109|0x0000000086d00000, 0x0000000086d00000, 0x0000000086e00000|  0%| F|  |TAMS 0x0000000086d00000, 0x0000000086d00000| Untracked 
| 110|0x0000000086e00000, 0x0000000086e00000, 0x0000000086f00000|  0%| F|  |TAMS 0x0000000086e00000, 0x0000000086e00000| Untracked 
| 111|0x0000000086f00000, 0x0000000086f00000, 0x0000000087000000|  0%| F|  |TAMS 0x0000000086f00000, 0x0000000086f00000| Untracked 
| 112|0x0000000087000000, 0x0000000087000000, 0x0000000087100000|  0%| F|  |TAMS 0x0000000087000000, 0x0000000087000000| Untracked 
| 113|0x0000000087100000, 0x0000000087100000, 0x0000000087200000|  0%| F|  |TAMS 0x0000000087100000, 0x0000000087100000| Untracked 
| 114|0x0000000087200000, 0x0000000087200000, 0x0000000087300000|  0%| F|  |TAMS 0x0000000087200000, 0x0000000087200000| Untracked 
| 115|0x0000000087300000, 0x0000000087300000, 0x0000000087400000|  0%| F|  |TAMS 0x0000000087300000, 0x0000000087300000| Untracked 
| 116|0x0000000087400000, 0x0000000087400000, 0x0000000087500000|  0%| F|  |TAMS 0x0000000087400000, 0x0000000087400000| Untracked 
| 117|0x0000000087500000, 0x00000000875c1d48, 0x0000000087600000| 75%| E|  |TAMS 0x0000000087500000, 0x0000000087500000| Complete 
| 118|0x0000000087600000, 0x0000000087700000, 0x0000000087700000|100%| E|CS|TAMS 0x0000000087600000, 0x0000000087600000| Complete 
| 119|0x0000000087700000, 0x0000000087800000, 0x0000000087800000|100%| E|CS|TAMS 0x0000000087700000, 0x0000000087700000| Complete 
| 120|0x0000000087800000, 0x0000000087900000, 0x0000000087900000|100%| E|CS|TAMS 0x0000000087800000, 0x0000000087800000| Complete 
| 121|0x0000000087900000, 0x0000000087a00000, 0x0000000087a00000|100%| E|CS|TAMS 0x0000000087900000, 0x0000000087900000| Complete 
| 122|0x0000000087a00000, 0x0000000087b00000, 0x0000000087b00000|100%| E|CS|TAMS 0x0000000087a00000, 0x0000000087a00000| Complete 
| 123|0x0000000087b00000, 0x0000000087c00000, 0x0000000087c00000|100%| E|CS|TAMS 0x0000000087b00000, 0x0000000087b00000| Complete 
| 124|0x0000000087c00000, 0x0000000087d00000, 0x0000000087d00000|100%| E|CS|TAMS 0x0000000087c00000, 0x0000000087c00000| Complete 
| 125|0x0000000087d00000, 0x0000000087e00000, 0x0000000087e00000|100%| E|CS|TAMS 0x0000000087d00000, 0x0000000087d00000| Complete 
| 126|0x0000000087e00000, 0x0000000087f00000, 0x0000000087f00000|100%| E|CS|TAMS 0x0000000087e00000, 0x0000000087e00000| Complete 
| 127|0x0000000087f00000, 0x0000000088000000, 0x0000000088000000|100%| E|CS|TAMS 0x0000000087f00000, 0x0000000087f00000| Complete 
| 128|0x0000000088000000, 0x0000000088100000, 0x0000000088100000|100%| E|CS|TAMS 0x0000000088000000, 0x0000000088000000| Complete 
| 129|0x0000000088100000, 0x0000000088200000, 0x0000000088200000|100%| E|CS|TAMS 0x0000000088100000, 0x0000000088100000| Complete 
| 130|0x0000000088200000, 0x0000000088300000, 0x0000000088300000|100%| E|CS|TAMS 0x0000000088200000, 0x0000000088200000| Complete 
| 131|0x0000000088300000, 0x0000000088400000, 0x0000000088400000|100%| E|CS|TAMS 0x0000000088300000, 0x0000000088300000| Complete 
| 132|0x0000000088400000, 0x0000000088500000, 0x0000000088500000|100%| E|CS|TAMS 0x0000000088400000, 0x0000000088400000| Complete 
| 133|0x0000000088500000, 0x0000000088600000, 0x0000000088600000|100%| E|CS|TAMS 0x0000000088500000, 0x0000000088500000| Complete 
| 134|0x0000000088600000, 0x0000000088700000, 0x0000000088700000|100%| E|CS|TAMS 0x0000000088600000, 0x0000000088600000| Complete 
| 135|0x0000000088700000, 0x0000000088800000, 0x0000000088800000|100%| E|CS|TAMS 0x0000000088700000, 0x0000000088700000| Complete 
| 136|0x0000000088800000, 0x0000000088900000, 0x0000000088900000|100%| E|CS|TAMS 0x0000000088800000, 0x0000000088800000| Complete 
| 137|0x0000000088900000, 0x0000000088a00000, 0x0000000088a00000|100%| E|CS|TAMS 0x0000000088900000, 0x0000000088900000| Complete 
| 138|0x0000000088a00000, 0x0000000088b00000, 0x0000000088b00000|100%| E|CS|TAMS 0x0000000088a00000, 0x0000000088a00000| Complete 
| 139|0x0000000088b00000, 0x0000000088c00000, 0x0000000088c00000|100%| E|CS|TAMS 0x0000000088b00000, 0x0000000088b00000| Complete 
| 140|0x0000000088c00000, 0x0000000088d00000, 0x0000000088d00000|100%| E|CS|TAMS 0x0000000088c00000, 0x0000000088c00000| Complete 
| 141|0x0000000088d00000, 0x0000000088e00000, 0x0000000088e00000|100%| E|CS|TAMS 0x0000000088d00000, 0x0000000088d00000| Complete 
| 142|0x0000000088e00000, 0x0000000088f00000, 0x0000000088f00000|100%| E|CS|TAMS 0x0000000088e00000, 0x0000000088e00000| Complete 
| 143|0x0000000088f00000, 0x0000000089000000, 0x0000000089000000|100%| E|CS|TAMS 0x0000000088f00000, 0x0000000088f00000| Complete 
| 144|0x0000000089000000, 0x0000000089100000, 0x0000000089100000|100%| E|CS|TAMS 0x0000000089000000, 0x0000000089000000| Complete 
| 145|0x0000000089100000, 0x0000000089200000, 0x0000000089200000|100%| E|CS|TAMS 0x0000000089100000, 0x0000000089100000| Complete 
| 146|0x0000000089200000, 0x0000000089300000, 0x0000000089300000|100%| E|CS|TAMS 0x0000000089200000, 0x0000000089200000| Complete 
| 147|0x0000000089300000, 0x0000000089400000, 0x0000000089400000|100%| E|CS|TAMS 0x0000000089300000, 0x0000000089300000| Complete 
| 148|0x0000000089400000, 0x0000000089500000, 0x0000000089500000|100%| E|CS|TAMS 0x0000000089400000, 0x0000000089400000| Complete 
| 149|0x0000000089500000, 0x0000000089600000, 0x0000000089600000|100%| E|CS|TAMS 0x0000000089500000, 0x0000000089500000| Complete 
| 150|0x0000000089600000, 0x0000000089700000, 0x0000000089700000|100%| E|CS|TAMS 0x0000000089600000, 0x0000000089600000| Complete 
| 151|0x0000000089700000, 0x0000000089800000, 0x0000000089800000|100%| E|CS|TAMS 0x0000000089700000, 0x0000000089700000| Complete 
| 152|0x0000000089800000, 0x0000000089900000, 0x0000000089900000|100%| E|CS|TAMS 0x0000000089800000, 0x0000000089800000| Complete 
| 153|0x0000000089900000, 0x0000000089a00000, 0x0000000089a00000|100%| E|CS|TAMS 0x0000000089900000, 0x0000000089900000| Complete 
| 154|0x0000000089a00000, 0x0000000089b00000, 0x0000000089b00000|100%| E|CS|TAMS 0x0000000089a00000, 0x0000000089a00000| Complete 
| 155|0x0000000089b00000, 0x0000000089c00000, 0x0000000089c00000|100%| E|CS|TAMS 0x0000000089b00000, 0x0000000089b00000| Complete 
| 156|0x0000000089c00000, 0x0000000089d00000, 0x0000000089d00000|100%| E|CS|TAMS 0x0000000089c00000, 0x0000000089c00000| Complete 
| 157|0x0000000089d00000, 0x0000000089e00000, 0x0000000089e00000|100%| E|CS|TAMS 0x0000000089d00000, 0x0000000089d00000| Complete 
| 158|0x0000000089e00000, 0x0000000089f00000, 0x0000000089f00000|100%| E|CS|TAMS 0x0000000089e00000, 0x0000000089e00000| Complete 
| 159|0x0000000089f00000, 0x000000008a000000, 0x000000008a000000|100%| E|CS|TAMS 0x0000000089f00000, 0x0000000089f00000| Complete 
| 160|0x000000008a000000, 0x000000008a100000, 0x000000008a100000|100%| E|CS|TAMS 0x000000008a000000, 0x000000008a000000| Complete 
| 161|0x000000008a100000, 0x000000008a200000, 0x000000008a200000|100%| E|CS|TAMS 0x000000008a100000, 0x000000008a100000| Complete 
| 162|0x000000008a200000, 0x000000008a300000, 0x000000008a300000|100%| E|CS|TAMS 0x000000008a200000, 0x000000008a200000| Complete 
| 163|0x000000008a300000, 0x000000008a400000, 0x000000008a400000|100%| E|CS|TAMS 0x000000008a300000, 0x000000008a300000| Complete 
| 164|0x000000008a400000, 0x000000008a500000, 0x000000008a500000|100%| E|CS|TAMS 0x000000008a400000, 0x000000008a400000| Complete 
| 165|0x000000008a500000, 0x000000008a600000, 0x000000008a600000|100%| E|CS|TAMS 0x000000008a500000, 0x000000008a500000| Complete 
| 166|0x000000008a600000, 0x000000008a700000, 0x000000008a700000|100%| E|CS|TAMS 0x000000008a600000, 0x000000008a600000| Complete 
| 167|0x000000008a700000, 0x000000008a800000, 0x000000008a800000|100%| E|CS|TAMS 0x000000008a700000, 0x000000008a700000| Complete 
| 168|0x000000008a800000, 0x000000008a900000, 0x000000008a900000|100%| E|CS|TAMS 0x000000008a800000, 0x000000008a800000| Complete 
| 169|0x000000008a900000, 0x000000008aa00000, 0x000000008aa00000|100%| E|CS|TAMS 0x000000008a900000, 0x000000008a900000| Complete 
| 170|0x000000008aa00000, 0x000000008ab00000, 0x000000008ab00000|100%| E|CS|TAMS 0x000000008aa00000, 0x000000008aa00000| Complete 
| 171|0x000000008ab00000, 0x000000008ac00000, 0x000000008ac00000|100%| E|CS|TAMS 0x000000008ab00000, 0x000000008ab00000| Complete 
| 172|0x000000008ac00000, 0x000000008ad00000, 0x000000008ad00000|100%| E|CS|TAMS 0x000000008ac00000, 0x000000008ac00000| Complete 
| 173|0x000000008ad00000, 0x000000008ae00000, 0x000000008ae00000|100%| E|CS|TAMS 0x000000008ad00000, 0x000000008ad00000| Complete 
| 174|0x000000008ae00000, 0x000000008af00000, 0x000000008af00000|100%| E|CS|TAMS 0x000000008ae00000, 0x000000008ae00000| Complete 
| 175|0x000000008af00000, 0x000000008b000000, 0x000000008b000000|100%| E|CS|TAMS 0x000000008af00000, 0x000000008af00000| Complete 
| 176|0x000000008b000000, 0x000000008b100000, 0x000000008b100000|100%| E|CS|TAMS 0x000000008b000000, 0x000000008b000000| Complete 
| 177|0x000000008b100000, 0x000000008b200000, 0x000000008b200000|100%| E|CS|TAMS 0x000000008b100000, 0x000000008b100000| Complete 
| 178|0x000000008b200000, 0x000000008b300000, 0x000000008b300000|100%| E|CS|TAMS 0x000000008b200000, 0x000000008b200000| Complete 
| 179|0x000000008b300000, 0x000000008b400000, 0x000000008b400000|100%| E|CS|TAMS 0x000000008b300000, 0x000000008b300000| Complete 
| 180|0x000000008b400000, 0x000000008b500000, 0x000000008b500000|100%| E|CS|TAMS 0x000000008b400000, 0x000000008b400000| Complete 
| 181|0x000000008b500000, 0x000000008b600000, 0x000000008b600000|100%| E|CS|TAMS 0x000000008b500000, 0x000000008b500000| Complete 
| 182|0x000000008b600000, 0x000000008b700000, 0x000000008b700000|100%| E|CS|TAMS 0x000000008b600000, 0x000000008b600000| Complete 
| 183|0x000000008b700000, 0x000000008b800000, 0x000000008b800000|100%| E|CS|TAMS 0x000000008b700000, 0x000000008b700000| Complete 
| 184|0x000000008b800000, 0x000000008b900000, 0x000000008b900000|100%| E|CS|TAMS 0x000000008b800000, 0x000000008b800000| Complete 
| 185|0x000000008b900000, 0x000000008ba00000, 0x000000008ba00000|100%| E|CS|TAMS 0x000000008b900000, 0x000000008b900000| Complete 
| 186|0x000000008ba00000, 0x000000008bb00000, 0x000000008bb00000|100%| E|CS|TAMS 0x000000008ba00000, 0x000000008ba00000| Complete 
| 187|0x000000008bb00000, 0x000000008bc00000, 0x000000008bc00000|100%| E|CS|TAMS 0x000000008bb00000, 0x000000008bb00000| Complete 
| 188|0x000000008bc00000, 0x000000008bd00000, 0x000000008bd00000|100%| E|CS|TAMS 0x000000008bc00000, 0x000000008bc00000| Complete 
| 189|0x000000008bd00000, 0x000000008be00000, 0x000000008be00000|100%| E|CS|TAMS 0x000000008bd00000, 0x000000008bd00000| Complete 
| 190|0x000000008be00000, 0x000000008bf00000, 0x000000008bf00000|100%| E|CS|TAMS 0x000000008be00000, 0x000000008be00000| Complete 
| 191|0x000000008bf00000, 0x000000008c000000, 0x000000008c000000|100%| E|CS|TAMS 0x000000008bf00000, 0x000000008bf00000| Complete 

Card table byte_map: [0x0000012699310000,0x0000012699710000] _byte_map_base: 0x0000012698f10000

Marking Bits (Prev, Next): (CMBitMap*) 0x0000012685e0b280, (CMBitMap*) 0x0000012685e0b248
 Prev Bits: [0x000001269bb10000, 0x000001269db10000)
 Next Bits: [0x0000012699b10000, 0x000001269bb10000)

Polling page: 0x0000012685eb0000

Metaspace:

Usage:
  Non-class:     69.78 MB capacity,    68.56 MB ( 98%) used,     1.02 MB (  1%) free+waste,   204.13 KB ( <1%) overhead. 
      Class:     10.94 MB capacity,    10.25 MB ( 94%) used,   614.90 KB (  5%) free+waste,    93.94 KB ( <1%) overhead. 
       Both:     80.72 MB capacity,    78.80 MB ( 98%) used,     1.62 MB (  2%) free+waste,   298.06 KB ( <1%) overhead. 

Virtual space:
  Non-class space:       70.00 MB reserved,      69.87 MB (>99%) committed 
      Class space:        1.00 GB reserved,      11.00 MB (  1%) committed 
             Both:        1.07 GB reserved,      80.87 MB (  7%) committed 

Chunk freelists:
   Non-Class:  0 bytes
       Class:  0 bytes
        Both:  0 bytes

MaxMetaspaceSize: 17179869184.00 GB
CompressedClassSpaceSize: 1.00 GB

CodeHeap 'non-profiled nmethods': size=120064Kb used=5203Kb max_used=5203Kb free=114860Kb
 bounds [0x00000126913a0000, 0x00000126918c0000, 0x00000126988e0000]
CodeHeap 'profiled nmethods': size=120000Kb used=17356Kb max_used=17356Kb free=102643Kb
 bounds [0x0000012689e70000, 0x000001268af70000, 0x00000126913a0000]
CodeHeap 'non-nmethods': size=5696Kb used=2278Kb max_used=2352Kb free=3417Kb
 bounds [0x00000126898e0000, 0x0000012689b50000, 0x0000012689e70000]
 total_blobs=8864 nmethods=7986 adapters=789
 compilation: enabled
              stopped_count=0, restarted_count=0
 full_count=0

Compilation events (20 events):
Event: 32.278 Thread 0x00000126a09ff000 7998 %     4       jdk.internal.org.objectweb.asm.ClassReader::<init> @ 72 (257 bytes)
Event: 32.278 Thread 0x00000126a0a00000 nmethod 7995 0x000001268af52b90 code [0x000001268af52f00, 0x000001268af54738]
Event: 32.278 Thread 0x00000126a0a00000 7996       3       com.esotericsoftware.kryo.io.Output::writeBytes (90 bytes)
Event: 32.279 Thread 0x00000126a0a00000 nmethod 7996 0x000001268af54e90 code [0x000001268af550a0, 0x000001268af55648]
Event: 32.279 Thread 0x00000126a0a00000 7997       3       org.gradle.internal.serialize.AbstractEncoder$EncoderStream::write (11 bytes)
Event: 32.279 Thread 0x00000126a0a00000 nmethod 7997 0x000001268af55810 code [0x000001268af559c0, 0x000001268af55b88]
Event: 32.282 Thread 0x00000126a0a00000 7999       3       sun.reflect.generics.tree.TypeVariableSignature::accept (8 bytes)
Event: 32.282 Thread 0x00000126a0a00000 nmethod 7999 0x000001268af55c90 code [0x000001268af55e80, 0x000001268af56248]
Event: 32.284 Thread 0x00000126a0a00000 8000       3       org.gradle.internal.instantiation.generator.AsmBackedClassGenerator$ClassBuilderImpl::includeNotInheritedAnnotations (127 bytes)
Event: 32.285 Thread 0x00000126a0a00000 nmethod 8000 0x000001268af56410 code [0x000001268af56780, 0x000001268af57c08]
Event: 32.285 Thread 0x00000126a0a00000 8001       3       org.gradle.internal.instantiation.generator.AsmBackedClassGenerator$ClassBuilderImpl::generateInitMethod (47 bytes)
Event: 32.286 Thread 0x00000126a0a00000 nmethod 8001 0x000001268af58390 code [0x000001268af585a0, 0x000001268af58a58]
Event: 32.286 Thread 0x00000126a0a00000 8002       3       org.gradle.internal.instantiation.generator.AsmBackedClassGenerator$ClassBuilderImpl::generateGeneratedSubtypeMethods (88 bytes)
Event: 32.286 Thread 0x00000126a0a00000 nmethod 8002 0x000001268af58c10 code [0x000001268af58e60, 0x000001268af59658]
Event: 32.286 Thread 0x00000126a0a00000 8003       3       org.gradle.internal.instantiation.generator.AsmBackedClassGenerator$ClassBuilderImpl::generateModelObjectMethods (515 bytes)
Event: 32.289 Thread 0x00000126a0a00000 nmethod 8003 0x000001268af59890 code [0x000001268af59f00, 0x000001268af5ccc8]
Event: 32.289 Thread 0x00000126a09ff000 nmethod 7998% 0x00000126918b3190 code [0x00000126918b3340, 0x00000126918b3858]
Event: 32.289 Thread 0x00000126a0a00000 8004       3       org.gradle.internal.instantiation.generator.AsmBackedClassGenerator$ClassBuilderImpl::mixInGroovyObject (67 bytes)
Event: 32.290 Thread 0x00000126a0a00000 nmethod 8004 0x000001268af5d990 code [0x000001268af5dc40, 0x000001268af5e7b8]
Event: 32.290 Thread 0x00000126a0a00000 8005       3       org.gradle.internal.instantiation.generator.AsmBackedClassGenerator$ClassBuilderImpl::addDynamicMethods (154 bytes)

GC Heap History (20 events):
Event: 3.719 GC heap before
{Heap before GC invocations=2 (full 0):
 garbage-first heap   total 196608K, used 39150K [0x0000000080000000, 0x0000000100000000)
  region size 1024K, 31 young (31744K), 2 survivors (2048K)
 Metaspace       used 10763K, capacity 11007K, committed 11264K, reserved 1058816K
  class space    used 1125K, capacity 1206K, committed 1280K, reserved 1048576K
}
Event: 3.723 GC heap after
{Heap after GC invocations=3 (full 0):
 garbage-first heap   total 196608K, used 11670K [0x0000000080000000, 0x0000000100000000)
  region size 1024K, 4 young (4096K), 4 survivors (4096K)
 Metaspace       used 10763K, capacity 11007K, committed 11264K, reserved 1058816K
  class space    used 1125K, capacity 1206K, committed 1280K, reserved 1048576K
}
Event: 6.942 GC heap before
{Heap before GC invocations=3 (full 0):
 garbage-first heap   total 196608K, used 72086K [0x0000000080000000, 0x0000000100000000)
  region size 1024K, 63 young (64512K), 4 survivors (4096K)
 Metaspace       used 19892K, capacity 20359K, committed 20480K, reserved 1067008K
  class space    used 2414K, capacity 2547K, committed 2560K, reserved 1048576K
}
Event: 6.952 GC heap after
{Heap after GC invocations=4 (full 0):
 garbage-first heap   total 196608K, used 16384K [0x0000000080000000, 0x0000000100000000)
  region size 1024K, 8 young (8192K), 8 survivors (8192K)
 Metaspace       used 19892K, capacity 20359K, committed 20480K, reserved 1067008K
  class space    used 2414K, capacity 2547K, committed 2560K, reserved 1048576K
}
Event: 7.086 GC heap before
{Heap before GC invocations=4 (full 0):
 garbage-first heap   total 196608K, used 20480K [0x0000000080000000, 0x0000000100000000)
  region size 1024K, 13 young (13312K), 8 survivors (8192K)
 Metaspace       used 20624K, capacity 21154K, committed 21296K, reserved 1069056K
  class space    used 2513K, capacity 2688K, committed 2688K, reserved 1048576K
}
Event: 7.095 GC heap after
{Heap after GC invocations=5 (full 0):
 garbage-first heap   total 196608K, used 16889K [0x0000000080000000, 0x0000000100000000)
  region size 1024K, 6 young (6144K), 6 survivors (6144K)
 Metaspace       used 20624K, capacity 21154K, committed 21296K, reserved 1069056K
  class space    used 2513K, capacity 2688K, committed 2688K, reserved 1048576K
}
Event: 8.493 GC heap before
{Heap before GC invocations=6 (full 0):
 garbage-first heap   total 196608K, used 70137K [0x0000000080000000, 0x0000000100000000)
  region size 1024K, 58 young (59392K), 6 survivors (6144K)
 Metaspace       used 25914K, capacity 26489K, committed 26672K, reserved 1073152K
  class space    used 3389K, capacity 3599K, committed 3712K, reserved 1048576K
}
Event: 8.502 GC heap after
{Heap after GC invocations=7 (full 0):
 garbage-first heap   total 196608K, used 18762K [0x0000000080000000, 0x0000000100000000)
  region size 1024K, 3 young (3072K), 3 survivors (3072K)
 Metaspace       used 25914K, capacity 26489K, committed 26672K, reserved 1073152K
  class space    used 3389K, capacity 3599K, committed 3712K, reserved 1048576K
}
Event: 10.938 GC heap before
{Heap before GC invocations=7 (full 0):
 garbage-first heap   total 196608K, used 74058K [0x0000000080000000, 0x0000000100000000)
  region size 1024K, 59 young (60416K), 3 survivors (3072K)
 Metaspace       used 34822K, capacity 35610K, committed 35708K, reserved 1081344K
  class space    used 4531K, capacity 4832K, committed 4864K, reserved 1048576K
}
Event: 10.959 GC heap after
{Heap after GC invocations=8 (full 0):
 garbage-first heap   total 196608K, used 22351K [0x0000000080000000, 0x0000000100000000)
  region size 1024K, 6 young (6144K), 6 survivors (6144K)
 Metaspace       used 34822K, capacity 35610K, committed 35708K, reserved 1081344K
  class space    used 4531K, capacity 4832K, committed 4864K, reserved 1048576K
}
Event: 15.533 GC heap before
{Heap before GC invocations=9 (full 0):
 garbage-first heap   total 196608K, used 110415K [0x0000000080000000, 0x0000000100000000)
  region size 1024K, 89 young (91136K), 6 survivors (6144K)
 Metaspace       used 42376K, capacity 43439K, committed 43516K, reserved 1087488K
  class space    used 5375K, capacity 5746K, committed 5760K, reserved 1048576K
}
Event: 15.551 GC heap after
{Heap after GC invocations=10 (full 0):
 garbage-first heap   total 196608K, used 27399K [0x0000000080000000, 0x0000000100000000)
  region size 1024K, 11 young (11264K), 11 survivors (11264K)
 Metaspace       used 42376K, capacity 43439K, committed 43516K, reserved 1087488K
  class space    used 5375K, capacity 5746K, committed 5760K, reserved 1048576K
}
Event: 18.924 GC heap before
{Heap before GC invocations=10 (full 0):
 garbage-first heap   total 196608K, used 123655K [0x0000000080000000, 0x0000000100000000)
  region size 1024K, 98 young (100352K), 11 survivors (11264K)
 Metaspace       used 47307K, capacity 48590K, committed 48892K, reserved 1091584K
  class space    used 6017K, capacity 6433K, committed 6528K, reserved 1048576K
}
Event: 18.950 GC heap after
{Heap after GC invocations=11 (full 0):
 garbage-first heap   total 196608K, used 45065K [0x0000000080000000, 0x0000000100000000)
  region size 1024K, 13 young (13312K), 13 survivors (13312K)
 Metaspace       used 47307K, capacity 48590K, committed 48892K, reserved 1091584K
  class space    used 6017K, capacity 6433K, committed 6528K, reserved 1048576K
}
Event: 22.242 GC heap before
{Heap before GC invocations=11 (full 0):
 garbage-first heap   total 196608K, used 125961K [0x0000000080000000, 0x0000000100000000)
  region size 1024K, 93 young (95232K), 13 survivors (13312K)
 Metaspace       used 58165K, capacity 59766K, committed 59900K, reserved 1101824K
  class space    used 7378K, capacity 7943K, committed 8064K, reserved 1048576K
}
Event: 22.272 GC heap after
{Heap after GC invocations=12 (full 0):
 garbage-first heap   total 196608K, used 50201K [0x0000000080000000, 0x0000000100000000)
  region size 1024K, 5 young (5120K), 5 survivors (5120K)
 Metaspace       used 58165K, capacity 59766K, committed 59900K, reserved 1101824K
  class space    used 7378K, capacity 7943K, committed 8064K, reserved 1048576K
}
Event: 25.512 GC heap before
{Heap before GC invocations=13 (full 0):
 garbage-first heap   total 196608K, used 135193K [0x0000000080000000, 0x0000000100000000)
  region size 1024K, 88 young (90112K), 5 survivors (5120K)
 Metaspace       used 65909K, capacity 67506K, committed 67708K, reserved 1107968K
  class space    used 8344K, capacity 8926K, committed 8960K, reserved 1048576K
}
Event: 25.530 GC heap after
{Heap after GC invocations=14 (full 0):
 garbage-first heap   total 196608K, used 55604K [0x0000000080000000, 0x0000000100000000)
  region size 1024K, 10 young (10240K), 10 survivors (10240K)
 Metaspace       used 65909K, capacity 67506K, committed 67708K, reserved 1107968K
  class space    used 8344K, capacity 8926K, committed 8960K, reserved 1048576K
}
Event: 29.349 GC heap before
{Heap before GC invocations=14 (full 0):
 garbage-first heap   total 196608K, used 141620K [0x0000000080000000, 0x0000000100000000)
  region size 1024K, 94 young (96256K), 10 survivors (10240K)
 Metaspace       used 73307K, capacity 75141K, committed 75388K, reserved 1114112K
  class space    used 9477K, capacity 10142K, committed 10240K, reserved 1048576K
}
Event: 29.375 GC heap after
{Heap after GC invocations=15 (full 0):
 garbage-first heap   total 196608K, used 61906K [0x0000000080000000, 0x0000000100000000)
  region size 1024K, 12 young (12288K), 12 survivors (12288K)
 Metaspace       used 73307K, capacity 75141K, committed 75388K, reserved 1114112K
  class space    used 9477K, capacity 10142K, committed 10240K, reserved 1048576K
}

Deoptimization events (20 events):
Event: 32.162 Thread 0x00000126a1a6b800 DEOPT PACKING pc=0x00000126915516fc sp=0x00000017006fad40
Event: 32.162 Thread 0x00000126a1a6b800 DEOPT UNPACKING pc=0x00000126899078af sp=0x00000017006facd0 mode 2
Event: 32.174 Thread 0x00000126a1a6b800 Uncommon trap: trap_request=0xffffffc6 fr.pc=0x0000012691560480 relative=0x0000000000000420
Event: 32.174 Thread 0x00000126a1a6b800 Uncommon trap: reason=bimorphic_or_optimized_type_check action=maybe_recompile pc=0x0000012691560480 method=java.util.Collections$SetFromMap.remove(Ljava/lang/Object;)Z @ 5 c2
Event: 32.174 Thread 0x00000126a1a6b800 DEOPT PACKING pc=0x0000012691560480 sp=0x00000017006fbb40
Event: 32.174 Thread 0x00000126a1a6b800 DEOPT UNPACKING pc=0x00000126899078af sp=0x00000017006fbb38 mode 2
Event: 32.175 Thread 0x00000126a1a6b800 Uncommon trap: trap_request=0xffffffde fr.pc=0x00000126915516fc relative=0x000000000000005c
Event: 32.175 Thread 0x00000126a1a6b800 Uncommon trap: reason=class_check action=maybe_recompile pc=0x00000126915516fc method=java.util.stream.StreamOpFlag.fromCharacteristics(Ljava/util/Spliterator;)I @ 14 c2
Event: 32.175 Thread 0x00000126a1a6b800 DEOPT PACKING pc=0x00000126915516fc sp=0x00000017006fb8a0
Event: 32.175 Thread 0x00000126a1a6b800 DEOPT UNPACKING pc=0x00000126899078af sp=0x00000017006fb830 mode 2
Event: 32.176 Thread 0x00000126a1a6b800 Uncommon trap: trap_request=0xffffffc6 fr.pc=0x0000012691560480 relative=0x0000000000000420
Event: 32.176 Thread 0x00000126a1a6b800 Uncommon trap: reason=bimorphic_or_optimized_type_check action=maybe_recompile pc=0x0000012691560480 method=java.util.Collections$SetFromMap.remove(Ljava/lang/Object;)Z @ 5 c2
Event: 32.176 Thread 0x00000126a1a6b800 DEOPT PACKING pc=0x0000012691560480 sp=0x00000017006fbb40
Event: 32.176 Thread 0x00000126a1a6b800 DEOPT UNPACKING pc=0x00000126899078af sp=0x00000017006fbb38 mode 2
Event: 32.176 Thread 0x00000126a1a6b800 Uncommon trap: trap_request=0xffffffc6 fr.pc=0x0000012691560480 relative=0x0000000000000420
Event: 32.177 Thread 0x00000126a1a6b800 Uncommon trap: reason=bimorphic_or_optimized_type_check action=maybe_recompile pc=0x0000012691560480 method=java.util.Collections$SetFromMap.remove(Ljava/lang/Object;)Z @ 5 c2
Event: 32.177 Thread 0x00000126a1a6b800 DEOPT PACKING pc=0x0000012691560480 sp=0x00000017006fb9f0
Event: 32.177 Thread 0x00000126a1a6b800 DEOPT UNPACKING pc=0x00000126899078af sp=0x00000017006fb9e8 mode 2
Event: 32.205 Thread 0x00000126a1a5e800 DEOPT PACKING pc=0x000001268a1a1ec9 sp=0x00000017009fcdd0
Event: 32.205 Thread 0x00000126a1a5e800 DEOPT UNPACKING pc=0x00000126899076ce sp=0x00000017009fc248 mode 0

Classes redefined (0 events):
No events

Internal exceptions (20 events):
Event: 29.226 Thread 0x00000126a1a6b800 Exception <a 'sun/nio/fs/WindowsException'{0x0000000086d071b8}> (0x0000000086d071b8) thrown at [./src/hotspot/share/prims/jni.cpp, line 615]
Event: 29.227 Thread 0x00000126a1a6b800 Exception <a 'sun/nio/fs/WindowsException'{0x0000000086d07770}> (0x0000000086d07770) thrown at [./src/hotspot/share/prims/jni.cpp, line 615]
Event: 29.576 Thread 0x00000126a1a6b800 Exception <a 'java/lang/NullPointerException'{0x000000008b9f94b0}> (0x000000008b9f94b0) thrown at [./src/hotspot/share/interpreter/linkResolver.cpp, line 1440]
Event: 29.793 Thread 0x00000126a1a6b800 Implicit null exception at 0x000001269180558d to 0x0000012691805c3c
Event: 30.057 Thread 0x00000126a1a6b800 Exception <a 'java/lang/NoSuchMethodError'{0x000000008aaf9da0}: 'int java.lang.invoke.DirectMethodHandle$Holder.invokeStatic(java.lang.Object, java.lang.Object, int, java.lang.Object)'> (0x000000008aaf9da0) thrown at [./src/hotspot/share/interpreter/linkResolver.cpp, line 773]
Event: 30.060 Thread 0x00000126a1a6b800 Exception <a 'java/lang/NoSuchMethodError'{0x000000008a901688}: 'java.lang.Object java.lang.invoke.Invokers$Holder.linkToTargetMethod(java.lang.Object, int, java.lang.Object)'> (0x000000008a901688) thrown at [./src/hotspot/share/interpreter/linkResolver.cpp, line 773]
Event: 30.198 Thread 0x00000126a1a6b800 Exception <a 'sun/nio/fs/WindowsException'{0x000000008a82e958}> (0x000000008a82e958) thrown at [./src/hotspot/share/prims/jni.cpp, line 615]
Event: 30.198 Thread 0x00000126a1a6b800 Exception <a 'sun/nio/fs/WindowsException'{0x000000008a82fa40}> (0x000000008a82fa40) thrown at [./src/hotspot/share/prims/jni.cpp, line 615]
Event: 30.199 Thread 0x00000126a1a6b800 Exception <a 'sun/nio/fs/WindowsException'{0x000000008a830b60}> (0x000000008a830b60) thrown at [./src/hotspot/share/prims/jni.cpp, line 615]
Event: 30.199 Thread 0x00000126a1a6b800 Exception <a 'sun/nio/fs/WindowsException'{0x000000008a831c80}> (0x000000008a831c80) thrown at [./src/hotspot/share/prims/jni.cpp, line 615]
Event: 31.469 Thread 0x00000126a1a6b800 Exception <a 'java/lang/NoSuchMethodError'{0x0000000088b46f70}: 'java.lang.Object java.lang.invoke.Invokers$Holder.linkToTargetMethod(java.lang.Object, int, int, java.lang.Object)'> (0x0000000088b46f70) thrown at [./src/hotspot/share/interpreter/linkResolver.cpp, line 773]
Event: 31.647 Thread 0x00000126a1a6b800 Implicit null exception at 0x000001269185b339 to 0x000001269185c954
Event: 32.166 Thread 0x00000126a1a5e800 Exception <a 'java/lang/NoSuchMethodError'{0x0000000087803178}: <clinit>> (0x0000000087803178) thrown at [./src/hotspot/share/prims/jni.cpp, line 1362]
Event: 32.191 Thread 0x00000126a1a5e800 Exception <a 'java/lang/NoSuchMethodError'{0x00000000877f13b8}: <clinit>> (0x00000000877f13b8) thrown at [./src/hotspot/share/prims/jni.cpp, line 1362]
Event: 32.196 Thread 0x00000126a464e800 Exception <a 'java/lang/NoSuchMethodError'{0x00000000876479b8}: <clinit>> (0x00000000876479b8) thrown at [./src/hotspot/share/prims/jni.cpp, line 1362]
Event: 32.211 Thread 0x00000126a464e800 Exception <a 'java/lang/NoSuchMethodError'{0x000000008765c8f0}: <clinit>> (0x000000008765c8f0) thrown at [./src/hotspot/share/prims/jni.cpp, line 1362]
Event: 32.217 Thread 0x00000126a464e800 Exception <a 'java/lang/NoSuchMethodError'{0x000000008767aa20}: <clinit>> (0x000000008767aa20) thrown at [./src/hotspot/share/prims/jni.cpp, line 1362]
Event: 32.241 Thread 0x00000126a1a5e800 Exception <a 'java/lang/NoSuchMethodError'{0x0000000087503820}: <clinit>> (0x0000000087503820) thrown at [./src/hotspot/share/prims/jni.cpp, line 1362]
Event: 32.244 Thread 0x00000126a1a5e800 Exception <a 'java/lang/NoSuchMethodError'{0x000000008752b620}: <clinit>> (0x000000008752b620) thrown at [./src/hotspot/share/prims/jni.cpp, line 1362]
Event: 32.244 Thread 0x00000126a1a5e800 Exception <a 'java/lang/NoSuchMethodError'{0x000000008752c910}: <clinit>> (0x000000008752c910) thrown at [./src/hotspot/share/prims/jni.cpp, line 1362]

Events (20 events):
Event: 32.205 loading class org/gradle/execution/plan/ValuedVfsHierarchy$2
Event: 32.205 loading class org/gradle/execution/plan/ValuedVfsHierarchy$2 done
Event: 32.207 Executing VM operation: Deoptimize
Event: 32.208 Executing VM operation: Deoptimize done
Event: 32.210 loading class org/gradle/api/internal/changedetection/TaskExecutionMode
Event: 32.210 loading class org/gradle/api/internal/changedetection/TaskExecutionMode done
Event: 32.226 loading class org/gradle/internal/snapshot/impl/MapEntrySnapshot
Event: 32.226 loading class org/gradle/internal/snapshot/impl/MapEntrySnapshot done
Event: 32.240 Executing VM operation: RevokeBias
Event: 32.241 Executing VM operation: RevokeBias done
Event: 32.280 Executing VM operation: RevokeBias
Event: 32.280 Executing VM operation: RevokeBias done
Event: 32.280 Executing VM operation: RevokeBias
Event: 32.281 Executing VM operation: RevokeBias done
Event: 32.281 Executing VM operation: RevokeBias
Event: 32.281 Executing VM operation: RevokeBias done
Event: 32.281 loading class org/gradle/tooling/events/FinishEvent
Event: 32.281 loading class org/gradle/tooling/events/FinishEvent done
Event: 32.281 Executing VM operation: RevokeBias
Event: 32.281 Executing VM operation: RevokeBias done


Dynamic libraries:
0x00007ff66f480000 - 0x00007ff66f48a000 	C:\Program Files\Android\Android Studio\jre\bin\java.exe
0x00007ff8eff30000 - 0x00007ff8f0125000 	C:\WINDOWS\SYSTEM32\ntdll.dll
0x00007ff8ef540000 - 0x00007ff8ef5fe000 	C:\WINDOWS\System32\KERNEL32.DLL
0x00007ff8ed780000 - 0x00007ff8eda48000 	C:\WINDOWS\System32\KERNELBASE.dll
0x00007ff8eda50000 - 0x00007ff8edb50000 	C:\WINDOWS\System32\ucrtbase.dll
0x00007ff8e9180000 - 0x00007ff8e9197000 	C:\Program Files\Android\Android Studio\jre\bin\VCRUNTIME140.dll
0x00007ff8e9160000 - 0x00007ff8e9179000 	C:\Program Files\Android\Android Studio\jre\bin\jli.dll
0x00007ff8edf90000 - 0x00007ff8ee131000 	C:\WINDOWS\System32\USER32.dll
0x00007ff8d06a0000 - 0x00007ff8d093a000 	C:\WINDOWS\WinSxS\amd64_microsoft.windows.common-controls_6595b64144ccf1df_6.0.19041.1110_none_60b5254171f9507e\COMCTL32.dll
0x00007ff8ede60000 - 0x00007ff8ede82000 	C:\WINDOWS\System32\win32u.dll
0x00007ff8ee330000 - 0x00007ff8ee35b000 	C:\WINDOWS\System32\GDI32.dll
0x00007ff8edd50000 - 0x00007ff8ede5b000 	C:\WINDOWS\System32\gdi32full.dll
0x00007ff8edb50000 - 0x00007ff8edbed000 	C:\WINDOWS\System32\msvcp_win.dll
0x00007ff8eeea0000 - 0x00007ff8eef3e000 	C:\WINDOWS\System32\msvcrt.dll
0x00007ff8ee790000 - 0x00007ff8ee7c0000 	C:\WINDOWS\System32\IMM32.DLL
0x00007ff8d3080000 - 0x00007ff8d311d000 	C:\Program Files\Android\Android Studio\jre\bin\msvcp140.dll
0x00007ff893320000 - 0x00007ff893def000 	C:\Program Files\Android\Android Studio\jre\bin\server\jvm.dll
0x00007ff8ee9c0000 - 0x00007ff8eea6c000 	C:\WINDOWS\System32\ADVAPI32.dll
0x00007ff8ee360000 - 0x00007ff8ee3fb000 	C:\WINDOWS\System32\sechost.dll
0x00007ff8ee5f0000 - 0x00007ff8ee71a000 	C:\WINDOWS\System32\RPCRT4.dll
0x00007ff8ee5e0000 - 0x00007ff8ee5e8000 	C:\WINDOWS\System32\PSAPI.DLL
0x00007ff8e8670000 - 0x00007ff8e8679000 	C:\WINDOWS\SYSTEM32\WSOCK32.dll
0x00007ff8ee720000 - 0x00007ff8ee78b000 	C:\WINDOWS\System32\WS2_32.dll
0x00007ff8d32e0000 - 0x00007ff8d3307000 	C:\WINDOWS\SYSTEM32\WINMM.dll
0x00007ff8e4dc0000 - 0x00007ff8e4dca000 	C:\WINDOWS\SYSTEM32\VERSION.dll
0x00007ff8eb550000 - 0x00007ff8eb562000 	C:\WINDOWS\SYSTEM32\kernel.appcore.dll
0x00007ff8e8650000 - 0x00007ff8e8661000 	C:\Program Files\Android\Android Studio\jre\bin\verify.dll
0x00007ff8df050000 - 0x00007ff8df234000 	C:\WINDOWS\SYSTEM32\DBGHELP.DLL
0x00007ff8dfc70000 - 0x00007ff8dfc9c000 	C:\WINDOWS\SYSTEM32\dbgcore.DLL
0x00007ff8ede90000 - 0x00007ff8edf13000 	C:\WINDOWS\System32\bcryptPrimitives.dll
0x00007ff8e83d0000 - 0x00007ff8e83f9000 	C:\Program Files\Android\Android Studio\jre\bin\java.dll
0x00007ff8e8640000 - 0x00007ff8e864b000 	C:\Program Files\Android\Android Studio\jre\bin\jimage.dll
0x00007ff8e83b0000 - 0x00007ff8e83c8000 	C:\Program Files\Android\Android Studio\jre\bin\zip.dll
0x00007ff8ef600000 - 0x00007ff8efd3f000 	C:\WINDOWS\System32\SHELL32.dll
0x00007ff8eb750000 - 0x00007ff8ebee0000 	C:\WINDOWS\SYSTEM32\windows.storage.dll
0x00007ff8eea90000 - 0x00007ff8eede5000 	C:\WINDOWS\System32\combase.dll
0x00007ff8ed0a0000 - 0x00007ff8ed0ce000 	C:\WINDOWS\SYSTEM32\Wldp.dll
0x00007ff8ee7c0000 - 0x00007ff8ee86d000 	C:\WINDOWS\System32\SHCORE.dll
0x00007ff8ee4e0000 - 0x00007ff8ee535000 	C:\WINDOWS\System32\shlwapi.dll
0x00007ff8ed590000 - 0x00007ff8ed5af000 	C:\WINDOWS\SYSTEM32\profapi.dll
0x00007ff8e8390000 - 0x00007ff8e83aa000 	C:\Program Files\Android\Android Studio\jre\bin\net.dll
0x00007ff8df760000 - 0x00007ff8df86c000 	C:\WINDOWS\SYSTEM32\WINHTTP.dll
0x00007ff8ece00000 - 0x00007ff8ece6a000 	C:\WINDOWS\system32\mswsock.dll
0x00007ff8e8370000 - 0x00007ff8e8384000 	C:\Program Files\Android\Android Studio\jre\bin\nio.dll
0x00007ff8ca020000 - 0x00007ff8ca047000 	C:\Users\OMAR\.gradle\native\8bec1ad78214c89d9ad589b4d07fe93259594b29d510b10fafb7a158f7737e5d\windows-amd64\native-platform.dll
0x00007ff8ae1e0000 - 0x00007ff8ae31d000 	C:\Users\OMAR\.gradle\native\53dbd7edfb1c66fb8903c78663c9afc45aea4f116125fa6feffd364cf09443e8\windows-amd64\native-platform-file-events.dll
0x00007ff8e8360000 - 0x00007ff8e836a000 	C:\Program Files\Android\Android Studio\jre\bin\management.dll
0x00007ff8e8350000 - 0x00007ff8e835c000 	C:\Program Files\Android\Android Studio\jre\bin\management_ext.dll
0x00007ff8ecff0000 - 0x00007ff8ed008000 	C:\WINDOWS\SYSTEM32\CRYPTSP.dll
0x00007ff8ec710000 - 0x00007ff8ec744000 	C:\WINDOWS\system32\rsaenh.dll
0x00007ff8ed700000 - 0x00007ff8ed727000 	C:\WINDOWS\System32\bcrypt.dll
0x00007ff8ed550000 - 0x00007ff8ed57e000 	C:\WINDOWS\SYSTEM32\USERENV.dll
0x00007ff8ed010000 - 0x00007ff8ed01c000 	C:\WINDOWS\SYSTEM32\CRYPTBASE.dll
0x00007ff8ecaa0000 - 0x00007ff8ecadb000 	C:\WINDOWS\SYSTEM32\IPHLPAPI.DLL
0x00007ff8edf80000 - 0x00007ff8edf88000 	C:\WINDOWS\System32\NSI.dll
0x00007ff8e4530000 - 0x00007ff8e4547000 	C:\WINDOWS\SYSTEM32\dhcpcsvc6.DLL
0x00007ff8e4dd0000 - 0x00007ff8e4ded000 	C:\WINDOWS\SYSTEM32\dhcpcsvc.DLL
0x00007ff8ecae0000 - 0x00007ff8ecbab000 	C:\WINDOWS\SYSTEM32\DNSAPI.dll

dbghelp: loaded successfully - version: 4.0.5 - missing functions: none
symbol engine: initialized successfully - sym options: 0x614 - pdb path: .;C:\Program Files\Android\Android Studio\jre\bin;C:\WINDOWS\SYSTEM32;C:\WINDOWS\WinSxS\amd64_microsoft.windows.common-controls_6595b64144ccf1df_6.0.19041.1110_none_60b5254171f9507e;C:\Program Files\Android\Android Studio\jre\bin\server;C:\Users\OMAR\.gradle\native\8bec1ad78214c89d9ad589b4d07fe93259594b29d510b10fafb7a158f7737e5d\windows-amd64;C:\Users\OMAR\.gradle\native\53dbd7edfb1c66fb8903c78663c9afc45aea4f116125fa6feffd364cf09443e8\windows-amd64

VM Arguments:
jvm_args: --add-opens=java.base/java.util=ALL-UNNAMED --add-opens=java.base/java.lang=ALL-UNNAMED --add-opens=java.base/java.lang.invoke=ALL-UNNAMED --add-opens=java.base/java.util=ALL-UNNAMED --add-opens=java.prefs/java.util.prefs=ALL-UNNAMED --add-opens=java.prefs/java.util.prefs=ALL-UNNAMED --add-opens=java.base/java.nio.charset=ALL-UNNAMED --add-opens=java.base/java.net=ALL-UNNAMED --add-opens=java.base/java.util.concurrent.atomic=ALL-UNNAMED -Xmx2048m -Dfile.encoding=UTF-8 -Duser.country=US -Duser.language=en -Duser.variant 
java_command: org.gradle.launcher.daemon.bootstrap.GradleDaemon 7.0.2
java_class_path (initial): C:\Users\OMAR\.gradle\wrapper\dists\gradle-7.0.2-bin\857tjihv64xamwrf0h14cai3r\gradle-7.0.2\lib\gradle-launcher-7.0.2.jar
Launcher Type: SUN_STANDARD

[Global flags]
     intx CICompilerCount                          = 3                                         {product} {ergonomic}
     uint ConcGCThreads                            = 1                                         {product} {ergonomic}
     uint G1ConcRefinementThreads                  = 4                                         {product} {ergonomic}
   size_t G1HeapRegionSize                         = 1048576                                   {product} {ergonomic}
    uintx GCDrainStackTargetSize                   = 64                                        {product} {ergonomic}
   size_t InitialHeapSize                          = 201326592                                 {product} {ergonomic}
   size_t MarkStackSize                            = 4194304                                   {product} {ergonomic}
   size_t MaxHeapSize                              = 2147483648                                {product} {command line}
   size_t MaxNewSize                               = 1287651328                                {product} {ergonomic}
   size_t MinHeapDeltaBytes                        = 1048576                                   {product} {ergonomic}
    uintx NonNMethodCodeHeapSize                   = 5830732                                {pd product} {ergonomic}
    uintx NonProfiledCodeHeapSize                  = 122913754                              {pd product} {ergonomic}
    uintx ProfiledCodeHeapSize                     = 122913754                              {pd product} {ergonomic}
    uintx ReservedCodeCacheSize                    = 251658240                              {pd product} {ergonomic}
     bool SegmentedCodeCache                       = true                                      {product} {ergonomic}
     bool UseCompressedClassPointers               = true                                 {lp64_product} {ergonomic}
     bool UseCompressedOops                        = true                                 {lp64_product} {ergonomic}
     bool UseG1GC                                  = true                                      {product} {ergonomic}
     bool UseLargePagesIndividualAllocation        = false                                  {pd product} {ergonomic}

Logging:
Log output configuration:
 #0: stdout all=warning uptime,level,tags
 #1: stderr all=off uptime,level,tags

Environment Variables:
PATH=C:\WINDOWS\system32;C:\WINDOWS;C:\WINDOWS\System32\Wbem;C:\WINDOWS\System32\WindowsPowerShell\v1.0\;C:\WINDOWS\System32\OpenSSH\;C:\Program Files\Git\cmd;C:\Users\OMAR\AppData\Local\Microsoft\WindowsApps;;C:\Users\OMAR\AppData\Local\Programs\Microsoft VS Code\bin
USERNAME=OMAR
OS=Windows_NT
PROCESSOR_IDENTIFIER=Intel64 Family 6 Model 78 Stepping 3, GenuineIntel



---------------  S Y S T E M  ---------------

OS: Windows 10 , 64 bit Build 19041 (10.0.19041.1348)
OS uptime: 1 days 11:10 hours

CPU:total 4 (initial active 4) (2 cores per cpu, 2 threads per core) family 6 model 78 stepping 3 microcode 0xcc, cmov, cx8, fxsr, mmx, sse, sse2, sse3, ssse3, sse4.1, sse4.2, popcnt, avx, avx2, aes, clmul, erms, 3dnowpref, lzcnt, ht, tsc, tscinvbit, bmi1, bmi2, adx, fma

Memory: 4k page, system-wide physical 12184M (412M free)
TotalPageFile size 41896M (AvailPageFile size 2M)
current process WorkingSet (physical memory assigned to process): 392M, peak: 395M
current process commit charge ("private bytes"): 455M, peak: 456M

vm_info: OpenJDK 64-Bit Server VM (11.0.10+0-b96-7249189) for windows-amd64 JRE (11.0.10+0-b96-7249189), built on Mar 31 2021 21:44:00 by "builder" with MS VC++ 14.0 (VS2015)

END.
