#
# There is insufficient memory for the Java Runtime Environment to continue.
# Native memory allocation (malloc) failed to allocate 964176 bytes for Chunk::new
# Possible reasons:
#   The system is out of physical RAM or swap space
#   The process is running with CompressedOops enabled, and the Java Heap may be blocking the growth of the native heap
# Possible solutions:
#   Reduce memory load on the system
#   Increase physical memory or swap space
#   Check if swap backing store is full
#   Decrease Java heap size (-Xmx/-Xms)
#   Decrease number of Java threads
#   Decrease Java thread stack sizes (-Xss)
#   Set larger code cache with -XX:ReservedCodeCacheSize=
#   JVM is running with Unscaled Compressed Oops mode in which the Java heap is
#     placed in the first 4GB address space. The Java Heap base address is the
#     maximum limit for the native heap growth. Please use -XX:HeapBaseMinAddress
#     to set the Java Heap base and to place the Java Heap above 4GB virtual address.
# This output file may be truncated or incomplete.
#
#  Out of Memory Error (./src/hotspot/share/memory/arena.cpp:197), pid=12884, tid=6132
#
# JRE version: OpenJDK Runtime Environment (11.0.10) (build 11.0.10+0-b96-7249189)
# Java VM: OpenJDK 64-Bit Server VM (11.0.10+0-b96-7249189, mixed mode, tiered, compressed oops, g1 gc, windows-amd64)
# No core dump will be written. Minidumps are not enabled by default on client versions of Windows
#

---------------  S U M M A R Y ------------

Command Line: --add-opens=java.base/java.util=ALL-UNNAMED --add-opens=java.base/java.lang=ALL-UNNAMED --add-opens=java.base/java.lang.invoke=ALL-UNNAMED --add-opens=java.base/java.util=ALL-UNNAMED --add-opens=java.prefs/java.util.prefs=ALL-UNNAMED --add-opens=java.prefs/java.util.prefs=ALL-UNNAMED --add-opens=java.base/java.nio.charset=ALL-UNNAMED --add-opens=java.base/java.net=ALL-UNNAMED --add-opens=java.base/java.util.concurrent.atomic=ALL-UNNAMED -Xmx2048m -Dfile.encoding=UTF-8 -Duser.country=US -Duser.language=en -Duser.variant org.gradle.launcher.daemon.bootstrap.GradleDaemon 7.0.2

Host: Intel(R) Core(TM) i5-6200U CPU @ 2.30GHz, 4 cores, 11G,  Windows 10 , 64 bit Build 19041 (10.0.19041.1348)
Time: Fri Dec 17 20:03:17 2021 Jordan Standard Time elapsed time: 70.761894 seconds (0d 0h 1m 10s)

---------------  T H R E A D  ---------------

Current thread (0x0000016669d90800):  JavaThread "C2 CompilerThread1" daemon [_thread_in_native, id=6132, stack(0x0000000c02c00000,0x0000000c02d00000)]


Current CompileTask:
C2:  70762 12862       4       org.gradle.internal.component.model.ComponentAttributeMatcher::match (259 bytes)

Stack: [0x0000000c02c00000,0x0000000c02d00000]
Native frames: (J=compiled Java code, j=interpreted, Vv=VM code, C=native code)
V  [jvm.dll+0x5ecfaa]
V  [jvm.dll+0x722bd5]
V  [jvm.dll+0x72412d]
V  [jvm.dll+0x7247e3]
V  [jvm.dll+0x242928]
V  [jvm.dll+0xbc4fc]
V  [jvm.dll+0xbca0c]
V  [jvm.dll+0x2b4fd4]
V  [jvm.dll+0x506028]
V  [jvm.dll+0x203253]
V  [jvm.dll+0x1fd07c]
V  [jvm.dll+0x1fa77f]
V  [jvm.dll+0x18354c]
V  [jvm.dll+0x208ee7]
V  [jvm.dll+0x207731]
V  [jvm.dll+0x6eb1cf]
V  [jvm.dll+0x6e3d45]
V  [jvm.dll+0x5ebe96]
C  [ucrtbase.dll+0x21bb2]
C  [KERNEL32.DLL+0x17034]
C  [ntdll.dll+0x52651]


---------------  P R O C E S S  ---------------

Threads class SMR info:
_java_thread_list=0x0000016670ee91d0, length=52, elements={
0x000001664b899800, 0x0000016665cc1800, 0x0000016665ccd000, 0x00000166654b4800,
0x00000166654b6800, 0x00000166654b7800, 0x00000166654b8800, 0x00000166654bb000,
0x00000166654be000, 0x0000016665e7a800, 0x0000016667959000, 0x00000166675c1800,
0x00000166675c2800, 0x000001666817e000, 0x0000016666c62000, 0x0000016666436000,
0x000001666800e000, 0x00000166674dd000, 0x000001666796c800, 0x000001666796d800,
0x000001666796b000, 0x000001666796c000, 0x000001666833c000, 0x000001666833d000,
0x000001666833f800, 0x000001666833d800, 0x0000016668339800, 0x0000016668340000,
0x000001666833a800, 0x0000016668341000, 0x000001666833b800, 0x0000016668346800,
0x0000016668346000, 0x0000016668347800, 0x0000016668342000, 0x0000016668342800,
0x0000016668343800, 0x0000016668344000, 0x00000166685f4000, 0x00000166685ef000,
0x00000166685f0800, 0x00000166685ee000, 0x00000166685f4800, 0x00000166685f5800,
0x00000166685f8000, 0x00000166685f9000, 0x00000166685f9800, 0x00000166685fa800,
0x00000166685fd000, 0x00000166685fb800, 0x00000166685fc000, 0x0000016669d90800
}

Java Threads: ( => current thread )
  0x000001664b899800 JavaThread "main" [_thread_blocked, id=7768, stack(0x0000000c01000000,0x0000000c01100000)]
  0x0000016665cc1800 JavaThread "Reference Handler" daemon [_thread_blocked, id=5304, stack(0x0000000c01700000,0x0000000c01800000)]
  0x0000016665ccd000 JavaThread "Finalizer" daemon [_thread_blocked, id=8160, stack(0x0000000c01800000,0x0000000c01900000)]
  0x00000166654b4800 JavaThread "Signal Dispatcher" daemon [_thread_blocked, id=7492, stack(0x0000000c01900000,0x0000000c01a00000)]
  0x00000166654b6800 JavaThread "Attach Listener" daemon [_thread_blocked, id=9032, stack(0x0000000c01a00000,0x0000000c01b00000)]
  0x00000166654b7800 JavaThread "Service Thread" daemon [_thread_blocked, id=11152, stack(0x0000000c01b00000,0x0000000c01c00000)]
  0x00000166654b8800 JavaThread "C2 CompilerThread0" daemon [_thread_blocked, id=3920, stack(0x0000000c01c00000,0x0000000c01d00000)]
  0x00000166654bb000 JavaThread "C1 CompilerThread0" daemon [_thread_in_vm, id=10004, stack(0x0000000c01d00000,0x0000000c01e00000)]
  0x00000166654be000 JavaThread "Sweeper thread" daemon [_thread_blocked, id=9068, stack(0x0000000c01e00000,0x0000000c01f00000)]
  0x0000016665e7a800 JavaThread "Common-Cleaner" daemon [_thread_blocked, id=2672, stack(0x0000000c01f00000,0x0000000c02000000)]
  0x0000016667959000 JavaThread "Daemon health stats" [_thread_blocked, id=2612, stack(0x0000000c02500000,0x0000000c02600000)]
  0x00000166675c1800 JavaThread "Incoming local TCP Connector on port 52221" [_thread_in_native, id=1012, stack(0x0000000c02400000,0x0000000c02500000)]
  0x00000166675c2800 JavaThread "Daemon periodic checks" [_thread_blocked, id=10960, stack(0x0000000c02600000,0x0000000c02700000)]
  0x000001666817e000 JavaThread "Daemon" [_thread_blocked, id=7436, stack(0x0000000c02700000,0x0000000c02800000)]
  0x0000016666c62000 JavaThread "Handler for socket connection from /127.0.0.1:52221 to /127.0.0.1:52222" [_thread_in_native, id=10704, stack(0x0000000c02800000,0x0000000c02900000)]
  0x0000016666436000 JavaThread "Cancel handler" [_thread_blocked, id=11288, stack(0x0000000c02900000,0x0000000c02a00000)]
  0x000001666800e000 JavaThread "Daemon worker" [_thread_in_native, id=12448, stack(0x0000000c02a00000,0x0000000c02b00000)]
  0x00000166674dd000 JavaThread "Asynchronous log dispatcher for DefaultDaemonConnection: socket connection from /127.0.0.1:52221 to /127.0.0.1:52222" [_thread_blocked, id=796, stack(0x0000000c02b00000,0x0000000c02c00000)]
  0x000001666796c800 JavaThread "Daemon client event forwarder" [_thread_blocked, id=9336, stack(0x0000000c02d00000,0x0000000c02e00000)]
  0x000001666796d800 JavaThread "Cache worker for file hash cache (C:\Users\OMAR\.gradle\caches\7.0.2\fileHashes)" [_thread_blocked, id=13020, stack(0x0000000c02e00000,0x0000000c02f00000)]
  0x000001666796b000 JavaThread "File lock request listener" [_thread_in_native, id=12388, stack(0x0000000c02f00000,0x0000000c03000000)]
  0x000001666796c000 JavaThread "Cache worker for journal cache (C:\Users\OMAR\.gradle\caches\journal-1)" [_thread_blocked, id=7444, stack(0x0000000c03000000,0x0000000c03100000)]
  0x000001666833c000 JavaThread "Cache worker for file hash cache (C:\Users\OMAR\AndroidStudioProjects\Ministry_of_Health\Ministry_of_Health\.gradle\7.0.2\fileHashes)" [_thread_blocked, id=9632, stack(0x0000000c03200000,0x0000000c03300000)]
  0x000001666833d000 JavaThread "File watcher server" daemon [_thread_in_native, id=7192, stack(0x0000000c03300000,0x0000000c03400000)]
  0x000001666833f800 JavaThread "File watcher consumer" daemon [_thread_blocked, id=8328, stack(0x0000000c03400000,0x0000000c03500000)]
  0x000001666833d800 JavaThread "Cache worker for checksums cache (C:\Users\OMAR\AndroidStudioProjects\Ministry_of_Health\Ministry_of_Health\.gradle\checksums)" [_thread_blocked, id=12780, stack(0x0000000c03500000,0x0000000c03600000)]
  0x0000016668339800 JavaThread "Cache worker for cache directory md-supplier (C:\Users\OMAR\.gradle\caches\7.0.2\md-supplier)" [_thread_blocked, id=6524, stack(0x0000000c03100000,0x0000000c03200000)]
  0x0000016668340000 JavaThread "Cache worker for cache directory md-rule (C:\Users\OMAR\.gradle\caches\7.0.2\md-rule)" [_thread_blocked, id=8600, stack(0x0000000c03600000,0x0000000c03700000)]
  0x000001666833a800 JavaThread "Cache worker for execution history cache (C:\Users\OMAR\.gradle\caches\7.0.2\executionHistory)" [_thread_blocked, id=376, stack(0x0000000c03700000,0x0000000c03800000)]
  0x0000016668341000 JavaThread "jar transforms" [_thread_blocked, id=8588, stack(0x0000000c03800000,0x0000000c03900000)]
  0x000001666833b800 JavaThread "jar transforms Thread 2" [_thread_blocked, id=11748, stack(0x0000000c03900000,0x0000000c03a00000)]
  0x0000016668346800 JavaThread "Cache worker for file content cache (C:\Users\OMAR\.gradle\caches\7.0.2\fileContent)" [_thread_blocked, id=10912, stack(0x0000000c03b00000,0x0000000c03c00000)]
  0x0000016668346000 JavaThread "Cache worker for dependencies-accessors (C:\Users\OMAR\AndroidStudioProjects\Ministry_of_Health\Ministry_of_Health\.gradle\7.0.2\dependencies-accessors)" [_thread_blocked, id=11892, stack(0x0000000c03a00000,0x0000000c03b00000)]
  0x0000016668347800 JavaThread "jar transforms Thread 3" [_thread_blocked, id=12364, stack(0x0000000c03d00000,0x0000000c03e00000)]
  0x0000016668342000 JavaThread "Cache worker for Build Output Cleanup Cache (C:\Users\OMAR\AndroidStudioProjects\Ministry_of_Health\Ministry_of_Health\.gradle\buildOutputCleanup)" [_thread_blocked, id=13148, stack(0x0000000c03e00000,0x0000000c03f00000)]
  0x0000016668342800 JavaThread "Build operations" [_thread_blocked, id=9044, stack(0x0000000c03c00000,0x0000000c03d00000)]
  0x0000016668343800 JavaThread "Build operations Thread 2" [_thread_blocked, id=3312, stack(0x0000000c03f00000,0x0000000c04000000)]
  0x0000016668344000 JavaThread "Build operations Thread 3" [_thread_blocked, id=9412, stack(0x0000000c04000000,0x0000000c04100000)]
  0x00000166685f4000 JavaThread "Build operations Thread 4" [_thread_blocked, id=4164, stack(0x0000000c04100000,0x0000000c04200000)]
  0x00000166685ef000 JavaThread "jar transforms Thread 4" [_thread_blocked, id=5272, stack(0x0000000c04200000,0x0000000c04300000)]
  0x00000166685f0800 JavaThread "Memory manager" [_thread_blocked, id=4004, stack(0x0000000c04300000,0x0000000c04400000)]
  0x00000166685ee000 JavaThread "build event listener" [_thread_blocked, id=10460, stack(0x0000000c04600000,0x0000000c04700000)]
  0x00000166685f4800 JavaThread "Execution worker for ':'" [_thread_blocked, id=5204, stack(0x0000000c04700000,0x0000000c04800000)]
  0x00000166685f5800 JavaThread "Execution worker for ':' Thread 2" [_thread_blocked, id=6520, stack(0x0000000c04800000,0x0000000c04900000)]
  0x00000166685f8000 JavaThread "Execution worker for ':' Thread 3" [_thread_blocked, id=4480, stack(0x0000000c04900000,0x0000000c04a00000)]
  0x00000166685f9000 JavaThread "Cache worker for execution history cache (C:\Users\OMAR\AndroidStudioProjects\Ministry_of_Health\Ministry_of_Health\.gradle\7.0.2\executionHistory)" [_thread_blocked, id=7740, stack(0x0000000c04a00000,0x0000000c04b00000)]
  0x00000166685f9800 JavaThread "WorkerExecutor Queue" [_thread_blocked, id=8324, stack(0x0000000c04b00000,0x0000000c04c00000)]
  0x00000166685fa800 JavaThread "WorkerExecutor Queue Thread 2" [_thread_blocked, id=4808, stack(0x0000000c04c00000,0x0000000c04d00000)]
  0x00000166685fd000 JavaThread "pool-3-thread-1" [_thread_blocked, id=10992, stack(0x0000000c00e00000,0x0000000c00f00000)]
  0x00000166685fb800 JavaThread "stderr" [_thread_in_native, id=10500, stack(0x0000000c00f00000,0x0000000c01000000)]
  0x00000166685fc000 JavaThread "stdout" [_thread_in_native, id=7588, stack(0x0000000c04d00000,0x0000000c04e00000)]
=>0x0000016669d90800 JavaThread "C2 CompilerThread1" daemon [_thread_in_native, id=6132, stack(0x0000000c02c00000,0x0000000c02d00000)]

Other Threads:
  0x000001666549e800 VMThread "VM Thread" [stack: 0x0000000c01600000,0x0000000c01700000] [id=11404]
  0x0000016665ec1800 WatcherThread [stack: 0x0000000c02000000,0x0000000c02100000] [id=6848]
  0x000001664b8b1000 GCTaskThread "GC Thread#0" [stack: 0x0000000c01100000,0x0000000c01200000] [id=9460]
  0x00000166661fb000 GCTaskThread "GC Thread#1" [stack: 0x0000000c02100000,0x0000000c02200000] [id=6108]
  0x00000166667d3000 GCTaskThread "GC Thread#2" [stack: 0x0000000c02200000,0x0000000c02300000] [id=8552]
  0x00000166667d3800 GCTaskThread "GC Thread#3" [stack: 0x0000000c02300000,0x0000000c02400000] [id=9420]
  0x000001664b8e3800 ConcurrentGCThread "G1 Main Marker" [stack: 0x0000000c01200000,0x0000000c01300000] [id=10836]
  0x000001664b8e5000 ConcurrentGCThread "G1 Conc#0" [stack: 0x0000000c01300000,0x0000000c01400000] [id=7116]
  0x000001664b97e800 ConcurrentGCThread "G1 Refine#0" [stack: 0x0000000c01400000,0x0000000c01500000] [id=13176]
  0x00000166652f0800 ConcurrentGCThread "G1 Young RemSet Sampling" [stack: 0x0000000c01500000,0x0000000c01600000] [id=11068]

Threads with active compile tasks:
C2 CompilerThread1  70818 12862       4       org.gradle.internal.component.model.ComponentAttributeMatcher::match (259 bytes)

VM state:not at safepoint (normal execution)

VM Mutex/Monitor currently owned by a thread: None

Heap address: 0x0000000080000000, size: 2048 MB, Compressed Oops mode: 32-bit
Narrow klass base: 0x0000000000000000, Narrow klass shift: 3
Compressed class space size: 1073741824 Address: 0x0000000100000000

Heap:
 garbage-first heap   total 196608K, used 138529K [0x0000000080000000, 0x0000000100000000)
  region size 1024K, 39 young (39936K), 3 survivors (3072K)
 Metaspace       used 98158K, capacity 100384K, committed 100476K, reserved 1136640K
  class space    used 12446K, capacity 13251K, committed 13312K, reserved 1048576K
Heap Regions: E=young(eden), S=young(survivor), O=old, HS=humongous(starts), HC=humongous(continues), CS=collection set, F=free, A=archive, TAMS=top-at-mark-start (previous, next)
|   0|0x0000000080000000, 0x0000000080100000, 0x0000000080100000|100%| O|  |TAMS 0x0000000080100000, 0x0000000080000000| Untracked 
|   1|0x0000000080100000, 0x0000000080200000, 0x0000000080200000|100%| O|  |TAMS 0x0000000080200000, 0x0000000080100000| Untracked 
|   2|0x0000000080200000, 0x0000000080300000, 0x0000000080300000|100%| O|  |TAMS 0x0000000080300000, 0x0000000080200000| Untracked 
|   3|0x0000000080300000, 0x0000000080400000, 0x0000000080400000|100%|HS|  |TAMS 0x0000000080400000, 0x0000000080300000| Complete 
|   4|0x0000000080400000, 0x0000000080500000, 0x0000000080500000|100%|HC|  |TAMS 0x0000000080500000, 0x0000000080400000| Complete 
|   5|0x0000000080500000, 0x0000000080600000, 0x0000000080600000|100%|HC|  |TAMS 0x0000000080600000, 0x0000000080500000| Complete 
|   6|0x0000000080600000, 0x0000000080700000, 0x0000000080700000|100%| O|  |TAMS 0x0000000080700000, 0x0000000080600000| Untracked 
|   7|0x0000000080700000, 0x0000000080800000, 0x0000000080800000|100%| O|  |TAMS 0x0000000080800000, 0x0000000080700000| Untracked 
|   8|0x0000000080800000, 0x0000000080900000, 0x0000000080900000|100%| O|  |TAMS 0x0000000080900000, 0x0000000080800000| Untracked 
|   9|0x0000000080900000, 0x0000000080a00000, 0x0000000080a00000|100%| O|  |TAMS 0x0000000080a00000, 0x0000000080900000| Untracked 
|  10|0x0000000080a00000, 0x0000000080b00000, 0x0000000080b00000|100%| O|  |TAMS 0x0000000080b00000, 0x0000000080a00000| Untracked 
|  11|0x0000000080b00000, 0x0000000080c00000, 0x0000000080c00000|100%| O|  |TAMS 0x0000000080c00000, 0x0000000080b00000| Untracked 
|  12|0x0000000080c00000, 0x0000000080d00000, 0x0000000080d00000|100%| O|  |TAMS 0x0000000080d00000, 0x0000000080c00000| Untracked 
|  13|0x0000000080d00000, 0x0000000080e00000, 0x0000000080e00000|100%| O|  |TAMS 0x0000000080e00000, 0x0000000080d00000| Untracked 
|  14|0x0000000080e00000, 0x0000000080f00000, 0x0000000080f00000|100%| O|  |TAMS 0x0000000080f00000, 0x0000000080e00000| Untracked 
|  15|0x0000000080f00000, 0x0000000081000000, 0x0000000081000000|100%| O|  |TAMS 0x0000000081000000, 0x0000000080f00000| Untracked 
|  16|0x0000000081000000, 0x0000000081100000, 0x0000000081100000|100%|HS|  |TAMS 0x0000000081100000, 0x0000000081000000| Complete 
|  17|0x0000000081100000, 0x0000000081200000, 0x0000000081200000|100%|HS|  |TAMS 0x0000000081200000, 0x0000000081100000| Complete 
|  18|0x0000000081200000, 0x0000000081300000, 0x0000000081300000|100%|HS|  |TAMS 0x0000000081300000, 0x0000000081200000| Complete 
|  19|0x0000000081300000, 0x0000000081400000, 0x0000000081400000|100%|HS|  |TAMS 0x0000000081400000, 0x0000000081300000| Complete 
|  20|0x0000000081400000, 0x0000000081500000, 0x0000000081500000|100%|HC|  |TAMS 0x0000000081500000, 0x0000000081400000| Complete 
|  21|0x0000000081500000, 0x0000000081600000, 0x0000000081600000|100%|HC|  |TAMS 0x0000000081600000, 0x0000000081500000| Complete 
|  22|0x0000000081600000, 0x0000000081700000, 0x0000000081700000|100%|HS|  |TAMS 0x0000000081700000, 0x0000000081600000| Complete 
|  23|0x0000000081700000, 0x0000000081800000, 0x0000000081800000|100%|HC|  |TAMS 0x0000000081800000, 0x0000000081700000| Complete 
|  24|0x0000000081800000, 0x0000000081900000, 0x0000000081900000|100%| O|  |TAMS 0x0000000081900000, 0x0000000081800000| Untracked 
|  25|0x0000000081900000, 0x0000000081a00000, 0x0000000081a00000|100%| O|  |TAMS 0x0000000081a00000, 0x0000000081900000| Untracked 
|  26|0x0000000081a00000, 0x0000000081b00000, 0x0000000081b00000|100%| O|  |TAMS 0x0000000081b00000, 0x0000000081a00000| Untracked 
|  27|0x0000000081b00000, 0x0000000081c00000, 0x0000000081c00000|100%| O|  |TAMS 0x0000000081c00000, 0x0000000081b00000| Untracked 
|  28|0x0000000081c00000, 0x0000000081d00000, 0x0000000081d00000|100%| O|  |TAMS 0x0000000081d00000, 0x0000000081c00000| Untracked 
|  29|0x0000000081d00000, 0x0000000081e00000, 0x0000000081e00000|100%| O|  |TAMS 0x0000000081e00000, 0x0000000081d00000| Untracked 
|  30|0x0000000081e00000, 0x0000000081f00000, 0x0000000081f00000|100%| O|  |TAMS 0x0000000081f00000, 0x0000000081e00000| Untracked 
|  31|0x0000000081f00000, 0x0000000082000000, 0x0000000082000000|100%| O|  |TAMS 0x0000000082000000, 0x0000000081f00000| Untracked 
|  32|0x0000000082000000, 0x0000000082100000, 0x0000000082100000|100%| O|  |TAMS 0x0000000082100000, 0x0000000082000000| Untracked 
|  33|0x0000000082100000, 0x0000000082200000, 0x0000000082200000|100%| O|  |TAMS 0x0000000082200000, 0x0000000082100000| Untracked 
|  34|0x0000000082200000, 0x0000000082300000, 0x0000000082300000|100%| O|  |TAMS 0x0000000082300000, 0x0000000082200000| Complete 
|  35|0x0000000082300000, 0x0000000082400000, 0x0000000082400000|100%| O|  |TAMS 0x0000000082400000, 0x0000000082300000| Untracked 
|  36|0x0000000082400000, 0x0000000082500000, 0x0000000082500000|100%| O|  |TAMS 0x0000000082500000, 0x0000000082400000| Untracked 
|  37|0x0000000082500000, 0x0000000082600000, 0x0000000082600000|100%| O|  |TAMS 0x0000000082600000, 0x0000000082500000| Untracked 
|  38|0x0000000082600000, 0x0000000082700000, 0x0000000082700000|100%| O|  |TAMS 0x0000000082700000, 0x0000000082600000| Untracked 
|  39|0x0000000082700000, 0x0000000082800000, 0x0000000082800000|100%| O|  |TAMS 0x0000000082800000, 0x0000000082700000| Untracked 
|  40|0x0000000082800000, 0x0000000082900000, 0x0000000082900000|100%| O|  |TAMS 0x0000000082900000, 0x0000000082800000| Untracked 
|  41|0x0000000082900000, 0x0000000082a00000, 0x0000000082a00000|100%| O|  |TAMS 0x0000000082a00000, 0x0000000082900000| Untracked 
|  42|0x0000000082a00000, 0x0000000082b00000, 0x0000000082b00000|100%| O|  |TAMS 0x0000000082b00000, 0x0000000082a00000| Untracked 
|  43|0x0000000082b00000, 0x0000000082c00000, 0x0000000082c00000|100%| O|  |TAMS 0x0000000082c00000, 0x0000000082b00000| Untracked 
|  44|0x0000000082c00000, 0x0000000082d00000, 0x0000000082d00000|100%| O|  |TAMS 0x0000000082d00000, 0x0000000082c00000| Untracked 
|  45|0x0000000082d00000, 0x0000000082e00000, 0x0000000082e00000|100%| O|  |TAMS 0x0000000082e00000, 0x0000000082d00000| Complete 
|  46|0x0000000082e00000, 0x0000000082f00000, 0x0000000082f00000|100%| O|  |TAMS 0x0000000082f00000, 0x0000000082e00000| Untracked 
|  47|0x0000000082f00000, 0x0000000083000000, 0x0000000083000000|100%| O|  |TAMS 0x0000000083000000, 0x0000000082f00000| Untracked 
|  48|0x0000000083000000, 0x0000000083100000, 0x0000000083100000|100%| O|  |TAMS 0x0000000083100000, 0x0000000083000000| Untracked 
|  49|0x0000000083100000, 0x0000000083200000, 0x0000000083200000|100%| O|  |TAMS 0x0000000083200000, 0x0000000083100000| Untracked 
|  50|0x0000000083200000, 0x0000000083300000, 0x0000000083300000|100%| O|  |TAMS 0x0000000083300000, 0x0000000083200000| Untracked 
|  51|0x0000000083300000, 0x0000000083400000, 0x0000000083400000|100%| O|  |TAMS 0x0000000083400000, 0x0000000083300000| Untracked 
|  52|0x0000000083400000, 0x0000000083500000, 0x0000000083500000|100%| O|  |TAMS 0x0000000083500000, 0x0000000083400000| Untracked 
|  53|0x0000000083500000, 0x0000000083600000, 0x0000000083600000|100%| O|  |TAMS 0x0000000083600000, 0x0000000083500000| Untracked 
|  54|0x0000000083600000, 0x0000000083700000, 0x0000000083700000|100%| O|  |TAMS 0x0000000083700000, 0x0000000083600000| Untracked 
|  55|0x0000000083700000, 0x0000000083800000, 0x0000000083800000|100%| O|  |TAMS 0x0000000083800000, 0x0000000083700000| Untracked 
|  56|0x0000000083800000, 0x0000000083900000, 0x0000000083900000|100%| O|  |TAMS 0x0000000083900000, 0x0000000083800000| Untracked 
|  57|0x0000000083900000, 0x0000000083a00000, 0x0000000083a00000|100%| O|  |TAMS 0x0000000083a00000, 0x0000000083900000| Untracked 
|  58|0x0000000083a00000, 0x0000000083b00000, 0x0000000083b00000|100%| O|  |TAMS 0x0000000083b00000, 0x0000000083a00000| Untracked 
|  59|0x0000000083b00000, 0x0000000083c00000, 0x0000000083c00000|100%| O|  |TAMS 0x0000000083c00000, 0x0000000083b00000| Complete 
|  60|0x0000000083c00000, 0x0000000083d00000, 0x0000000083d00000|100%| O|  |TAMS 0x0000000083d00000, 0x0000000083c00000| Complete 
|  61|0x0000000083d00000, 0x0000000083e00000, 0x0000000083e00000|100%| O|  |TAMS 0x0000000083e00000, 0x0000000083d00000| Complete 
|  62|0x0000000083e00000, 0x0000000083f00000, 0x0000000083f00000|100%| O|  |TAMS 0x0000000083f00000, 0x0000000083e00000| Complete 
|  63|0x0000000083f00000, 0x0000000084000000, 0x0000000084000000|100%| O|  |TAMS 0x0000000084000000, 0x0000000083f00000| Untracked 
|  64|0x0000000084000000, 0x0000000084100000, 0x0000000084100000|100%| O|  |TAMS 0x0000000084100000, 0x0000000084000000| Untracked 
|  65|0x0000000084100000, 0x0000000084200000, 0x0000000084200000|100%| O|  |TAMS 0x0000000084200000, 0x0000000084100000| Untracked 
|  66|0x0000000084200000, 0x0000000084300000, 0x0000000084300000|100%| O|  |TAMS 0x0000000084300000, 0x0000000084200000| Untracked 
|  67|0x0000000084300000, 0x0000000084400000, 0x0000000084400000|100%| O|  |TAMS 0x0000000084400000, 0x0000000084300000| Complete 
|  68|0x0000000084400000, 0x0000000084500000, 0x0000000084500000|100%| O|  |TAMS 0x0000000084500000, 0x0000000084400000| Complete 
|  69|0x0000000084500000, 0x0000000084600000, 0x0000000084600000|100%| O|  |TAMS 0x0000000084600000, 0x0000000084500000| Untracked 
|  70|0x0000000084600000, 0x0000000084700000, 0x0000000084700000|100%| O|  |TAMS 0x0000000084700000, 0x0000000084600000| Untracked 
|  71|0x0000000084700000, 0x0000000084800000, 0x0000000084800000|100%| O|  |TAMS 0x0000000084800000, 0x0000000084700000| Untracked 
|  72|0x0000000084800000, 0x0000000084900000, 0x0000000084900000|100%| O|  |TAMS 0x0000000084900000, 0x0000000084800000| Complete 
|  73|0x0000000084900000, 0x0000000084a00000, 0x0000000084a00000|100%| O|  |TAMS 0x0000000084a00000, 0x0000000084900000| Untracked 
|  74|0x0000000084a00000, 0x0000000084b00000, 0x0000000084b00000|100%| O|  |TAMS 0x0000000084b00000, 0x0000000084a00000| Untracked 
|  75|0x0000000084b00000, 0x0000000084c00000, 0x0000000084c00000|100%| O|  |TAMS 0x0000000084c00000, 0x0000000084b00000| Untracked 
|  76|0x0000000084c00000, 0x0000000084d00000, 0x0000000084d00000|100%| O|  |TAMS 0x0000000084d00000, 0x0000000084c00000| Complete 
|  77|0x0000000084d00000, 0x0000000084e00000, 0x0000000084e00000|100%| O|  |TAMS 0x0000000084e00000, 0x0000000084d00000| Complete 
|  78|0x0000000084e00000, 0x0000000084f00000, 0x0000000084f00000|100%| O|  |TAMS 0x0000000084f00000, 0x0000000084e00000| Untracked 
|  79|0x0000000084f00000, 0x0000000085000000, 0x0000000085000000|100%| O|  |TAMS 0x0000000085000000, 0x0000000084f00000| Complete 
|  80|0x0000000085000000, 0x0000000085100000, 0x0000000085100000|100%| O|  |TAMS 0x0000000085100000, 0x0000000085000000| Complete 
|  81|0x0000000085100000, 0x0000000085200000, 0x0000000085200000|100%| O|  |TAMS 0x0000000085200000, 0x0000000085100000| Complete 
|  82|0x0000000085200000, 0x0000000085300000, 0x0000000085300000|100%| O|  |TAMS 0x0000000085300000, 0x0000000085200000| Untracked 
|  83|0x0000000085300000, 0x0000000085400000, 0x0000000085400000|100%| O|  |TAMS 0x0000000085400000, 0x0000000085300000| Untracked 
|  84|0x0000000085400000, 0x0000000085500000, 0x0000000085500000|100%| O|  |TAMS 0x0000000085500000, 0x0000000085400000| Untracked 
|  85|0x0000000085500000, 0x0000000085600000, 0x0000000085600000|100%| O|  |TAMS 0x0000000085600000, 0x0000000085500000| Untracked 
|  86|0x0000000085600000, 0x0000000085700000, 0x0000000085700000|100%| O|  |TAMS 0x0000000085700000, 0x0000000085600000| Complete 
|  87|0x0000000085700000, 0x0000000085800000, 0x0000000085800000|100%| O|  |TAMS 0x0000000085800000, 0x0000000085700000| Complete 
|  88|0x0000000085800000, 0x0000000085900000, 0x0000000085900000|100%| O|  |TAMS 0x0000000085900000, 0x0000000085800000| Untracked 
|  89|0x0000000085900000, 0x0000000085a00000, 0x0000000085a00000|100%| O|  |TAMS 0x0000000085a00000, 0x0000000085900000| Complete 
|  90|0x0000000085a00000, 0x0000000085b00000, 0x0000000085b00000|100%| O|  |TAMS 0x0000000085b00000, 0x0000000085a00000| Untracked 
|  91|0x0000000085b00000, 0x0000000085c00000, 0x0000000085c00000|100%| O|  |TAMS 0x0000000085c00000, 0x0000000085b00000| Complete 
|  92|0x0000000085c00000, 0x0000000085d00000, 0x0000000085d00000|100%| O|  |TAMS 0x0000000085d00000, 0x0000000085c00000| Untracked 
|  93|0x0000000085d00000, 0x0000000085e00000, 0x0000000085e00000|100%| O|  |TAMS 0x0000000085e00000, 0x0000000085d00000| Complete 
|  94|0x0000000085e00000, 0x0000000085f00000, 0x0000000085f00000|100%| O|  |TAMS 0x0000000085f00000, 0x0000000085e00000| Untracked 
|  95|0x0000000085f00000, 0x0000000085f48600, 0x0000000086000000| 28%| O|  |TAMS 0x0000000085f48600, 0x0000000085f00000| Untracked 
|  96|0x0000000086000000, 0x0000000086000000, 0x0000000086100000|  0%| F|  |TAMS 0x0000000086000000, 0x0000000086000000| Untracked 
|  97|0x0000000086100000, 0x0000000086200000, 0x0000000086200000|100%| O|  |TAMS 0x0000000086200000, 0x0000000086100000| Complete 
|  98|0x0000000086200000, 0x0000000086300000, 0x0000000086300000|100%| O|  |TAMS 0x0000000086300000, 0x0000000086200000| Complete 
|  99|0x0000000086300000, 0x0000000086300000, 0x0000000086400000|  0%| F|  |TAMS 0x0000000086300000, 0x0000000086300000| Untracked 
| 100|0x0000000086400000, 0x0000000086400000, 0x0000000086500000|  0%| F|  |TAMS 0x0000000086400000, 0x0000000086400000| Untracked 
| 101|0x0000000086500000, 0x0000000086500000, 0x0000000086600000|  0%| F|  |TAMS 0x0000000086500000, 0x0000000086500000| Untracked 
| 102|0x0000000086600000, 0x0000000086600000, 0x0000000086700000|  0%| F|  |TAMS 0x0000000086600000, 0x0000000086600000| Untracked 
| 103|0x0000000086700000, 0x0000000086700000, 0x0000000086800000|  0%| F|  |TAMS 0x0000000086700000, 0x0000000086700000| Untracked 
| 104|0x0000000086800000, 0x0000000086800000, 0x0000000086900000|  0%| F|  |TAMS 0x0000000086800000, 0x0000000086800000| Untracked 
| 105|0x0000000086900000, 0x0000000086900000, 0x0000000086a00000|  0%| F|  |TAMS 0x0000000086900000, 0x0000000086900000| Untracked 
| 106|0x0000000086a00000, 0x0000000086a00000, 0x0000000086b00000|  0%| F|  |TAMS 0x0000000086a00000, 0x0000000086a00000| Untracked 
| 107|0x0000000086b00000, 0x0000000086b00000, 0x0000000086c00000|  0%| F|  |TAMS 0x0000000086b00000, 0x0000000086b00000| Untracked 
| 108|0x0000000086c00000, 0x0000000086c00000, 0x0000000086d00000|  0%| F|  |TAMS 0x0000000086c00000, 0x0000000086c00000| Untracked 
| 109|0x0000000086d00000, 0x0000000086d00000, 0x0000000086e00000|  0%| F|  |TAMS 0x0000000086d00000, 0x0000000086d00000| Untracked 
| 110|0x0000000086e00000, 0x0000000086e00000, 0x0000000086f00000|  0%| F|  |TAMS 0x0000000086e00000, 0x0000000086e00000| Untracked 
| 111|0x0000000086f00000, 0x0000000086f00000, 0x0000000087000000|  0%| F|  |TAMS 0x0000000086f00000, 0x0000000086f00000| Untracked 
| 112|0x0000000087000000, 0x0000000087000000, 0x0000000087100000|  0%| F|  |TAMS 0x0000000087000000, 0x0000000087000000| Untracked 
| 113|0x0000000087100000, 0x0000000087100000, 0x0000000087200000|  0%| F|  |TAMS 0x0000000087100000, 0x0000000087100000| Untracked 
| 114|0x0000000087200000, 0x0000000087200000, 0x0000000087300000|  0%| F|  |TAMS 0x0000000087200000, 0x0000000087200000| Untracked 
| 115|0x0000000087300000, 0x0000000087300000, 0x0000000087400000|  0%| F|  |TAMS 0x0000000087300000, 0x0000000087300000| Untracked 
| 116|0x0000000087400000, 0x0000000087400000, 0x0000000087500000|  0%| F|  |TAMS 0x0000000087400000, 0x0000000087400000| Untracked 
| 117|0x0000000087500000, 0x0000000087500000, 0x0000000087600000|  0%| F|  |TAMS 0x0000000087500000, 0x0000000087500000| Untracked 
| 118|0x0000000087600000, 0x0000000087600000, 0x0000000087700000|  0%| F|  |TAMS 0x0000000087600000, 0x0000000087600000| Untracked 
| 119|0x0000000087700000, 0x0000000087700000, 0x0000000087800000|  0%| F|  |TAMS 0x0000000087700000, 0x0000000087700000| Untracked 
| 120|0x0000000087800000, 0x0000000087800000, 0x0000000087900000|  0%| F|  |TAMS 0x0000000087800000, 0x0000000087800000| Untracked 
| 121|0x0000000087900000, 0x0000000087900000, 0x0000000087a00000|  0%| F|  |TAMS 0x0000000087900000, 0x0000000087900000| Untracked 
| 122|0x0000000087a00000, 0x0000000087a00000, 0x0000000087b00000|  0%| F|  |TAMS 0x0000000087a00000, 0x0000000087a00000| Untracked 
| 123|0x0000000087b00000, 0x0000000087b00000, 0x0000000087c00000|  0%| F|  |TAMS 0x0000000087b00000, 0x0000000087b00000| Untracked 
| 124|0x0000000087c00000, 0x0000000087c00000, 0x0000000087d00000|  0%| F|  |TAMS 0x0000000087c00000, 0x0000000087c00000| Untracked 
| 125|0x0000000087d00000, 0x0000000087d00000, 0x0000000087e00000|  0%| F|  |TAMS 0x0000000087d00000, 0x0000000087d00000| Untracked 
| 126|0x0000000087e00000, 0x0000000087e00000, 0x0000000087f00000|  0%| F|  |TAMS 0x0000000087e00000, 0x0000000087e00000| Untracked 
| 127|0x0000000087f00000, 0x0000000087f00000, 0x0000000088000000|  0%| F|  |TAMS 0x0000000087f00000, 0x0000000087f00000| Untracked 
| 128|0x0000000088000000, 0x0000000088000000, 0x0000000088100000|  0%| F|  |TAMS 0x0000000088000000, 0x0000000088000000| Untracked 
| 129|0x0000000088100000, 0x0000000088100000, 0x0000000088200000|  0%| F|  |TAMS 0x0000000088100000, 0x0000000088100000| Untracked 
| 130|0x0000000088200000, 0x0000000088200000, 0x0000000088300000|  0%| F|  |TAMS 0x0000000088200000, 0x0000000088200000| Untracked 
| 131|0x0000000088300000, 0x0000000088300000, 0x0000000088400000|  0%| F|  |TAMS 0x0000000088300000, 0x0000000088300000| Untracked 
| 132|0x0000000088400000, 0x0000000088400000, 0x0000000088500000|  0%| F|  |TAMS 0x0000000088400000, 0x0000000088400000| Untracked 
| 133|0x0000000088500000, 0x0000000088500000, 0x0000000088600000|  0%| F|  |TAMS 0x0000000088500000, 0x0000000088500000| Untracked 
| 134|0x0000000088600000, 0x0000000088600000, 0x0000000088700000|  0%| F|  |TAMS 0x0000000088600000, 0x0000000088600000| Untracked 
| 135|0x0000000088700000, 0x0000000088700000, 0x0000000088800000|  0%| F|  |TAMS 0x0000000088700000, 0x0000000088700000| Untracked 
| 136|0x0000000088800000, 0x0000000088800000, 0x0000000088900000|  0%| F|  |TAMS 0x0000000088800000, 0x0000000088800000| Untracked 
| 137|0x0000000088900000, 0x0000000088900000, 0x0000000088a00000|  0%| F|  |TAMS 0x0000000088900000, 0x0000000088900000| Untracked 
| 138|0x0000000088a00000, 0x0000000088a00000, 0x0000000088b00000|  0%| F|  |TAMS 0x0000000088a00000, 0x0000000088a00000| Untracked 
| 139|0x0000000088b00000, 0x0000000088b00000, 0x0000000088c00000|  0%| F|  |TAMS 0x0000000088b00000, 0x0000000088b00000| Untracked 
| 140|0x0000000088c00000, 0x0000000088d00000, 0x0000000088d00000|100%| S|CS|TAMS 0x0000000088c00000, 0x0000000088c00000| Complete 
| 141|0x0000000088d00000, 0x0000000088e00000, 0x0000000088e00000|100%| S|CS|TAMS 0x0000000088d00000, 0x0000000088d00000| Complete 
| 142|0x0000000088e00000, 0x0000000088f00000, 0x0000000088f00000|100%| S|CS|TAMS 0x0000000088e00000, 0x0000000088e00000| Complete 
| 143|0x0000000088f00000, 0x0000000088f00000, 0x0000000089000000|  0%| F|  |TAMS 0x0000000088f00000, 0x0000000088f00000| Untracked 
| 144|0x0000000089000000, 0x0000000089000000, 0x0000000089100000|  0%| F|  |TAMS 0x0000000089000000, 0x0000000089000000| Untracked 
| 145|0x0000000089100000, 0x0000000089100000, 0x0000000089200000|  0%| F|  |TAMS 0x0000000089100000, 0x0000000089100000| Untracked 
| 146|0x0000000089200000, 0x0000000089200000, 0x0000000089300000|  0%| F|  |TAMS 0x0000000089200000, 0x0000000089200000| Untracked 
| 147|0x0000000089300000, 0x0000000089300000, 0x0000000089400000|  0%| F|  |TAMS 0x0000000089300000, 0x0000000089300000| Untracked 
| 148|0x0000000089400000, 0x0000000089400000, 0x0000000089500000|  0%| F|  |TAMS 0x0000000089400000, 0x0000000089400000| Untracked 
| 149|0x0000000089500000, 0x0000000089500000, 0x0000000089600000|  0%| F|  |TAMS 0x0000000089500000, 0x0000000089500000| Untracked 
| 150|0x0000000089600000, 0x0000000089600000, 0x0000000089700000|  0%| F|  |TAMS 0x0000000089600000, 0x0000000089600000| Untracked 
| 151|0x0000000089700000, 0x0000000089700000, 0x0000000089800000|  0%| F|  |TAMS 0x0000000089700000, 0x0000000089700000| Untracked 
| 152|0x0000000089800000, 0x0000000089800000, 0x0000000089900000|  0%| F|  |TAMS 0x0000000089800000, 0x0000000089800000| Untracked 
| 153|0x0000000089900000, 0x0000000089900000, 0x0000000089a00000|  0%| F|  |TAMS 0x0000000089900000, 0x0000000089900000| Untracked 
| 154|0x0000000089a00000, 0x0000000089a00000, 0x0000000089b00000|  0%| F|  |TAMS 0x0000000089a00000, 0x0000000089a00000| Untracked 
| 155|0x0000000089b00000, 0x0000000089b00000, 0x0000000089c00000|  0%| F|  |TAMS 0x0000000089b00000, 0x0000000089b00000| Untracked 
| 156|0x0000000089c00000, 0x0000000089cd1e98, 0x0000000089d00000| 81%| E|  |TAMS 0x0000000089c00000, 0x0000000089c00000| Complete 
| 157|0x0000000089d00000, 0x0000000089e00000, 0x0000000089e00000|100%| E|CS|TAMS 0x0000000089d00000, 0x0000000089d00000| Complete 
| 158|0x0000000089e00000, 0x0000000089f00000, 0x0000000089f00000|100%| E|CS|TAMS 0x0000000089e00000, 0x0000000089e00000| Complete 
| 159|0x0000000089f00000, 0x000000008a000000, 0x000000008a000000|100%| E|CS|TAMS 0x0000000089f00000, 0x0000000089f00000| Complete 
| 160|0x000000008a000000, 0x000000008a100000, 0x000000008a100000|100%| E|CS|TAMS 0x000000008a000000, 0x000000008a000000| Complete 
| 161|0x000000008a100000, 0x000000008a200000, 0x000000008a200000|100%| E|CS|TAMS 0x000000008a100000, 0x000000008a100000| Complete 
| 162|0x000000008a200000, 0x000000008a300000, 0x000000008a300000|100%| E|CS|TAMS 0x000000008a200000, 0x000000008a200000| Complete 
| 163|0x000000008a300000, 0x000000008a400000, 0x000000008a400000|100%| E|CS|TAMS 0x000000008a300000, 0x000000008a300000| Complete 
| 164|0x000000008a400000, 0x000000008a500000, 0x000000008a500000|100%| E|CS|TAMS 0x000000008a400000, 0x000000008a400000| Complete 
| 165|0x000000008a500000, 0x000000008a600000, 0x000000008a600000|100%| E|CS|TAMS 0x000000008a500000, 0x000000008a500000| Complete 
| 166|0x000000008a600000, 0x000000008a700000, 0x000000008a700000|100%| E|CS|TAMS 0x000000008a600000, 0x000000008a600000| Complete 
| 167|0x000000008a700000, 0x000000008a800000, 0x000000008a800000|100%| E|CS|TAMS 0x000000008a700000, 0x000000008a700000| Complete 
| 168|0x000000008a800000, 0x000000008a900000, 0x000000008a900000|100%| E|CS|TAMS 0x000000008a800000, 0x000000008a800000| Complete 
| 169|0x000000008a900000, 0x000000008aa00000, 0x000000008aa00000|100%| E|CS|TAMS 0x000000008a900000, 0x000000008a900000| Complete 
| 170|0x000000008aa00000, 0x000000008ab00000, 0x000000008ab00000|100%| E|CS|TAMS 0x000000008aa00000, 0x000000008aa00000| Complete 
| 171|0x000000008ab00000, 0x000000008ac00000, 0x000000008ac00000|100%| E|CS|TAMS 0x000000008ab00000, 0x000000008ab00000| Complete 
| 172|0x000000008ac00000, 0x000000008ad00000, 0x000000008ad00000|100%| E|CS|TAMS 0x000000008ac00000, 0x000000008ac00000| Complete 
| 173|0x000000008ad00000, 0x000000008ae00000, 0x000000008ae00000|100%| E|CS|TAMS 0x000000008ad00000, 0x000000008ad00000| Complete 
| 174|0x000000008ae00000, 0x000000008af00000, 0x000000008af00000|100%| E|CS|TAMS 0x000000008ae00000, 0x000000008ae00000| Complete 
| 175|0x000000008af00000, 0x000000008b000000, 0x000000008b000000|100%| E|CS|TAMS 0x000000008af00000, 0x000000008af00000| Complete 
| 176|0x000000008b000000, 0x000000008b100000, 0x000000008b100000|100%| E|CS|TAMS 0x000000008b000000, 0x000000008b000000| Complete 
| 177|0x000000008b100000, 0x000000008b200000, 0x000000008b200000|100%| E|CS|TAMS 0x000000008b100000, 0x000000008b100000| Complete 
| 178|0x000000008b200000, 0x000000008b300000, 0x000000008b300000|100%| E|CS|TAMS 0x000000008b200000, 0x000000008b200000| Complete 
| 179|0x000000008b300000, 0x000000008b400000, 0x000000008b400000|100%| E|CS|TAMS 0x000000008b300000, 0x000000008b300000| Complete 
| 180|0x000000008b400000, 0x000000008b500000, 0x000000008b500000|100%| E|CS|TAMS 0x000000008b400000, 0x000000008b400000| Complete 
| 181|0x000000008b500000, 0x000000008b600000, 0x000000008b600000|100%| E|CS|TAMS 0x000000008b500000, 0x000000008b500000| Complete 
| 182|0x000000008b600000, 0x000000008b700000, 0x000000008b700000|100%| E|CS|TAMS 0x000000008b600000, 0x000000008b600000| Complete 
| 183|0x000000008b700000, 0x000000008b800000, 0x000000008b800000|100%| E|CS|TAMS 0x000000008b700000, 0x000000008b700000| Complete 
| 184|0x000000008b800000, 0x000000008b900000, 0x000000008b900000|100%| E|CS|TAMS 0x000000008b800000, 0x000000008b800000| Complete 
| 185|0x000000008b900000, 0x000000008ba00000, 0x000000008ba00000|100%| E|CS|TAMS 0x000000008b900000, 0x000000008b900000| Complete 
| 186|0x000000008ba00000, 0x000000008bb00000, 0x000000008bb00000|100%| E|CS|TAMS 0x000000008ba00000, 0x000000008ba00000| Complete 
| 187|0x000000008bb00000, 0x000000008bc00000, 0x000000008bc00000|100%| E|CS|TAMS 0x000000008bb00000, 0x000000008bb00000| Complete 
| 188|0x000000008bc00000, 0x000000008bd00000, 0x000000008bd00000|100%| E|CS|TAMS 0x000000008bc00000, 0x000000008bc00000| Complete 
| 189|0x000000008bd00000, 0x000000008be00000, 0x000000008be00000|100%| E|CS|TAMS 0x000000008bd00000, 0x000000008bd00000| Complete 
| 190|0x000000008be00000, 0x000000008bf00000, 0x000000008bf00000|100%| E|CS|TAMS 0x000000008be00000, 0x000000008be00000| Complete 
| 191|0x000000008bf00000, 0x000000008c000000, 0x000000008c000000|100%| E|CS|TAMS 0x000000008bf00000, 0x000000008bf00000| Complete 

Card table byte_map: [0x000001665e790000,0x000001665eb90000] _byte_map_base: 0x000001665e390000

Marking Bits (Prev, Next): (CMBitMap*) 0x000001664b8daed8, (CMBitMap*) 0x000001664b8daf10
 Prev Bits: [0x000001665ef90000, 0x0000016660f90000)
 Next Bits: [0x0000016660f90000, 0x0000016662f90000)

Polling page: 0x0000016649860000

Metaspace:

Usage:
  Non-class:     85.09 MB capacity,    83.70 MB ( 98%) used,     1.14 MB (  1%) free+waste,   258.63 KB ( <1%) overhead. 
      Class:     12.94 MB capacity,    12.15 MB ( 94%) used,   690.98 KB (  5%) free+waste,   113.56 KB ( <1%) overhead. 
       Both:     98.03 MB capacity,    95.86 MB ( 98%) used,     1.81 MB (  2%) free+waste,   372.19 KB ( <1%) overhead. 

Virtual space:
  Non-class space:       86.00 MB reserved,      85.12 MB ( 99%) committed 
      Class space:        1.00 GB reserved,      13.00 MB (  1%) committed 
             Both:        1.08 GB reserved,      98.12 MB (  9%) committed 

Chunk freelists:
   Non-Class:  31.00 KB
       Class:  0 bytes
        Both:  31.00 KB

MaxMetaspaceSize: 17179869184.00 GB
CompressedClassSpaceSize: 1.00 GB

CodeHeap 'non-profiled nmethods': size=120064Kb used=8290Kb max_used=8290Kb free=111773Kb
 bounds [0x0000016656e50000, 0x0000016657670000, 0x000001665e390000]
CodeHeap 'profiled nmethods': size=120000Kb used=28520Kb max_used=28520Kb free=91479Kb
 bounds [0x000001664f920000, 0x0000016651500000, 0x0000016656e50000]
CodeHeap 'non-nmethods': size=5696Kb used=2312Kb max_used=2364Kb free=3383Kb
 bounds [0x000001664f390000, 0x000001664f600000, 0x000001664f920000]
 total_blobs=13813 nmethods=12885 adapters=839
 compilation: enabled
              stopped_count=0, restarted_count=0
 full_count=0

Compilation events (20 events):
Event: 70.655 Thread 0x00000166654bb000 12959   !   3       jdk.internal.reflect.GeneratedMethodAccessor7::invoke (66 bytes)
Event: 70.656 Thread 0x00000166654bb000 nmethod 12959 0x00000166514f0190 code [0x00000166514f0440, 0x00000166514f10c8]
Event: 70.656 Thread 0x00000166654bb000 12960       3       org.gradle.api.DefaultTask::getOutputs (5 bytes)
Event: 70.656 Thread 0x00000166654bb000 nmethod 12960 0x00000166514f1710 code [0x00000166514f18c0, 0x00000166514f19d8]
Event: 70.658 Thread 0x00000166654b8800 nmethod 12935 0x0000016657661610 code [0x0000016657661840, 0x0000016657662330]
Event: 70.658 Thread 0x00000166654b8800 12943       4       org.gradle.internal.snapshot.DirectorySnapshot::lambda$accept$2 (10 bytes)
Event: 70.680 Thread 0x00000166654b8800 nmethod 12943 0x0000016657662b10 code [0x0000016657662d40, 0x00000166576636b0]
Event: 70.680 Thread 0x00000166654b8800 12919       4       java.util.Spliterators$IteratorSpliterator::<init> (39 bytes)
Event: 70.683 Thread 0x00000166654b8800 nmethod 12919 0x0000016657663e10 code [0x0000016657663fa0, 0x0000016657664138]
Event: 70.683 Thread 0x00000166654b8800 12900       4       org.gradle.internal.hash.Hashing$MessageDigestHashFunction::newPrimitiveHasher (14 bytes)
Event: 70.685 Thread 0x00000166654bb000 12961       3       java.io.FileInputStream::read (8 bytes)
Event: 70.685 Thread 0x00000166654bb000 nmethod 12961 0x00000166514f1a90 code [0x00000166514f1c40, 0x00000166514f1d68]
Event: 70.692 Thread 0x00000166654b8800 nmethod 12900 0x0000016657664210 code [0x00000166576643e0, 0x0000016657664888]
Event: 70.719 Thread 0x00000166654bb000 12962       3       org.jetbrains.kotlin.cli.common.arguments.Freezable$FreezableVar::<init> (21 bytes)
Event: 70.720 Thread 0x00000166654b8800 12963       4       java.util.HashSet::clear (8 bytes)
Event: 70.720 Thread 0x00000166654bb000 nmethod 12962 0x00000166514f1e10 code [0x00000166514f2040, 0x00000166514f26f8]
Event: 70.736 Thread 0x00000166654b8800 nmethod 12963 0x0000016657664b10 code [0x0000016657664cc0, 0x0000016657665278]
Event: 70.757 Thread 0x00000166654bb000 12964       3       org.gradle.api.specs.CompositeSpec::uncheckedCast (2 bytes)
Event: 70.758 Thread 0x00000166654bb000 nmethod 12964 0x00000166514f2990 code [0x00000166514f2b40, 0x00000166514f2c18]
Event: 70.759 Thread 0x00000166654bb000 12965       1       org.gradle.api.internal.file.DefaultFileTreeElement::getRelativePath (5 bytes)

GC Heap History (20 events):
Event: 54.121 GC heap before
{Heap before GC invocations=16 (full 0):
 garbage-first heap   total 196608K, used 146715K [0x0000000080000000, 0x0000000100000000)
  region size 1024K, 84 young (86016K), 6 survivors (6144K)
 Metaspace       used 82535K, capacity 84659K, committed 84860K, reserved 1122304K
  class space    used 10690K, capacity 11459K, committed 11520K, reserved 1048576K
}
Event: 54.139 GC heap after
{Heap after GC invocations=17 (full 0):
 garbage-first heap   total 196608K, used 73126K [0x0000000080000000, 0x0000000100000000)
  region size 1024K, 11 young (11264K), 11 survivors (11264K)
 Metaspace       used 82535K, capacity 84659K, committed 84860K, reserved 1122304K
  class space    used 10690K, capacity 11459K, committed 11520K, reserved 1048576K
}
Event: 56.420 GC heap before
{Heap before GC invocations=17 (full 0):
 garbage-first heap   total 196608K, used 151974K [0x0000000080000000, 0x0000000100000000)
  region size 1024K, 87 young (89088K), 11 survivors (11264K)
 Metaspace       used 86903K, capacity 88977K, committed 89212K, reserved 1126400K
  class space    used 11174K, capacity 11954K, committed 12032K, reserved 1048576K
}
Event: 56.452 GC heap after
{Heap after GC invocations=18 (full 0):
 garbage-first heap   total 196608K, used 89018K [0x0000000080000000, 0x0000000100000000)
  region size 1024K, 11 young (11264K), 11 survivors (11264K)
 Metaspace       used 86903K, capacity 88977K, committed 89212K, reserved 1126400K
  class space    used 11174K, capacity 11954K, committed 12032K, reserved 1048576K
}
Event: 57.056 GC heap before
{Heap before GC invocations=18 (full 0):
 garbage-first heap   total 196608K, used 106426K [0x0000000080000000, 0x0000000100000000)
  region size 1024K, 20 young (20480K), 11 survivors (11264K)
 Metaspace       used 86971K, capacity 89041K, committed 89212K, reserved 1126400K
  class space    used 11175K, capacity 11954K, committed 12032K, reserved 1048576K
}
Event: 57.082 GC heap after
{Heap after GC invocations=19 (full 0):
 garbage-first heap   total 196608K, used 100352K [0x0000000080000000, 0x0000000100000000)
  region size 1024K, 7 young (7168K), 7 survivors (7168K)
 Metaspace       used 86971K, capacity 89041K, committed 89212K, reserved 1126400K
  class space    used 11175K, capacity 11954K, committed 12032K, reserved 1048576K
}
Event: 58.174 GC heap before
{Heap before GC invocations=20 (full 0):
 garbage-first heap   total 196608K, used 139264K [0x0000000080000000, 0x0000000100000000)
  region size 1024K, 39 young (39936K), 7 survivors (7168K)
 Metaspace       used 88978K, capacity 91137K, committed 91388K, reserved 1128448K
  class space    used 11367K, capacity 12146K, committed 12160K, reserved 1048576K
}
Event: 58.186 GC heap after
{Heap after GC invocations=21 (full 0):
 garbage-first heap   total 196608K, used 94473K [0x0000000080000000, 0x0000000100000000)
  region size 1024K, 3 young (3072K), 3 survivors (3072K)
 Metaspace       used 88978K, capacity 91137K, committed 91388K, reserved 1128448K
  class space    used 11367K, capacity 12146K, committed 12160K, reserved 1048576K
}
Event: 59.401 GC heap before
{Heap before GC invocations=22 (full 0):
 garbage-first heap   total 196608K, used 128777K [0x0000000080000000, 0x0000000100000000)
  region size 1024K, 43 young (44032K), 3 survivors (3072K)
 Metaspace       used 90295K, capacity 92387K, committed 92668K, reserved 1130496K
  class space    used 11513K, capacity 12294K, committed 12416K, reserved 1048576K
}
Event: 59.411 GC heap after
{Heap after GC invocations=23 (full 0):
 garbage-first heap   total 196608K, used 89240K [0x0000000080000000, 0x0000000100000000)
  region size 1024K, 5 young (5120K), 5 survivors (5120K)
 Metaspace       used 90295K, capacity 92387K, committed 92668K, reserved 1130496K
  class space    used 11513K, capacity 12294K, committed 12416K, reserved 1048576K
}
Event: 59.495 GC heap before
{Heap before GC invocations=23 (full 0):
 garbage-first heap   total 196608K, used 93336K [0x0000000080000000, 0x0000000100000000)
  region size 1024K, 9 young (9216K), 5 survivors (5120K)
 Metaspace       used 90533K, capacity 92697K, committed 92924K, reserved 1130496K
  class space    used 11533K, capacity 12340K, committed 12416K, reserved 1048576K
}
Event: 59.502 GC heap after
{Heap after GC invocations=24 (full 0):
 garbage-first heap   total 196608K, used 87785K [0x0000000080000000, 0x0000000100000000)
  region size 1024K, 1 young (1024K), 1 survivors (1024K)
 Metaspace       used 90533K, capacity 92697K, committed 92924K, reserved 1130496K
  class space    used 11533K, capacity 12340K, committed 12416K, reserved 1048576K
}
Event: 60.882 GC heap before
{Heap before GC invocations=24 (full 0):
 garbage-first heap   total 196608K, used 135913K [0x0000000080000000, 0x0000000100000000)
  region size 1024K, 49 young (50176K), 1 survivors (1024K)
 Metaspace       used 91927K, capacity 94047K, committed 94076K, reserved 1130496K
  class space    used 11727K, capacity 12532K, committed 12544K, reserved 1048576K
}
Event: 60.888 GC heap after
{Heap after GC invocations=25 (full 0):
 garbage-first heap   total 196608K, used 89252K [0x0000000080000000, 0x0000000100000000)
  region size 1024K, 3 young (3072K), 3 survivors (3072K)
 Metaspace       used 91927K, capacity 94047K, committed 94076K, reserved 1130496K
  class space    used 11727K, capacity 12532K, committed 12544K, reserved 1048576K
}
Event: 62.056 GC heap before
{Heap before GC invocations=25 (full 0):
 garbage-first heap   total 196608K, used 140452K [0x0000000080000000, 0x0000000100000000)
  region size 1024K, 54 young (55296K), 3 survivors (3072K)
 Metaspace       used 93401K, capacity 95630K, committed 95868K, reserved 1132544K
  class space    used 11906K, capacity 12695K, committed 12800K, reserved 1048576K
}
Event: 62.064 GC heap after
{Heap after GC invocations=26 (full 0):
 garbage-first heap   total 196608K, used 91127K [0x0000000080000000, 0x0000000100000000)
  region size 1024K, 4 young (4096K), 4 survivors (4096K)
 Metaspace       used 93401K, capacity 95630K, committed 95868K, reserved 1132544K
  class space    used 11906K, capacity 12695K, committed 12800K, reserved 1048576K
}
Event: 68.501 GC heap before
{Heap before GC invocations=26 (full 0):
 garbage-first heap   total 196608K, used 145399K [0x0000000080000000, 0x0000000100000000)
  region size 1024K, 58 young (59392K), 4 survivors (4096K)
 Metaspace       used 95074K, capacity 97327K, committed 97532K, reserved 1134592K
  class space    used 12080K, capacity 12877K, committed 12928K, reserved 1048576K
}
Event: 68.527 GC heap after
{Heap after GC invocations=27 (full 0):
 garbage-first heap   total 196608K, used 99387K [0x0000000080000000, 0x0000000100000000)
  region size 1024K, 8 young (8192K), 8 survivors (8192K)
 Metaspace       used 95074K, capacity 97327K, committed 97532K, reserved 1134592K
  class space    used 12080K, capacity 12877K, committed 12928K, reserved 1048576K
}
Event: 69.554 GC heap before
{Heap before GC invocations=27 (full 0):
 garbage-first heap   total 196608K, used 148539K [0x0000000080000000, 0x0000000100000000)
  region size 1024K, 57 young (58368K), 8 survivors (8192K)
 Metaspace       used 96373K, capacity 98553K, committed 98684K, reserved 1134592K
  class space    used 12217K, capacity 13008K, committed 13056K, reserved 1048576K
}
Event: 69.581 GC heap after
{Heap after GC invocations=28 (full 0):
 garbage-first heap   total 196608K, used 102689K [0x0000000080000000, 0x0000000100000000)
  region size 1024K, 3 young (3072K), 3 survivors (3072K)
 Metaspace       used 96373K, capacity 98553K, committed 98684K, reserved 1134592K
  class space    used 12217K, capacity 13008K, committed 13056K, reserved 1048576K
}

Deoptimization events (20 events):
Event: 70.626 Thread 0x000001666800e000 Uncommon trap: trap_request=0xffffffc6 fr.pc=0x000001665755c69c relative=0x0000000000000ddc
Event: 70.626 Thread 0x000001666800e000 Uncommon trap: reason=bimorphic_or_optimized_type_check action=maybe_recompile pc=0x000001665755c69c method=org.gradle.internal.snapshot.FileSystemLeafSnapshot.accept(Lorg/gradle/internal/snapshot/RelativePathTracker;Lorg/gradle/internal/snapshot/Relative
Event: 70.626 Thread 0x000001666800e000 DEOPT PACKING pc=0x000001665755c69c sp=0x0000000c02af8200
Event: 70.626 Thread 0x000001666800e000 DEOPT UNPACKING pc=0x000001664f3b78af sp=0x0000000c02af81c8 mode 2
Event: 70.631 Thread 0x000001666800e000 Uncommon trap: trap_request=0xffffffde fr.pc=0x000001665755a288 relative=0x0000000000000c08
Event: 70.631 Thread 0x000001666800e000 Uncommon trap: reason=class_check action=maybe_recompile pc=0x000001665755a288 method=org.gradle.internal.fingerprint.DirectorySensitivity.shouldFingerprint(Lorg/gradle/internal/snapshot/FileSystemLocationSnapshot;)Z @ 5 c2
Event: 70.631 Thread 0x000001666800e000 DEOPT PACKING pc=0x000001665755a288 sp=0x0000000c02af9420
Event: 70.631 Thread 0x000001666800e000 DEOPT UNPACKING pc=0x000001664f3b78af sp=0x0000000c02af9378 mode 2
Event: 70.631 Thread 0x000001666800e000 Uncommon trap: trap_request=0xffffffde fr.pc=0x000001665755a288 relative=0x0000000000000c08
Event: 70.631 Thread 0x000001666800e000 Uncommon trap: reason=class_check action=maybe_recompile pc=0x000001665755a288 method=org.gradle.internal.fingerprint.DirectorySensitivity.shouldFingerprint(Lorg/gradle/internal/snapshot/FileSystemLocationSnapshot;)Z @ 5 c2
Event: 70.631 Thread 0x000001666800e000 DEOPT PACKING pc=0x000001665755a288 sp=0x0000000c02af9220
Event: 70.631 Thread 0x000001666800e000 DEOPT UNPACKING pc=0x000001664f3b78af sp=0x0000000c02af9178 mode 2
Event: 70.631 Thread 0x000001666800e000 Uncommon trap: trap_request=0xffffffde fr.pc=0x000001665755a288 relative=0x0000000000000c08
Event: 70.631 Thread 0x000001666800e000 Uncommon trap: reason=class_check action=maybe_recompile pc=0x000001665755a288 method=org.gradle.internal.fingerprint.DirectorySensitivity.shouldFingerprint(Lorg/gradle/internal/snapshot/FileSystemLocationSnapshot;)Z @ 5 c2
Event: 70.631 Thread 0x000001666800e000 DEOPT PACKING pc=0x000001665755a288 sp=0x0000000c02af9020
Event: 70.631 Thread 0x000001666800e000 DEOPT UNPACKING pc=0x000001664f3b78af sp=0x0000000c02af8f78 mode 2
Event: 70.631 Thread 0x000001666800e000 Uncommon trap: trap_request=0xffffffde fr.pc=0x000001665755a288 relative=0x0000000000000c08
Event: 70.631 Thread 0x000001666800e000 Uncommon trap: reason=class_check action=maybe_recompile pc=0x000001665755a288 method=org.gradle.internal.fingerprint.DirectorySensitivity.shouldFingerprint(Lorg/gradle/internal/snapshot/FileSystemLocationSnapshot;)Z @ 5 c2
Event: 70.631 Thread 0x000001666800e000 DEOPT PACKING pc=0x000001665755a288 sp=0x0000000c02af8e20
Event: 70.631 Thread 0x000001666800e000 DEOPT UNPACKING pc=0x000001664f3b78af sp=0x0000000c02af8d78 mode 2

Classes redefined (0 events):
No events

Internal exceptions (20 events):
Event: 59.418 Thread 0x000001666800e000 Exception <a 'java/lang/NoSuchMethodError'{0x000000008bf5b558}: <clinit>> (0x000000008bf5b558) thrown at [./src/hotspot/share/prims/jni.cpp, line 1362]
Event: 59.419 Thread 0x000001666800e000 Exception <a 'java/lang/NoSuchMethodError'{0x000000008bf5e4b0}: <clinit>> (0x000000008bf5e4b0) thrown at [./src/hotspot/share/prims/jni.cpp, line 1362]
Event: 59.422 Thread 0x000001666800e000 Exception <a 'java/lang/NoSuchMethodError'{0x000000008bf83940}: <clinit>> (0x000000008bf83940) thrown at [./src/hotspot/share/prims/jni.cpp, line 1362]
Event: 59.422 Thread 0x000001666800e000 Exception <a 'java/lang/NoSuchMethodError'{0x000000008bf85898}: <clinit>> (0x000000008bf85898) thrown at [./src/hotspot/share/prims/jni.cpp, line 1362]
Event: 59.454 Thread 0x000001666800e000 Exception <a 'java/lang/NoSuchMethodError'{0x000000008bd05888}: <clinit>> (0x000000008bd05888) thrown at [./src/hotspot/share/prims/jni.cpp, line 1362]
Event: 59.458 Thread 0x000001666800e000 Exception <a 'java/lang/NoSuchMethodError'{0x000000008bd47400}: <clinit>> (0x000000008bd47400) thrown at [./src/hotspot/share/prims/jni.cpp, line 1362]
Event: 59.460 Thread 0x000001666800e000 Exception <a 'java/lang/NoSuchMethodError'{0x000000008bd60ec8}: <clinit>> (0x000000008bd60ec8) thrown at [./src/hotspot/share/prims/jni.cpp, line 1362]
Event: 59.633 Thread 0x0000016668342800 Implicit null exception at 0x0000016657512352 to 0x0000016657512758
Event: 62.931 Thread 0x00000166685f9800 Exception <a 'java/lang/NoSuchMethodError'{0x000000008a414a60}: 'void java.lang.invoke.DirectMethodHandle$Holder.invokeStatic(java.lang.Object, long)'> (0x000000008a414a60) thrown at [./src/hotspot/share/interpreter/linkResolver.cpp, line 773]
Event: 62.932 Thread 0x00000166685f9800 Exception <a 'java/lang/NoSuchMethodError'{0x000000008a419c78}: 'java.lang.Object java.lang.invoke.DirectMethodHandle$Holder.invokeStatic(java.lang.Object, long)'> (0x000000008a419c78) thrown at [./src/hotspot/share/interpreter/linkResolver.cpp, line 773]
Event: 62.932 Thread 0x00000166685f9800 Exception <a 'java/lang/NoSuchMethodError'{0x000000008a41fff8}: 'java.lang.Object java.lang.invoke.Invokers$Holder.linkToTargetMethod(long, java.lang.Object)'> (0x000000008a41fff8) thrown at [./src/hotspot/share/interpreter/linkResolver.cpp, line 773]
Event: 62.934 Thread 0x00000166685f9800 Exception <a 'java/lang/NoSuchMethodError'{0x000000008a4285e0}: 'java.lang.Object java.lang.invoke.DirectMethodHandle$Holder.invokeStaticInit(java.lang.Object, java.lang.Object, long, java.lang.Object)'> (0x000000008a4285e0) thrown at [./src/hotspot/share/interpreter/linkResolver.cpp, line 773]
Event: 62.935 Thread 0x00000166685f9800 Exception <a 'java/lang/NoSuchMethodError'{0x000000008a42e778}: 'java.lang.Object java.lang.invoke.DirectMethodHandle$Holder.invokeStatic(java.lang.Object, java.lang.Object, long)'> (0x000000008a42e778) thrown at [./src/hotspot/share/interpreter/linkResolver.cpp, line 773]
Event: 62.935 Thread 0x00000166685f9800 Exception <a 'java/lang/NoSuchMethodError'{0x000000008a434cf0}: 'java.lang.Object java.lang.invoke.Invokers$Holder.linkToTargetMethod(java.lang.Object, long, java.lang.Object)'> (0x000000008a434cf0) thrown at [./src/hotspot/share/interpreter/linkResolver.cpp, line 773]
Event: 63.542 Thread 0x00000166685f9800 Exception <a 'java/lang/NoSuchMethodError'{0x000000008a3b34a8}: 'int java.lang.invoke.DirectMethodHandle$Holder.invokeSpecialIFC(java.lang.Object, java.lang.Object, java.lang.Object)'> (0x000000008a3b34a8) thrown at [./src/hotspot/share/interpreter/linkResolver.cpp, line 773]
Event: 68.583 Thread 0x00000166685f9800 Exception <a 'sun/nio/fs/WindowsException'{0x000000008bab8098}> (0x000000008bab8098) thrown at [./src/hotspot/share/prims/jni.cpp, line 615]
Event: 68.583 Thread 0x00000166685f9800 Exception <a 'sun/nio/fs/WindowsException'{0x000000008bab8180}> (0x000000008bab8180) thrown at [./src/hotspot/share/prims/jni.cpp, line 615]
Event: 70.430 Thread 0x000001666800e000 Implicit null exception at 0x0000016657652333 to 0x0000016657652430
Event: 70.469 Thread 0x000001666800e000 Implicit null exception at 0x0000016656ff432c to 0x0000016656ff436b
Event: 70.559 Thread 0x000001666800e000 Exception <a 'java/lang/NoSuchMethodError'{0x000000008a7e6228}: 'int java.lang.invoke.DirectMethodHandle$Holder.invokeSpecial(java.lang.Object, java.lang.Object, java.lang.Object, java.lang.Object, java.lang.Object)'> (0x000000008a7e6228) thrown at [./src/hotspot/share/interpreter/linkResolver.cpp, line 773]

Events (20 events):
Event: 70.746 loading class org/jetbrains/kotlin/compilerRunner/IncrementalCompilationEnvironment
Event: 70.746 loading class org/jetbrains/kotlin/compilerRunner/IncrementalCompilationEnvironment done
Event: 70.748 loading class org/jetbrains/kotlin/compilerRunner/IncrementalCompilationEnvironment$Companion
Event: 70.748 loading class org/jetbrains/kotlin/compilerRunner/IncrementalCompilationEnvironment$Companion done
Event: 70.748 loading class org/jetbrains/kotlin/daemon/common/MultiModuleICSettings$Companion
Event: 70.748 loading class org/jetbrains/kotlin/daemon/common/MultiModuleICSettings$Companion done
Event: 70.750 loading class org/gradle/api/internal/file/DefaultFilePropertyFactory$PathToFileTransformer
Event: 70.750 loading class org/gradle/api/internal/file/DefaultFilePropertyFactory$PathToFileTransformer done
Event: 70.751 loading class org/jetbrains/kotlin/compilerRunner/GradleCompilerEnvironment
Event: 70.751 loading class org/jetbrains/kotlin/compilerRunner/GradleCompilerEnvironment done
Event: 70.751 loading class org/jetbrains/kotlin/compilerRunner/CompilerEnvironment
Event: 70.751 loading class org/jetbrains/kotlin/compilerRunner/CompilerEnvironment done
Event: 70.752 loading class org/jetbrains/kotlin/config/Services
Event: 70.752 loading class org/jetbrains/kotlin/config/Services done
Event: 70.753 loading class org/jetbrains/kotlin/config/Services$Companion
Event: 70.753 loading class org/jetbrains/kotlin/config/Services$Companion done
Event: 70.753 loading class org/jetbrains/kotlin/config/Services$Builder
Event: 70.753 loading class org/jetbrains/kotlin/config/Services$Builder done
Event: 70.755 loading class org/gradle/api/internal/file/AbstractFileTree$1
Event: 70.755 loading class org/gradle/api/internal/file/AbstractFileTree$1 done


Dynamic libraries:
0x00007ff691120000 - 0x00007ff69112a000 	C:\Program Files\Android\Android Studio\jre\bin\java.exe
0x00007ff9d4390000 - 0x00007ff9d4585000 	C:\WINDOWS\SYSTEM32\ntdll.dll
0x00007ff9d3ed0000 - 0x00007ff9d3f8e000 	C:\WINDOWS\System32\KERNEL32.DLL
0x00007ff9d1b40000 - 0x00007ff9d1e08000 	C:\WINDOWS\System32\KERNELBASE.dll
0x00007ff9d1f70000 - 0x00007ff9d2070000 	C:\WINDOWS\System32\ucrtbase.dll
0x00007ff9992f0000 - 0x00007ff999309000 	C:\Program Files\Android\Android Studio\jre\bin\jli.dll
0x00007ff9d2430000 - 0x00007ff9d25d1000 	C:\WINDOWS\System32\USER32.dll
0x00007ff9d2370000 - 0x00007ff9d2392000 	C:\WINDOWS\System32\win32u.dll
0x00007ff9d2920000 - 0x00007ff9d294b000 	C:\WINDOWS\System32\GDI32.dll
0x00007ff9d2100000 - 0x00007ff9d220d000 	C:\WINDOWS\System32\gdi32full.dll
0x00007ff9b1950000 - 0x00007ff9b1bea000 	C:\WINDOWS\WinSxS\amd64_microsoft.windows.common-controls_6595b64144ccf1df_6.0.19041.1110_none_60b5254171f9507e\COMCTL32.dll
0x00007ff9d1aa0000 - 0x00007ff9d1b3d000 	C:\WINDOWS\System32\msvcp_win.dll
0x00007ff999230000 - 0x00007ff999247000 	C:\Program Files\Android\Android Studio\jre\bin\VCRUNTIME140.dll
0x00007ff9d2980000 - 0x00007ff9d2a1e000 	C:\WINDOWS\System32\msvcrt.dll
0x00007ff9d3c80000 - 0x00007ff9d3cb0000 	C:\WINDOWS\System32\IMM32.DLL
0x00007ff98ca20000 - 0x00007ff98cabd000 	C:\Program Files\Android\Android Studio\jre\bin\msvcp140.dll
0x00007ff975d90000 - 0x00007ff97685f000 	C:\Program Files\Android\Android Studio\jre\bin\server\jvm.dll
0x00007ff9d25f0000 - 0x00007ff9d269c000 	C:\WINDOWS\System32\ADVAPI32.dll
0x00007ff9d26a0000 - 0x00007ff9d273b000 	C:\WINDOWS\System32\sechost.dll
0x00007ff9d3cb0000 - 0x00007ff9d3dda000 	C:\WINDOWS\System32\RPCRT4.dll
0x00007ff9d25e0000 - 0x00007ff9d25e8000 	C:\WINDOWS\System32\PSAPI.DLL
0x00007ff9c6880000 - 0x00007ff9c688a000 	C:\WINDOWS\SYSTEM32\VERSION.dll
0x00007ff9c9920000 - 0x00007ff9c9929000 	C:\WINDOWS\SYSTEM32\WSOCK32.dll
0x00007ff9d3370000 - 0x00007ff9d33db000 	C:\WINDOWS\System32\WS2_32.dll
0x00007ff9b1280000 - 0x00007ff9b12a7000 	C:\WINDOWS\SYSTEM32\WINMM.dll
0x00007ff9cf990000 - 0x00007ff9cf9a2000 	C:\WINDOWS\SYSTEM32\kernel.appcore.dll
0x00007ff9c9900000 - 0x00007ff9c9911000 	C:\Program Files\Android\Android Studio\jre\bin\verify.dll
0x00007ff9cbbe0000 - 0x00007ff9cbdc4000 	C:\WINDOWS\SYSTEM32\DBGHELP.DLL
0x00007ff9c6a30000 - 0x00007ff9c6a5c000 	C:\WINDOWS\SYSTEM32\dbgcore.DLL
0x00007ff9d2070000 - 0x00007ff9d20f2000 	C:\WINDOWS\System32\bcryptPrimitives.dll
0x00007ff9c98d0000 - 0x00007ff9c98f9000 	C:\Program Files\Android\Android Studio\jre\bin\java.dll
0x00007ff9c5de0000 - 0x00007ff9c5deb000 	C:\Program Files\Android\Android Studio\jre\bin\jimage.dll
0x00007ff9985c0000 - 0x00007ff9985d8000 	C:\Program Files\Android\Android Studio\jre\bin\zip.dll
0x00007ff9d2af0000 - 0x00007ff9d3234000 	C:\WINDOWS\System32\SHELL32.dll
0x00007ff9cfb90000 - 0x00007ff9d0324000 	C:\WINDOWS\SYSTEM32\windows.storage.dll
0x00007ff9d3440000 - 0x00007ff9d3795000 	C:\WINDOWS\System32\combase.dll
0x00007ff9d14f0000 - 0x00007ff9d151e000 	C:\WINDOWS\SYSTEM32\Wldp.dll
0x00007ff9d2740000 - 0x00007ff9d27ed000 	C:\WINDOWS\System32\SHCORE.dll
0x00007ff9d37a0000 - 0x00007ff9d37f5000 	C:\WINDOWS\System32\shlwapi.dll
0x00007ff9d19e0000 - 0x00007ff9d19ff000 	C:\WINDOWS\SYSTEM32\profapi.dll
0x00007ff9985a0000 - 0x00007ff9985ba000 	C:\Program Files\Android\Android Studio\jre\bin\net.dll
0x00007ff9c5810000 - 0x00007ff9c591c000 	C:\WINDOWS\SYSTEM32\WINHTTP.dll
0x00007ff9d1250000 - 0x00007ff9d12ba000 	C:\WINDOWS\system32\mswsock.dll
0x00007ff998580000 - 0x00007ff998594000 	C:\Program Files\Android\Android Studio\jre\bin\nio.dll
0x00007ff9c8540000 - 0x00007ff9c8567000 	C:\Users\OMAR\.gradle\native\8bec1ad78214c89d9ad589b4d07fe93259594b29d510b10fafb7a158f7737e5d\windows-amd64\native-platform.dll
0x00007ff998ea0000 - 0x00007ff998fdd000 	C:\Users\OMAR\.gradle\native\53dbd7edfb1c66fb8903c78663c9afc45aea4f116125fa6feffd364cf09443e8\windows-amd64\native-platform-file-events.dll
0x00007ff9bbf10000 - 0x00007ff9bbf1a000 	C:\Program Files\Android\Android Studio\jre\bin\management.dll
0x00007ff9b1640000 - 0x00007ff9b164c000 	C:\Program Files\Android\Android Studio\jre\bin\management_ext.dll
0x00007ff9d1450000 - 0x00007ff9d1468000 	C:\WINDOWS\SYSTEM32\CRYPTSP.dll
0x00007ff9d0b60000 - 0x00007ff9d0b94000 	C:\WINDOWS\system32\rsaenh.dll
0x00007ff9d23a0000 - 0x00007ff9d23c7000 	C:\WINDOWS\System32\bcrypt.dll
0x00007ff9d1960000 - 0x00007ff9d198e000 	C:\WINDOWS\SYSTEM32\USERENV.dll
0x00007ff9d1440000 - 0x00007ff9d144c000 	C:\WINDOWS\SYSTEM32\CRYPTBASE.dll
0x00007ff9d0ef0000 - 0x00007ff9d0f2b000 	C:\WINDOWS\SYSTEM32\IPHLPAPI.DLL
0x00007ff9d2950000 - 0x00007ff9d2958000 	C:\WINDOWS\System32\NSI.dll
0x00007ff9cbae0000 - 0x00007ff9cbaf7000 	C:\WINDOWS\SYSTEM32\dhcpcsvc6.DLL
0x00007ff9cbac0000 - 0x00007ff9cbadd000 	C:\WINDOWS\SYSTEM32\dhcpcsvc.DLL
0x00007ff9d0f40000 - 0x00007ff9d100b000 	C:\WINDOWS\SYSTEM32\DNSAPI.dll

dbghelp: loaded successfully - version: 4.0.5 - missing functions: none
symbol engine: initialized successfully - sym options: 0x614 - pdb path: .;C:\Program Files\Android\Android Studio\jre\bin;C:\WINDOWS\SYSTEM32;C:\WINDOWS\WinSxS\amd64_microsoft.windows.common-controls_6595b64144ccf1df_6.0.19041.1110_none_60b5254171f9507e;C:\Program Files\Android\Android Studio\jre\bin\server;C:\Users\OMAR\.gradle\native\8bec1ad78214c89d9ad589b4d07fe93259594b29d510b10fafb7a158f7737e5d\windows-amd64;C:\Users\OMAR\.gradle\native\53dbd7edfb1c66fb8903c78663c9afc45aea4f116125fa6feffd364cf09443e8\windows-amd64

VM Arguments:
jvm_args: --add-opens=java.base/java.util=ALL-UNNAMED --add-opens=java.base/java.lang=ALL-UNNAMED --add-opens=java.base/java.lang.invoke=ALL-UNNAMED --add-opens=java.base/java.util=ALL-UNNAMED --add-opens=java.prefs/java.util.prefs=ALL-UNNAMED --add-opens=java.prefs/java.util.prefs=ALL-UNNAMED --add-opens=java.base/java.nio.charset=ALL-UNNAMED --add-opens=java.base/java.net=ALL-UNNAMED --add-opens=java.base/java.util.concurrent.atomic=ALL-UNNAMED -Xmx2048m -Dfile.encoding=UTF-8 -Duser.country=US -Duser.language=en -Duser.variant 
java_command: org.gradle.launcher.daemon.bootstrap.GradleDaemon 7.0.2
java_class_path (initial): C:\Users\OMAR\.gradle\wrapper\dists\gradle-7.0.2-bin\857tjihv64xamwrf0h14cai3r\gradle-7.0.2\lib\gradle-launcher-7.0.2.jar
Launcher Type: SUN_STANDARD

[Global flags]
     intx CICompilerCount                          = 3                                         {product} {ergonomic}
     uint ConcGCThreads                            = 1                                         {product} {ergonomic}
     uint G1ConcRefinementThreads                  = 4                                         {product} {ergonomic}
   size_t G1HeapRegionSize                         = 1048576                                   {product} {ergonomic}
    uintx GCDrainStackTargetSize                   = 64                                        {product} {ergonomic}
   size_t InitialHeapSize                          = 201326592                                 {product} {ergonomic}
   size_t MarkStackSize                            = 4194304                                   {product} {ergonomic}
   size_t MaxHeapSize                              = 2147483648                                {product} {command line}
   size_t MaxNewSize                               = 1287651328                                {product} {ergonomic}
   size_t MinHeapDeltaBytes                        = 1048576                                   {product} {ergonomic}
    uintx NonNMethodCodeHeapSize                   = 5830732                                {pd product} {ergonomic}
    uintx NonProfiledCodeHeapSize                  = 122913754                              {pd product} {ergonomic}
    uintx ProfiledCodeHeapSize                     = 122913754                              {pd product} {ergonomic}
    uintx ReservedCodeCacheSize                    = 251658240                              {pd product} {ergonomic}
     bool SegmentedCodeCache                       = true                                      {product} {ergonomic}
     bool UseCompressedClassPointers               = true                                 {lp64_product} {ergonomic}
     bool UseCompressedOops                        = true                                 {lp64_product} {ergonomic}
     bool UseG1GC                                  = true                                      {product} {ergonomic}
     bool UseLargePagesIndividualAllocation        = false                                  {pd product} {ergonomic}

Logging:
Log output configuration:
 #0: stdout all=warning uptime,level,tags
 #1: stderr all=off uptime,level,tags

Environment Variables:
PATH=C:\WINDOWS\system32;C:\WINDOWS;C:\WINDOWS\System32\Wbem;C:\WINDOWS\System32\WindowsPowerShell\v1.0\;C:\WINDOWS\System32\OpenSSH\;C:\Program Files\Git\cmd;C:\Users\OMAR\AppData\Local\Microsoft\WindowsApps;;C:\Users\OMAR\AppData\Local\Programs\Microsoft VS Code\bin
USERNAME=OMAR
OS=Windows_NT
PROCESSOR_IDENTIFIER=Intel64 Family 6 Model 78 Stepping 3, GenuineIntel



---------------  S Y S T E M  ---------------

OS: Windows 10 , 64 bit Build 19041 (10.0.19041.1348)
OS uptime: 0 days 22:53 hours

CPU:total 4 (initial active 4) (2 cores per cpu, 2 threads per core) family 6 model 78 stepping 3 microcode 0xcc, cmov, cx8, fxsr, mmx, sse, sse2, sse3, ssse3, sse4.1, sse4.2, popcnt, avx, avx2, aes, clmul, erms, 3dnowpref, lzcnt, ht, tsc, tscinvbit, bmi1, bmi2, adx, fma

Memory: 4k page, system-wide physical 12184M (462M free)
TotalPageFile size 41896M (AvailPageFile size 0M)
current process WorkingSet (physical memory assigned to process): 453M, peak: 466M
current process commit charge ("private bytes"): 485M, peak: 497M

vm_info: OpenJDK 64-Bit Server VM (11.0.10+0-b96-7249189) for windows-amd64 JRE (11.0.10+0-b96-7249189), built on Mar 31 2021 21:44:00 by "builder" with MS VC++ 14.0 (VS2015)

END.
